In file included from [01m[K/home/zhijie/autoware/src/terasim/abc_terasim/src/01_lane_change.cpp:15[m[K:
[01m[K/home/zhijie/autoware/src/terasim/abc_terasim/include/01_lane_change.hpp:28:11:[m[K [01;31m[Kerror: [m[Kexpected identifier before numeric constant
   28 | namespace [01;31m[K01_lane_change[m[K
      |           [01;31m[K^~~~~~~~~~~~~~[m[K
[01m[K/home/zhijie/autoware/src/terasim/abc_terasim/include/01_lane_change.hpp:28:11:[m[K [01;31m[Kerror: [m[Kexpected unqualified-id before numeric constant
[01m[K/home/zhijie/autoware/src/terasim/abc_terasim/src/01_lane_change.cpp:17:11:[m[K [01;31m[Kerror: [m[Kexpected identifier before numeric constant
   17 | namespace [01;31m[K01_lane_change[m[K{
      |           [01;31m[K^~~~~~~~~~~~~~[m[K
[01m[K/home/zhijie/autoware/src/terasim/abc_terasim/src/01_lane_change.cpp:17:11:[m[K [01;31m[Kerror: [m[Kexpected unqualified-id before numeric constant
In file included from [01m[K/opt/ros/humble/include/class_loader/class_loader/class_loader.hpp:56[m[K,
                 from [01m[K/opt/ros/humble/include/rclcpp_components/rclcpp_components/register_node_macro.hpp:18[m[K,
                 from [01m[K/home/zhijie/autoware/src/terasim/abc_terasim/include/01_lane_change.hpp:26[m[K,
                 from [01m[K/home/zhijie/autoware/src/terasim/abc_terasim/src/01_lane_change.cpp:15[m[K:
[01m[K/home/zhijie/autoware/src/terasim/abc_terasim/src/01_lane_change.cpp:148:33:[m[K [01;31m[Kerror: [m[Kunable to find numeric literal operator â€˜[01m[Koperator""_lane_change[m[Kâ€™
  148 | RCLCPP_COMPONENTS_REGISTER_NODE([01;31m[K01_lane_change[m[K::01LaneChange)
      |                                 [01;31m[K^~~~~~~~~~~~~~[m[K
[01m[K/home/zhijie/autoware/src/terasim/abc_terasim/src/01_lane_change.cpp:148:33:[m[K [01;36m[Knote: [m[Kuse â€˜[01m[K-fext-numeric-literals[m[Kâ€™ to enable more built-in suffixes
[01m[K/home/zhijie/autoware/src/terasim/abc_terasim/src/01_lane_change.cpp:148:1:[m[K [01;31m[Kerror: [m[Ktemplate argument 1 is invalid
  148 | [01;31m[KRCLCPP_COMPONENTS_REGISTER_NODE[m[K(01_lane_change::01LaneChange)
      | [01;31m[K^~~~~~~~~~~~~~~~~~~~~~~~~~~~~~~[m[K
In file included from [01m[K/opt/ros/humble/include/class_loader/class_loader/class_loader_core.hpp:57[m[K,
                 from [01m[K/opt/ros/humble/include/class_loader/class_loader/class_loader.hpp:55[m[K,
                 from [01m[K/opt/ros/humble/include/rclcpp_components/rclcpp_components/register_node_macro.hpp:18[m[K,
                 from [01m[K/home/zhijie/autoware/src/terasim/abc_terasim/include/01_lane_change.hpp:26[m[K,
                 from [01m[K/home/zhijie/autoware/src/terasim/abc_terasim/src/01_lane_change.cpp:15[m[K:
/opt/ros/humble/include/class_loader/class_loader/meta_object.hpp: In instantiation of â€˜[01m[KB* class_loader::impl::MetaObject<C, B>::create() const [with C = int; B = rclcpp_components::NodeFactory][m[Kâ€™:
[01m[K/opt/ros/humble/include/class_loader/class_loader/meta_object.hpp:216:7:[m[K   required from here
[01m[K/opt/ros/humble/include/class_loader/class_loader/meta_object.hpp:218:12:[m[K [01;31m[Kerror: [m[Kcannot convert â€˜[01m[Kint*[m[Kâ€™ to â€˜[01m[Krclcpp_components::NodeFactory*[m[Kâ€™ in return
  218 |     return [01;31m[Knew C[m[K;
      |            [01;31m[K^~~~~[m[K
      |            [01;31m[K|[m[K
      |            [01;31m[Kint*[m[K
gmake[2]: *** [CMakeFiles/01_lane_change_component.dir/build.make:76: CMakeFiles/01_lane_change_component.dir/src/01_lane_change.cpp.o] Error 1
gmake[1]: *** [CMakeFiles/Makefile2:284: CMakeFiles/01_lane_change_component.dir/all] Error 2
gmake[1]: *** Waiting for unfinished jobs....
gmake: *** [Makefile:146: all] Error 2
