-- Found autoware_cmake: 0.1.0 (/home/zhijie/autoware/install/autoware_cmake/share/autoware_cmake/cmake)
-- Override CMake install command with custom implementation using symlinks instead of copying resources
-- Found rosidl_generator_c: 3.1.5 (/opt/ros/humble/share/rosidl_generator_c/cmake)
-- Found rosidl_adapter: 3.1.5 (/opt/ros/humble/share/rosidl_adapter/cmake)
-- Found rosidl_generator_cpp: 3.1.5 (/opt/ros/humble/share/rosidl_generator_cpp/cmake)
-- Using all available rosidl_typesupport_c: rosidl_typesupport_fastrtps_c;rosidl_typesupport_introspection_c
-- Using all available rosidl_typesupport_cpp: rosidl_typesupport_fastrtps_cpp;rosidl_typesupport_introspection_cpp
-- Found rmw_implementation_cmake: 6.1.1 (/opt/ros/humble/share/rmw_implementation_cmake/cmake)
-- Found rmw_cyclonedds_cpp: 1.3.4 (/opt/ros/humble/share/rmw_cyclonedds_cpp/cmake)
-- Using RMW implementation 'rmw_cyclonedds_cpp' as default
-- Found eigen3_cmake_module: 0.1.1 (/opt/ros/humble/share/eigen3_cmake_module/cmake)
-- Ensuring Eigen3 include directory is part of orocos-kdl CMake target
-- Eigen found (include: /usr/include/eigen3, version: 3.4.0)
-- FLANN found (include: /usr/include, lib: /usr/lib/x86_64-linux-gnu/libflann_cpp.so)
-- OpenNI found (version: 1.5.4.0, include: /usr/include/ni, lib: /usr/lib/libOpenNI.so;libusb::libusb)
-- OpenNI2 found (version: 2.2.0.33, include: /usr/include/openni2, lib: /usr/lib/x86_64-linux-gnu/libOpenNI2.so;libusb::libusb)
-- Eigen found (include: /usr/include/eigen3, version: 3.4.0)
-- OpenNI found (version: 1.5.4.0, include: /usr/include/ni, lib: /usr/lib/libOpenNI.so;libusb::libusb)
-- OpenNI2 found (version: 2.2.0.33, include: /usr/include/openni2, lib: /usr/lib/x86_64-linux-gnu/libOpenNI2.so;libusb::libusb)
-- Found Qhull version 8.0.2
-- OpenNI found (version: 1.5.4.0, include: /usr/include/ni, lib: /usr/lib/libOpenNI.so;libusb::libusb)
-- Found ament_lint_auto: 0.12.8 (/opt/ros/humble/share/ament_lint_auto/cmake)
-- Added test 'copyright' to check source files copyright and LICENSE
-- Added test 'cppcheck' to perform static code analysis on C / C++ code
-- Configured cppcheck include dirs: /home/zhijie/autoware/src/terasim/abc_terasim/include
-- Configured cppcheck exclude dirs and/or files: 
-- Added test 'lint_cmake' to check CMake code style
-- Added test 'xmllint' to check XML markup files
-- Configuring done
-- Generating done
-- Build files have been written to: /home/zhijie/autoware/build/abc_terasim
[35m[1mConsolidate compiler generated dependencies of target abc_info_converter[0m
[35m[1mConsolidate compiler generated dependencies of target abc_context_converter[0m
[35m[1mConsolidate compiler generated dependencies of target abc_info_converter_component[0m
[35m[1mConsolidate compiler generated dependencies of target test_05[0m
[35m[1mConsolidate compiler generated dependencies of target test_07[0m
[35m[1mConsolidate compiler generated dependencies of target test_08[0m
[35m[1mConsolidate compiler generated dependencies of target test_09[0m
[35m[1mConsolidate compiler generated dependencies of target test_06[0m
[35m[1mConsolidate compiler generated dependencies of target test_10[0m
[35m[1mConsolidate compiler generated dependencies of target test_11[0m
[35m[1mConsolidate compiler generated dependencies of target test_12[0m
[  2%] [32mBuilding CXX object CMakeFiles/01_lane_change.dir/rclcpp_components/node_main_01_lane_change.cpp.o[0m
[  6%] Built target test_05
[ 25%] Built target test_09
[ 22%] Built target abc_info_converter
[ 25%] Built target test_11
[ 25%] Built target test_07
[ 34%] Built target test_08
[ 40%] Built target test_10
[ 40%] Built target test_06
[ 43%] Built target abc_context_converter
[ 47%] Built target test_12
[ 52%] Built target abc_info_converter_component
[35m[1mConsolidate compiler generated dependencies of target abc_context_converter_component[0m
[ 56%] Built target abc_context_converter_component
[ 59%] [32mBuilding CXX object CMakeFiles/01_lane_change_component.dir/src/01_lane_change.cpp.o[0m
In file included from [01m[K/home/zhijie/autoware/src/terasim/abc_terasim/src/01_lane_change.cpp:15[m[K:
[01m[K/home/zhijie/autoware/src/terasim/abc_terasim/include/01_lane_change.hpp:28:11:[m[K [01;31m[Kerror: [m[Kexpected identifier before numeric constant
   28 | namespace [01;31m[K01_lane_change[m[K
      |           [01;31m[K^~~~~~~~~~~~~~[m[K
[01m[K/home/zhijie/autoware/src/terasim/abc_terasim/include/01_lane_change.hpp:28:11:[m[K [01;31m[Kerror: [m[Kexpected unqualified-id before numeric constant
[01m[K/home/zhijie/autoware/src/terasim/abc_terasim/src/01_lane_change.cpp:17:11:[m[K [01;31m[Kerror: [m[Kexpected identifier before numeric constant
   17 | namespace [01;31m[K01_lane_change[m[K{
      |           [01;31m[K^~~~~~~~~~~~~~[m[K
[01m[K/home/zhijie/autoware/src/terasim/abc_terasim/src/01_lane_change.cpp:17:11:[m[K [01;31m[Kerror: [m[Kexpected unqualified-id before numeric constant
In file included from [01m[K/opt/ros/humble/include/class_loader/class_loader/class_loader.hpp:56[m[K,
                 from [01m[K/opt/ros/humble/include/rclcpp_components/rclcpp_components/register_node_macro.hpp:18[m[K,
                 from [01m[K/home/zhijie/autoware/src/terasim/abc_terasim/include/01_lane_change.hpp:26[m[K,
                 from [01m[K/home/zhijie/autoware/src/terasim/abc_terasim/src/01_lane_change.cpp:15[m[K:
[01m[K/home/zhijie/autoware/src/terasim/abc_terasim/src/01_lane_change.cpp:148:33:[m[K [01;31m[Kerror: [m[Kunable to find numeric literal operator â€˜[01m[Koperator""_lane_change[m[Kâ€™
  148 | RCLCPP_COMPONENTS_REGISTER_NODE([01;31m[K01_lane_change[m[K::01LaneChange)
      |                                 [01;31m[K^~~~~~~~~~~~~~[m[K
[01m[K/home/zhijie/autoware/src/terasim/abc_terasim/src/01_lane_change.cpp:148:33:[m[K [01;36m[Knote: [m[Kuse â€˜[01m[K-fext-numeric-literals[m[Kâ€™ to enable more built-in suffixes
[01m[K/home/zhijie/autoware/src/terasim/abc_terasim/src/01_lane_change.cpp:148:1:[m[K [01;31m[Kerror: [m[Ktemplate argument 1 is invalid
  148 | [01;31m[KRCLCPP_COMPONENTS_REGISTER_NODE[m[K(01_lane_change::01LaneChange)
      | [01;31m[K^~~~~~~~~~~~~~~~~~~~~~~~~~~~~~~[m[K
In file included from [01m[K/opt/ros/humble/include/class_loader/class_loader/class_loader_core.hpp:57[m[K,
                 from [01m[K/opt/ros/humble/include/class_loader/class_loader/class_loader.hpp:55[m[K,
                 from [01m[K/opt/ros/humble/include/rclcpp_components/rclcpp_components/register_node_macro.hpp:18[m[K,
                 from [01m[K/home/zhijie/autoware/src/terasim/abc_terasim/include/01_lane_change.hpp:26[m[K,
                 from [01m[K/home/zhijie/autoware/src/terasim/abc_terasim/src/01_lane_change.cpp:15[m[K:
/opt/ros/humble/include/class_loader/class_loader/meta_object.hpp: In instantiation of â€˜[01m[KB* class_loader::impl::MetaObject<C, B>::create() const [with C = int; B = rclcpp_components::NodeFactory][m[Kâ€™:
[01m[K/opt/ros/humble/include/class_loader/class_loader/meta_object.hpp:216:7:[m[K   required from here
[01m[K/opt/ros/humble/include/class_loader/class_loader/meta_object.hpp:218:12:[m[K [01;31m[Kerror: [m[Kcannot convert â€˜[01m[Kint*[m[Kâ€™ to â€˜[01m[Krclcpp_components::NodeFactory*[m[Kâ€™ in return
  218 |     return [01;31m[Knew C[m[K;
      |            [01;31m[K^~~~~[m[K
      |            [01;31m[K|[m[K
      |            [01;31m[Kint*[m[K
gmake[2]: *** [CMakeFiles/01_lane_change_component.dir/build.make:76: CMakeFiles/01_lane_change_component.dir/src/01_lane_change.cpp.o] Error 1
gmake[1]: *** [CMakeFiles/Makefile2:284: CMakeFiles/01_lane_change_component.dir/all] Error 2
gmake[1]: *** Waiting for unfinished jobs....
[ 61%] [32m[1mLinking CXX executable 01_lane_change[0m
[ 61%] Built target 01_lane_change
gmake: *** [Makefile:146: all] Error 2
