[0.055s] Invoking command in '/home/zhijie/autoware/build/abc_terasim': AMENT_PREFIX_PATH=/home/zhijie/autoware/install/dummy_perception_publisher:/home/zhijie/autoware/install/tier4_autoware_utils:/home/zhijie/autoware/install/tier4_perception_msgs:/home/zhijie/autoware/install/autoware_auto_vehicle_msgs:/home/zhijie/autoware/install/tier4_system_msgs:/home/zhijie/autoware/install/autoware_cmake:/home/zhijie/autoware/install/autoware_auto_planning_msgs:/home/zhijie/autoware/install/autoware_auto_perception_msgs:/home/zhijie/autoware/install/tier4_debug_msgs:/home/zhijie/autoware/install/autoware_perception_msgs:/home/zhijie/autoware/install/autoware_lint_common:/home/zhijie/autoware/install/autoware_common_msgs:/home/zhijie/autoware/install/autoware_auto_system_msgs:/home/zhijie/autoware/install/autoware_auto_mapping_msgs:/home/zhijie/autoware/install/autoware_auto_geometry_msgs:/home/zhijie/autoware/install/autoware_adapi_v1_msgs:${AMENT_PREFIX_PATH} CMAKE_PREFIX_PATH=/home/zhijie/autoware/install/dummy_perception_publisher:/home/zhijie/autoware/install/tier4_autoware_utils:/home/zhijie/autoware/install/tier4_perception_msgs:/home/zhijie/autoware/install/autoware_auto_vehicle_msgs:/home/zhijie/autoware/install/tier4_system_msgs:/home/zhijie/autoware/install/autoware_cmake:/home/zhijie/autoware/install/autoware_auto_planning_msgs:/home/zhijie/autoware/install/autoware_auto_perception_msgs:/home/zhijie/autoware/install/tier4_debug_msgs:/home/zhijie/autoware/install/autoware_perception_msgs:/home/zhijie/autoware/install/autoware_lint_common:/home/zhijie/autoware/install/autoware_common_msgs:/home/zhijie/autoware/install/autoware_auto_system_msgs:/home/zhijie/autoware/install/autoware_auto_mapping_msgs:/home/zhijie/autoware/install/autoware_auto_geometry_msgs:/home/zhijie/autoware/install/autoware_adapi_v1_msgs:/opt/ros/humble LD_LIBRARY_PATH=/home/zhijie/autoware/install/dummy_perception_publisher/lib:/home/zhijie/autoware/install/tier4_autoware_utils/lib:/home/zhijie/autoware/install/tier4_perception_msgs/lib:/home/zhijie/autoware/install/autoware_auto_vehicle_msgs/lib:/home/zhijie/autoware/install/tier4_system_msgs/lib:/home/zhijie/autoware/install/autoware_auto_planning_msgs/lib:/home/zhijie/autoware/install/autoware_auto_perception_msgs/lib:/home/zhijie/autoware/install/tier4_debug_msgs/lib:/home/zhijie/autoware/install/autoware_perception_msgs/lib:/home/zhijie/autoware/install/autoware_common_msgs/lib:/home/zhijie/autoware/install/autoware_auto_system_msgs/lib:/home/zhijie/autoware/install/autoware_auto_mapping_msgs/lib:/home/zhijie/autoware/install/autoware_auto_geometry_msgs/lib:/home/zhijie/autoware/install/autoware_adapi_v1_msgs/lib:${LD_LIBRARY_PATH} PYTHONPATH=/home/zhijie/autoware/install/dummy_perception_publisher/local/lib/python3.10/dist-packages:/home/zhijie/autoware/install/tier4_perception_msgs/local/lib/python3.10/dist-packages:/home/zhijie/autoware/install/autoware_auto_vehicle_msgs/local/lib/python3.10/dist-packages:/home/zhijie/autoware/install/tier4_system_msgs/local/lib/python3.10/dist-packages:/home/zhijie/autoware/install/autoware_auto_planning_msgs/local/lib/python3.10/dist-packages:/home/zhijie/autoware/install/autoware_auto_perception_msgs/local/lib/python3.10/dist-packages:/home/zhijie/autoware/install/tier4_debug_msgs/local/lib/python3.10/dist-packages:/home/zhijie/autoware/install/autoware_perception_msgs/local/lib/python3.10/dist-packages:/home/zhijie/autoware/install/autoware_common_msgs/local/lib/python3.10/dist-packages:/home/zhijie/autoware/install/autoware_auto_system_msgs/local/lib/python3.10/dist-packages:/home/zhijie/autoware/install/autoware_auto_mapping_msgs/local/lib/python3.10/dist-packages:/home/zhijie/autoware/install/autoware_auto_geometry_msgs/local/lib/python3.10/dist-packages:/home/zhijie/autoware/install/autoware_adapi_v1_msgs/local/lib/python3.10/dist-packages:${PYTHONPATH} /usr/bin/cmake --build /home/zhijie/autoware/build/abc_terasim -- -j16 -l16
[0.115s] -- Found autoware_cmake: 0.1.0 (/home/zhijie/autoware/install/autoware_cmake/share/autoware_cmake/cmake)
[0.233s] -- Override CMake install command with custom implementation using symlinks instead of copying resources
[0.328s] -- Found rosidl_generator_c: 3.1.5 (/opt/ros/humble/share/rosidl_generator_c/cmake)
[0.330s] -- Found rosidl_adapter: 3.1.5 (/opt/ros/humble/share/rosidl_adapter/cmake)
[0.337s] -- Found rosidl_generator_cpp: 3.1.5 (/opt/ros/humble/share/rosidl_generator_cpp/cmake)
[0.348s] -- Using all available rosidl_typesupport_c: rosidl_typesupport_fastrtps_c;rosidl_typesupport_introspection_c
[0.363s] -- Using all available rosidl_typesupport_cpp: rosidl_typesupport_fastrtps_cpp;rosidl_typesupport_introspection_cpp
[0.474s] -- Found rmw_implementation_cmake: 6.1.1 (/opt/ros/humble/share/rmw_implementation_cmake/cmake)
[0.476s] -- Found rmw_cyclonedds_cpp: 1.3.4 (/opt/ros/humble/share/rmw_cyclonedds_cpp/cmake)
[0.506s] -- Using RMW implementation 'rmw_cyclonedds_cpp' as default
[2.731s] -- Found eigen3_cmake_module: 0.1.1 (/opt/ros/humble/share/eigen3_cmake_module/cmake)
[2.732s] -- Ensuring Eigen3 include directory is part of orocos-kdl CMake target
[3.489s] -- Eigen found (include: /usr/include/eigen3, version: 3.4.0)
[3.518s] -- FLANN found (include: /usr/include, lib: /usr/lib/x86_64-linux-gnu/libflann_cpp.so)
[3.787s] -- OpenNI found (version: 1.5.4.0, include: /usr/include/ni, lib: /usr/lib/libOpenNI.so;libusb::libusb)
[3.792s] -- OpenNI2 found (version: 2.2.0.33, include: /usr/include/openni2, lib: /usr/lib/x86_64-linux-gnu/libOpenNI2.so;libusb::libusb)
[3.904s] -- Eigen found (include: /usr/include/eigen3, version: 3.4.0)
[3.908s] -- OpenNI found (version: 1.5.4.0, include: /usr/include/ni, lib: /usr/lib/libOpenNI.so;libusb::libusb)
[3.913s] -- OpenNI2 found (version: 2.2.0.33, include: /usr/include/openni2, lib: /usr/lib/x86_64-linux-gnu/libOpenNI2.so;libusb::libusb)
[4.024s] -- Found Qhull version 8.0.2
[4.131s] -- OpenNI found (version: 1.5.4.0, include: /usr/include/ni, lib: /usr/lib/libOpenNI.so;libusb::libusb)
[5.909s] -- Found ament_lint_auto: 0.12.8 (/opt/ros/humble/share/ament_lint_auto/cmake)
[6.018s] -- Added test 'copyright' to check source files copyright and LICENSE
[6.019s] -- Added test 'cppcheck' to perform static code analysis on C / C++ code
[6.021s] -- Configured cppcheck include dirs: /home/zhijie/autoware/src/terasim/abc_terasim/include
[6.021s] -- Configured cppcheck exclude dirs and/or files: 
[6.021s] -- Added test 'lint_cmake' to check CMake code style
[6.022s] -- Added test 'xmllint' to check XML markup files
[6.027s] -- Configuring done
[6.178s] -- Generating done
[6.181s] -- Build files have been written to: /home/zhijie/autoware/build/abc_terasim
[6.211s] [35m[1mConsolidate compiler generated dependencies of target abc_info_converter[0m
[6.211s] [35m[1mConsolidate compiler generated dependencies of target abc_context_converter[0m
[6.212s] [35m[1mConsolidate compiler generated dependencies of target abc_info_converter_component[0m
[6.212s] [35m[1mConsolidate compiler generated dependencies of target test_05[0m
[6.212s] [35m[1mConsolidate compiler generated dependencies of target test_07[0m
[6.212s] [35m[1mConsolidate compiler generated dependencies of target test_08[0m
[6.213s] [35m[1mConsolidate compiler generated dependencies of target test_09[0m
[6.213s] [35m[1mConsolidate compiler generated dependencies of target test_06[0m
[6.213s] [35m[1mConsolidate compiler generated dependencies of target test_10[0m
[6.213s] [35m[1mConsolidate compiler generated dependencies of target test_11[0m
[6.213s] [35m[1mConsolidate compiler generated dependencies of target test_12[0m
[6.227s] [  2%] [32mBuilding CXX object CMakeFiles/01_lane_change.dir/rclcpp_components/node_main_01_lane_change.cpp.o[0m
[6.240s] [  6%] Built target test_05
[6.242s] [ 25%] Built target test_09
[6.242s] [ 22%] Built target abc_info_converter
[6.242s] [ 25%] Built target test_11
[6.242s] [ 25%] Built target test_07
[6.242s] [ 34%] Built target test_08
[6.242s] [ 40%] Built target test_10
[6.243s] [ 40%] Built target test_06
[6.243s] [ 43%] Built target abc_context_converter
[6.243s] [ 47%] Built target test_12
[6.245s] [ 52%] Built target abc_info_converter_component
[6.254s] [35m[1mConsolidate compiler generated dependencies of target abc_context_converter_component[0m
[6.273s] [ 56%] Built target abc_context_converter_component
[6.289s] [ 59%] [32mBuilding CXX object CMakeFiles/01_lane_change_component.dir/src/01_lane_change.cpp.o[0m
[8.056s] In file included from [01m[K/home/zhijie/autoware/src/terasim/abc_terasim/src/01_lane_change.cpp:15[m[K:
[8.056s] [01m[K/home/zhijie/autoware/src/terasim/abc_terasim/include/01_lane_change.hpp:28:11:[m[K [01;31m[Kerror: [m[Kexpected identifier before numeric constant
[8.056s]    28 | namespace [01;31m[K01_lane_change[m[K
[8.057s]       |           [01;31m[K^~~~~~~~~~~~~~[m[K
[8.057s] [01m[K/home/zhijie/autoware/src/terasim/abc_terasim/include/01_lane_change.hpp:28:11:[m[K [01;31m[Kerror: [m[Kexpected unqualified-id before numeric constant
[8.057s] [01m[K/home/zhijie/autoware/src/terasim/abc_terasim/src/01_lane_change.cpp:17:11:[m[K [01;31m[Kerror: [m[Kexpected identifier before numeric constant
[8.057s]    17 | namespace [01;31m[K01_lane_change[m[K{
[8.057s]       |           [01;31m[K^~~~~~~~~~~~~~[m[K
[8.057s] [01m[K/home/zhijie/autoware/src/terasim/abc_terasim/src/01_lane_change.cpp:17:11:[m[K [01;31m[Kerror: [m[Kexpected unqualified-id before numeric constant
[8.057s] In file included from [01m[K/opt/ros/humble/include/class_loader/class_loader/class_loader.hpp:56[m[K,
[8.057s]                  from [01m[K/opt/ros/humble/include/rclcpp_components/rclcpp_components/register_node_macro.hpp:18[m[K,
[8.057s]                  from [01m[K/home/zhijie/autoware/src/terasim/abc_terasim/include/01_lane_change.hpp:26[m[K,
[8.057s]                  from [01m[K/home/zhijie/autoware/src/terasim/abc_terasim/src/01_lane_change.cpp:15[m[K:
[8.057s] [01m[K/home/zhijie/autoware/src/terasim/abc_terasim/src/01_lane_change.cpp:148:33:[m[K [01;31m[Kerror: [m[Kunable to find numeric literal operator â€˜[01m[Koperator""_lane_change[m[Kâ€™
[8.057s]   148 | RCLCPP_COMPONENTS_REGISTER_NODE([01;31m[K01_lane_change[m[K::01LaneChange)
[8.057s]       |                                 [01;31m[K^~~~~~~~~~~~~~[m[K
[8.057s] [01m[K/home/zhijie/autoware/src/terasim/abc_terasim/src/01_lane_change.cpp:148:33:[m[K [01;36m[Knote: [m[Kuse â€˜[01m[K-fext-numeric-literals[m[Kâ€™ to enable more built-in suffixes
[8.057s] [01m[K/home/zhijie/autoware/src/terasim/abc_terasim/src/01_lane_change.cpp:148:1:[m[K [01;31m[Kerror: [m[Ktemplate argument 1 is invalid
[8.057s]   148 | [01;31m[KRCLCPP_COMPONENTS_REGISTER_NODE[m[K(01_lane_change::01LaneChange)
[8.057s]       | [01;31m[K^~~~~~~~~~~~~~~~~~~~~~~~~~~~~~~[m[K
[8.343s] In file included from [01m[K/opt/ros/humble/include/class_loader/class_loader/class_loader_core.hpp:57[m[K,
[8.343s]                  from [01m[K/opt/ros/humble/include/class_loader/class_loader/class_loader.hpp:55[m[K,
[8.343s]                  from [01m[K/opt/ros/humble/include/rclcpp_components/rclcpp_components/register_node_macro.hpp:18[m[K,
[8.343s]                  from [01m[K/home/zhijie/autoware/src/terasim/abc_terasim/include/01_lane_change.hpp:26[m[K,
[8.343s]                  from [01m[K/home/zhijie/autoware/src/terasim/abc_terasim/src/01_lane_change.cpp:15[m[K:
[8.343s] /opt/ros/humble/include/class_loader/class_loader/meta_object.hpp: In instantiation of â€˜[01m[KB* class_loader::impl::MetaObject<C, B>::create() const [with C = int; B = rclcpp_components::NodeFactory][m[Kâ€™:
[8.343s] [01m[K/opt/ros/humble/include/class_loader/class_loader/meta_object.hpp:216:7:[m[K   required from here
[8.343s] [01m[K/opt/ros/humble/include/class_loader/class_loader/meta_object.hpp:218:12:[m[K [01;31m[Kerror: [m[Kcannot convert â€˜[01m[Kint*[m[Kâ€™ to â€˜[01m[Krclcpp_components::NodeFactory*[m[Kâ€™ in return
[8.343s]   218 |     return [01;31m[Knew C[m[K;
[8.343s]       |            [01;31m[K^~~~~[m[K
[8.343s]       |            [01;31m[K|[m[K
[8.343s]       |            [01;31m[Kint*[m[K
[8.383s] gmake[2]: *** [CMakeFiles/01_lane_change_component.dir/build.make:76: CMakeFiles/01_lane_change_component.dir/src/01_lane_change.cpp.o] Error 1
[8.383s] gmake[1]: *** [CMakeFiles/Makefile2:284: CMakeFiles/01_lane_change_component.dir/all] Error 2
[8.383s] gmake[1]: *** Waiting for unfinished jobs....
[8.873s] [ 61%] [32m[1mLinking CXX executable 01_lane_change[0m
[8.973s] [ 61%] Built target 01_lane_change
[8.974s] gmake: *** [Makefile:146: all] Error 2
[8.976s] Invoked command in '/home/zhijie/autoware/build/abc_terasim' returned '2': AMENT_PREFIX_PATH=/home/zhijie/autoware/install/dummy_perception_publisher:/home/zhijie/autoware/install/tier4_autoware_utils:/home/zhijie/autoware/install/tier4_perception_msgs:/home/zhijie/autoware/install/autoware_auto_vehicle_msgs:/home/zhijie/autoware/install/tier4_system_msgs:/home/zhijie/autoware/install/autoware_cmake:/home/zhijie/autoware/install/autoware_auto_planning_msgs:/home/zhijie/autoware/install/autoware_auto_perception_msgs:/home/zhijie/autoware/install/tier4_debug_msgs:/home/zhijie/autoware/install/autoware_perception_msgs:/home/zhijie/autoware/install/autoware_lint_common:/home/zhijie/autoware/install/autoware_common_msgs:/home/zhijie/autoware/install/autoware_auto_system_msgs:/home/zhijie/autoware/install/autoware_auto_mapping_msgs:/home/zhijie/autoware/install/autoware_auto_geometry_msgs:/home/zhijie/autoware/install/autoware_adapi_v1_msgs:${AMENT_PREFIX_PATH} CMAKE_PREFIX_PATH=/home/zhijie/autoware/install/dummy_perception_publisher:/home/zhijie/autoware/install/tier4_autoware_utils:/home/zhijie/autoware/install/tier4_perception_msgs:/home/zhijie/autoware/install/autoware_auto_vehicle_msgs:/home/zhijie/autoware/install/tier4_system_msgs:/home/zhijie/autoware/install/autoware_cmake:/home/zhijie/autoware/install/autoware_auto_planning_msgs:/home/zhijie/autoware/install/autoware_auto_perception_msgs:/home/zhijie/autoware/install/tier4_debug_msgs:/home/zhijie/autoware/install/autoware_perception_msgs:/home/zhijie/autoware/install/autoware_lint_common:/home/zhijie/autoware/install/autoware_common_msgs:/home/zhijie/autoware/install/autoware_auto_system_msgs:/home/zhijie/autoware/install/autoware_auto_mapping_msgs:/home/zhijie/autoware/install/autoware_auto_geometry_msgs:/home/zhijie/autoware/install/autoware_adapi_v1_msgs:/opt/ros/humble LD_LIBRARY_PATH=/home/zhijie/autoware/install/dummy_perception_publisher/lib:/home/zhijie/autoware/install/tier4_autoware_utils/lib:/home/zhijie/autoware/install/tier4_perception_msgs/lib:/home/zhijie/autoware/install/autoware_auto_vehicle_msgs/lib:/home/zhijie/autoware/install/tier4_system_msgs/lib:/home/zhijie/autoware/install/autoware_auto_planning_msgs/lib:/home/zhijie/autoware/install/autoware_auto_perception_msgs/lib:/home/zhijie/autoware/install/tier4_debug_msgs/lib:/home/zhijie/autoware/install/autoware_perception_msgs/lib:/home/zhijie/autoware/install/autoware_common_msgs/lib:/home/zhijie/autoware/install/autoware_auto_system_msgs/lib:/home/zhijie/autoware/install/autoware_auto_mapping_msgs/lib:/home/zhijie/autoware/install/autoware_auto_geometry_msgs/lib:/home/zhijie/autoware/install/autoware_adapi_v1_msgs/lib:${LD_LIBRARY_PATH} PYTHONPATH=/home/zhijie/autoware/install/dummy_perception_publisher/local/lib/python3.10/dist-packages:/home/zhijie/autoware/install/tier4_perception_msgs/local/lib/python3.10/dist-packages:/home/zhijie/autoware/install/autoware_auto_vehicle_msgs/local/lib/python3.10/dist-packages:/home/zhijie/autoware/install/tier4_system_msgs/local/lib/python3.10/dist-packages:/home/zhijie/autoware/install/autoware_auto_planning_msgs/local/lib/python3.10/dist-packages:/home/zhijie/autoware/install/autoware_auto_perception_msgs/local/lib/python3.10/dist-packages:/home/zhijie/autoware/install/tier4_debug_msgs/local/lib/python3.10/dist-packages:/home/zhijie/autoware/install/autoware_perception_msgs/local/lib/python3.10/dist-packages:/home/zhijie/autoware/install/autoware_common_msgs/local/lib/python3.10/dist-packages:/home/zhijie/autoware/install/autoware_auto_system_msgs/local/lib/python3.10/dist-packages:/home/zhijie/autoware/install/autoware_auto_mapping_msgs/local/lib/python3.10/dist-packages:/home/zhijie/autoware/install/autoware_auto_geometry_msgs/local/lib/python3.10/dist-packages:/home/zhijie/autoware/install/autoware_adapi_v1_msgs/local/lib/python3.10/dist-packages:${PYTHONPATH} /usr/bin/cmake --build /home/zhijie/autoware/build/abc_terasim -- -j16 -l16
