[01m[K/home/zhijie/autoware/src/terasim/preview_control/preview_control/src/path_follow/path_follow.cpp:1:10:[m[K [01;31m[Kfatal error: [m[Kpath_follow.hpp: No such file or directory
    1 | #include [01;31m[K<path_follow.hpp>[m[K
      |          [01;31m[K^~~~~~~~~~~~~~~~~[m[K
compilation terminated.
gmake[2]: *** [CMakeFiles/path_follow.dir/build.make:76: CMakeFiles/path_follow.dir/src/path_follow/path_follow.cpp.o] Error 1
gmake[1]: *** [CMakeFiles/Makefile2:143: CMakeFiles/path_follow.dir/all] Error 2
gmake[1]: *** Waiting for unfinished jobs....
[01m[K/home/zhijie/autoware/src/terasim/preview_control/preview_control/src/path_follow/path_follow.cpp:1:10:[m[K [01;31m[Kfatal error: [m[Kpath_follow.hpp: No such file or directory
    1 | #include [01;31m[K<path_follow.hpp>[m[K
      |          [01;31m[K^~~~~~~~~~~~~~~~~[m[K
compilation terminated.
gmake[2]: *** [CMakeFiles/speed_control.dir/build.make:76: CMakeFiles/speed_control.dir/src/path_follow/path_follow.cpp.o] Error 1
gmake[1]: *** [CMakeFiles/Makefile2:169: CMakeFiles/speed_control.dir/all] Error 2
In file included from [01m[K/home/zhijie/autoware/src/terasim/preview_control/preview_control/src/preview_control.cpp:1[m[K:
[01m[K/home/zhijie/autoware/src/terasim/preview_control/preview_control/include/preview_control.hpp:10:10:[m[K [01;31m[Kfatal error: [m[Kpath_follow.hpp: No such file or directory
   10 | #include [01;31m[K<path_follow.hpp>[m[K
      |          [01;31m[K^~~~~~~~~~~~~~~~~[m[K
compilation terminated.
gmake[2]: *** [CMakeFiles/preview_control_component.dir/build.make:76: CMakeFiles/preview_control_component.dir/src/preview_control.cpp.o] Error 1
gmake[1]: *** [CMakeFiles/Makefile2:195: CMakeFiles/preview_control_component.dir/all] Error 2
gmake: *** [Makefile:146: all] Error 2
