[ 20%] Built target preview_path_gen
[ 40%] Built target preview_control
[ 80%] Built target preview_control_component
[35m[1mConsolidate compiler generated dependencies of target preview_path_gen_component[0m
[ 90%] [32mBuilding CXX object CMakeFiles/preview_path_gen_component.dir/src/preview_path_gen.cpp.o[0m
[01m[K/home/zhijie/autoware/src/terasim/preview_control/preview_control/src/preview_path_gen.cpp:[m[K In constructor â€˜[01m[Kpreview_path_gen::PreviewPathGen::PreviewPathGen(const rclcpp::NodeOptions&)[m[Kâ€™:
[01m[K/home/zhijie/autoware/src/terasim/preview_control/preview_control/src/preview_path_gen.cpp:17:42:[m[K [01;31m[Kerror: [m[Kâ€˜[01m[Kmin_speed[m[Kâ€™ was not declared in this scope
   17 |         this->get_parameter("min_speed", [01;31m[Kmin_speed[m[K);
      |                                          [01;31m[K^~~~~~~~~[m[K
[01m[K/home/zhijie/autoware/src/terasim/preview_control/preview_control/src/preview_path_gen.cpp:[m[K In member function â€˜[01m[Kvoid preview_path_gen::PreviewPathGen::compute_speed()[m[Kâ€™:
[01m[K/home/zhijie/autoware/src/terasim/preview_control/preview_control/src/preview_path_gen.cpp:266:28:[m[K [01;31m[Kerror: [m[Kâ€˜[01m[Kmin_speed[m[Kâ€™ was not declared in this scope
  266 |             if (newSpeed < [01;31m[Kmin_speed[m[K && speed_vec[i] > min_speed){
      |                            [01;31m[K^~~~~~~~~[m[K
gmake[2]: *** [CMakeFiles/preview_path_gen_component.dir/build.make:76: CMakeFiles/preview_path_gen_component.dir/src/preview_path_gen.cpp.o] Error 1
gmake[1]: *** [CMakeFiles/Makefile2:195: CMakeFiles/preview_path_gen_component.dir/all] Error 2
gmake: *** [Makefile:146: all] Error 2
