[0.008s] Invoking command in '/home/zhijie/autoware/build/mkz_bywire': AMENT_PREFIX_PATH=/home/zhijie/autoware/install/autoware_cmake:/home/zhijie/autoware/install/mcity_msgs:/home/zhijie/autoware/install/dbw_fca_msgs:/home/zhijie/autoware/install/dataspeed_dbw_msgs:/home/zhijie/autoware/install/autoware_lint_common:${AMENT_PREFIX_PATH} CMAKE_PREFIX_PATH=/home/zhijie/autoware/install/autoware_cmake:/home/zhijie/autoware/install/mcity_msgs:/home/zhijie/autoware/install/dbw_fca_msgs:/home/zhijie/autoware/install/dataspeed_dbw_msgs:/home/zhijie/autoware/install/autoware_lint_common:/opt/ros/humble LD_LIBRARY_PATH=/home/zhijie/autoware/install/mcity_msgs/lib:/home/zhijie/autoware/install/dbw_fca_msgs/lib:/home/zhijie/autoware/install/dataspeed_dbw_msgs/lib:${LD_LIBRARY_PATH} PYTHONPATH=/home/zhijie/autoware/install/mcity_msgs/local/lib/python3.10/dist-packages:/home/zhijie/autoware/install/dbw_fca_msgs/local/lib/python3.10/dist-packages:/home/zhijie/autoware/install/dataspeed_dbw_msgs/local/lib/python3.10/dist-packages:${PYTHONPATH} /usr/bin/cmake --build /home/zhijie/autoware/build/mkz_bywire -- -j16 -l16
[0.034s] [35m[1mConsolidate compiler generated dependencies of target mkz_bywire_component[0m
[0.042s] [ 50%] Built target mkz_bywire
[0.047s] [ 75%] [32mBuilding CXX object CMakeFiles/mkz_bywire_component.dir/src/mkz_bywire.cpp.o[0m
[2.258s] [01m[K/home/zhijie/autoware/src/terasim/preview_control/mkz_bywire/src/mkz_bywire.cpp:[m[K In constructor â€˜[01m[Kmkz_bywire::MkzBywire::MkzBywire(const rclcpp::NodeOptions&)[m[Kâ€™:
[2.258s] [01m[K/home/zhijie/autoware/src/terasim/preview_control/mkz_bywire/src/mkz_bywire.cpp:85:38:[m[K [01;31m[Kerror: [m[Kâ€˜[01m[KNONE[m[Kâ€™ is not a member of â€˜[01m[Kdataspeed_dbw_msgs::msg::GearCmd[m[Kâ€™ {aka â€˜[01m[Kdataspeed_dbw_msgs::msg::GearCmd_<std::allocator<void> >[m[Kâ€™}
[2.258s]    85 |         gear_msg.cmd.gear = GearCmd::[01;31m[KNONE[m[K;
[2.258s]       |                                      [01;31m[K^~~~[m[K
[2.258s] [01m[K/home/zhijie/autoware/src/terasim/preview_control/mkz_bywire/src/mkz_bywire.cpp:89:33:[m[K [01;31m[Kerror: [m[Kâ€˜[01m[KTurnsignal[m[Kâ€™ has not been declared
[2.258s]    89 |         turn_signal_msg.value = [01;31m[KTurnsignal[m[K::NONE;
[2.258s]       |                                 [01;31m[K^~~~~~~~~~[m[K
[2.260s] [01m[K/home/zhijie/autoware/src/terasim/preview_control/mkz_bywire/src/mkz_bywire.cpp:[m[K In member function â€˜[01m[Kvoid mkz_bywire::MkzBywire::publishCmd()[m[Kâ€™:
[2.260s] [01m[K/home/zhijie/autoware/src/terasim/preview_control/mkz_bywire/src/mkz_bywire.cpp:121:43:[m[K [01;31m[Kerror: [m[Kâ€˜[01m[KPARK[m[Kâ€™ is not a member of â€˜[01m[Kdataspeed_dbw_msgs::msg::GearCmd[m[Kâ€™ {aka â€˜[01m[Kdataspeed_dbw_msgs::msg::GearCmd_<std::allocator<void> >[m[Kâ€™}
[2.260s]   121 |         if (gear_msg.cmd.gear == GearCmd::[01;31m[KPARK[m[K    ||
[2.260s]       |                                           [01;31m[K^~~~[m[K
[2.260s] [01m[K/home/zhijie/autoware/src/terasim/preview_control/mkz_bywire/src/mkz_bywire.cpp:122:43:[m[K [01;31m[Kerror: [m[Kâ€˜[01m[KREVERSE[m[Kâ€™ is not a member of â€˜[01m[Kdataspeed_dbw_msgs::msg::GearCmd[m[Kâ€™ {aka â€˜[01m[Kdataspeed_dbw_msgs::msg::GearCmd_<std::allocator<void> >[m[Kâ€™}
[2.260s]   122 |             gear_msg.cmd.gear == GearCmd::[01;31m[KREVERSE[m[K ||
[2.260s]       |                                           [01;31m[K^~~~~~~[m[K
[2.260s] [01m[K/home/zhijie/autoware/src/terasim/preview_control/mkz_bywire/src/mkz_bywire.cpp:123:43:[m[K [01;31m[Kerror: [m[Kâ€˜[01m[KNEUTRAL[m[Kâ€™ is not a member of â€˜[01m[Kdataspeed_dbw_msgs::msg::GearCmd[m[Kâ€™ {aka â€˜[01m[Kdataspeed_dbw_msgs::msg::GearCmd_<std::allocator<void> >[m[Kâ€™}
[2.260s]   123 |             gear_msg.cmd.gear == GearCmd::[01;31m[KNEUTRAL[m[K ||
[2.260s]       |                                           [01;31m[K^~~~~~~[m[K
[2.260s] [01m[K/home/zhijie/autoware/src/terasim/preview_control/mkz_bywire/src/mkz_bywire.cpp:124:43:[m[K [01;31m[Kerror: [m[Kâ€˜[01m[KDRIVE[m[Kâ€™ is not a member of â€˜[01m[Kdataspeed_dbw_msgs::msg::GearCmd[m[Kâ€™ {aka â€˜[01m[Kdataspeed_dbw_msgs::msg::GearCmd_<std::allocator<void> >[m[Kâ€™}
[2.260s]   124 |             gear_msg.cmd.gear == GearCmd::[01;31m[KDRIVE[m[K   ||
[2.261s]       |                                           [01;31m[K^~~~~[m[K
[2.261s] [01m[K/home/zhijie/autoware/src/terasim/preview_control/mkz_bywire/src/mkz_bywire.cpp:125:43:[m[K [01;31m[Kerror: [m[Kâ€˜[01m[KLOW[m[Kâ€™ is not a member of â€˜[01m[Kdataspeed_dbw_msgs::msg::GearCmd[m[Kâ€™ {aka â€˜[01m[Kdataspeed_dbw_msgs::msg::GearCmd_<std::allocator<void> >[m[Kâ€™}
[2.261s]   125 |             gear_msg.cmd.gear == GearCmd::[01;31m[KLOW[m[K )
[2.261s]       |                                           [01;31m[K^~~[m[K
[2.262s] [01m[K/home/zhijie/autoware/src/terasim/preview_control/mkz_bywire/src/mkz_bywire.cpp:[m[K In member function â€˜[01m[Kvoid mkz_bywire::MkzBywire::publishVehState()[m[Kâ€™:
[2.262s] [01m[K/home/zhijie/autoware/src/terasim/preview_control/mkz_bywire/src/mkz_bywire.cpp:214:50:[m[K [01;31m[Kerror: [m[Kcannot convert â€˜[01m[Krclcpp::Time[m[Kâ€™ to â€˜[01m[Kmcity_msgs::msg::VehicleState_<std::allocator<void> >::_timestamp_type[m[Kâ€™ {aka â€˜[01m[Kdouble[m[Kâ€™} in assignment
[2.262s]   214 |         vs_msg.timestamp = [01;31m[Kthis->get_clock()->now()[m[K;
[2.262s]       |                            [01;31m[K~~~~~~~~~~~~~~~~~~~~~~^~[m[K
[2.262s]       |                                                  [01;31m[K|[m[K
[2.262s]       |                                                  [01;31m[Krclcpp::Time[m[K
[2.262s] [01m[K/home/zhijie/autoware/src/terasim/preview_control/mkz_bywire/src/mkz_bywire.cpp:[m[K In member function â€˜[01m[Kvoid mkz_bywire::MkzBywire::publishSensorcheck()[m[Kâ€™:
[2.262s] [01m[K/home/zhijie/autoware/src/terasim/preview_control/mkz_bywire/src/mkz_bywire.cpp:220:54:[m[K [01;31m[Kerror: [m[Kcannot convert â€˜[01m[Krclcpp::Time[m[Kâ€™ to â€˜[01m[Kmcity_msgs::msg::SensorCheck_<std::allocator<void> >::_timestamp_type[m[Kâ€™ {aka â€˜[01m[Kdouble[m[Kâ€™} in assignment
[2.263s]   220 |         sensor_msg.timestamp = [01;31m[Kthis->get_clock()->now()[m[K;
[2.263s]       |                                [01;31m[K~~~~~~~~~~~~~~~~~~~~~~^~[m[K
[2.263s]       |                                                      [01;31m[K|[m[K
[2.263s]       |                                                      [01;31m[Krclcpp::Time[m[K
[13.242s] gmake[2]: *** [CMakeFiles/mkz_bywire_component.dir/build.make:76: CMakeFiles/mkz_bywire_component.dir/src/mkz_bywire.cpp.o] Error 1
[13.242s] gmake[1]: *** [CMakeFiles/Makefile2:139: CMakeFiles/mkz_bywire_component.dir/all] Error 2
[13.242s] gmake: *** [Makefile:146: all] Error 2
[13.243s] Invoked command in '/home/zhijie/autoware/build/mkz_bywire' returned '2': AMENT_PREFIX_PATH=/home/zhijie/autoware/install/autoware_cmake:/home/zhijie/autoware/install/mcity_msgs:/home/zhijie/autoware/install/dbw_fca_msgs:/home/zhijie/autoware/install/dataspeed_dbw_msgs:/home/zhijie/autoware/install/autoware_lint_common:${AMENT_PREFIX_PATH} CMAKE_PREFIX_PATH=/home/zhijie/autoware/install/autoware_cmake:/home/zhijie/autoware/install/mcity_msgs:/home/zhijie/autoware/install/dbw_fca_msgs:/home/zhijie/autoware/install/dataspeed_dbw_msgs:/home/zhijie/autoware/install/autoware_lint_common:/opt/ros/humble LD_LIBRARY_PATH=/home/zhijie/autoware/install/mcity_msgs/lib:/home/zhijie/autoware/install/dbw_fca_msgs/lib:/home/zhijie/autoware/install/dataspeed_dbw_msgs/lib:${LD_LIBRARY_PATH} PYTHONPATH=/home/zhijie/autoware/install/mcity_msgs/local/lib/python3.10/dist-packages:/home/zhijie/autoware/install/dbw_fca_msgs/local/lib/python3.10/dist-packages:/home/zhijie/autoware/install/dataspeed_dbw_msgs/local/lib/python3.10/dist-packages:${PYTHONPATH} /usr/bin/cmake --build /home/zhijie/autoware/build/mkz_bywire -- -j16 -l16
