[01m[K/home/zhijie/autoware/src/terasim/preview_control/preview_control/src/speed_control/speed_control.cpp:[m[K In member function â€˜[01m[Kint SpeedControl::run()[m[Kâ€™:
[01m[K/home/zhijie/autoware/src/terasim/preview_control/preview_control/src/speed_control/speed_control.cpp:183:16:[m[K [01;31m[Kerror: [m[Kâ€˜[01m[KINFO[m[Kâ€™ was not declared in this scope
  183 |         RCLCPP([01;31m[KINFO[m[K,rclcpp::get_logger("rclcpp"), "Gear position is not drive, set to drive");
      |                [01;31m[K^~~~[m[K
[01m[K/home/zhijie/autoware/src/terasim/preview_control/preview_control/src/speed_control/speed_control.cpp:183:9:[m[K [01;31m[Kerror: [m[Kâ€˜[01m[KRCLCPP[m[Kâ€™ was not declared in this scope
  183 |         [01;31m[KRCLCPP[m[K(INFO,rclcpp::get_logger("rclcpp"), "Gear position is not drive, set to drive");
      |         [01;31m[K^~~~~~[m[K
gmake[2]: *** [CMakeFiles/preview_control_component.dir/build.make:104: CMakeFiles/preview_control_component.dir/src/speed_control/speed_control.cpp.o] Error 1
gmake[1]: *** [CMakeFiles/Makefile2:143: CMakeFiles/preview_control_component.dir/all] Error 2
gmake: *** [Makefile:146: all] Error 2
