[35m[1mConsolidate compiler generated dependencies of target preview_control_component[0m
[ 50%] Built target preview_control
[ 75%] [32mBuilding CXX object CMakeFiles/preview_control_component.dir/src/preview_control.cpp.o[0m
[01m[K/home/zhijie/autoware/src/terasim/preview_control/preview_control/src/preview_control.cpp:[m[K In constructor â€˜[01m[Kpreview_control::PreviewControl::PreviewControl(const rclcpp::NodeOptions&)[m[Kâ€™:
[01m[K/home/zhijie/autoware/src/terasim/preview_control/preview_control/src/preview_control.cpp:21:23:[m[K [01;31m[Kerror: [m[Kcannot convert â€˜[01m[KPlan_Rlt_S[m[Kâ€™ to â€˜[01m[KPlan_Rlt_S*[m[Kâ€™ in assignment
   21 |         _p2c = [01;31m[KssData.p2c[m[K;
      |                [01;31m[K~~~~~~~^~~[m[K
      |                       [01;31m[K|[m[K
      |                       [01;31m[KPlan_Rlt_S[m[K
gmake[2]: *** [CMakeFiles/preview_control_component.dir/build.make:76: CMakeFiles/preview_control_component.dir/src/preview_control.cpp.o] Error 1
gmake[1]: *** [CMakeFiles/Makefile2:139: CMakeFiles/preview_control_component.dir/all] Error 2
gmake: *** [Makefile:146: all] Error 2
