[01m[K/home/zhijie/autoware/src/terasim/preview_control/preview_control/src/path_follow.cpp:1:10:[m[K [01;31m[Kfatal error: [m[Kpath_follow.hpp: No such file or directory
    1 | #include [01;31m[K<path_follow.hpp>[m[K
      |          [01;31m[K^~~~~~~~~~~~~~~~~[m[K
[01m[K/home/zhijie/autoware/src/terasim/preview_control/preview_control/src/speed_control.cpp:1:10:[m[K [01;31m[Kfatal error: [m[Kspeed_control.hpp: No such file or directory
    1 | #include [01;31m[K<speed_control.hpp>[m[K
      |          [01;31m[K^~~~~~~~~~~~~~~~~~~[m[K
compilation terminated.
compilation terminated.
gmake[2]: *** [CMakeFiles/preview_control_component.dir/build.make:90: CMakeFiles/preview_control_component.dir/src/path_follow.cpp.o] Error 1
gmake[2]: *** Waiting for unfinished jobs....
gmake[2]: *** [CMakeFiles/preview_control_component.dir/build.make:104: CMakeFiles/preview_control_component.dir/src/speed_control.cpp.o] Error 1
In file included from [01m[K/home/zhijie/autoware/src/terasim/preview_control/preview_control/src/preview_control.cpp:1[m[K:
[01m[K/home/zhijie/autoware/src/terasim/preview_control/preview_control/include/preview_control.hpp:10:10:[m[K [01;31m[Kfatal error: [m[Kpath_follow.hpp: No such file or directory
   10 | #include [01;31m[K<path_follow.hpp>[m[K
      |          [01;31m[K^~~~~~~~~~~~~~~~~[m[K
compilation terminated.
gmake[2]: *** [CMakeFiles/preview_control_component.dir/build.make:76: CMakeFiles/preview_control_component.dir/src/preview_control.cpp.o] Error 1
gmake[1]: *** [CMakeFiles/Makefile2:139: CMakeFiles/preview_control_component.dir/all] Error 2
gmake[1]: *** Waiting for unfinished jobs....
gmake: *** [Makefile:146: all] Error 2
