[01m[K/home/zhijie/autoware/src/terasim/mcity_terasim/src/gnss_to_pose_twist.cpp:[m[K In member function â€˜[01m[Kvoid gnss_to_pose_twist::GnssToPoseTwist::calc_occ_grid()[m[Kâ€™:
[01m[K/home/zhijie/autoware/src/terasim/mcity_terasim/src/gnss_to_pose_twist.cpp:117:41:[m[K [01;31m[Kerror: [m[Kâ€˜[01m[Kgrid[m[Kâ€™ was not declared in this scope
  117 |     grid_msg.data = std::vector<int8_t>([01;31m[Kgrid[m[K.info.width * grid.info.height, 0);
      |                                         [01;31m[K^~~~[m[K
[01m[K/home/zhijie/autoware/src/terasim/mcity_terasim/src/gnss_to_pose_twist.cpp:[m[K In member function â€˜[01m[Kvoid gnss_to_pose_twist::GnssToPoseTwist::pub_localization()[m[Kâ€™:
[01m[K/home/zhijie/autoware/src/terasim/mcity_terasim/src/gnss_to_pose_twist.cpp:171:5:[m[K [01;31m[Kerror: [m[Kâ€˜[01m[Kpredicted_objects_msg[m[Kâ€™ was not declared in this scope; did you mean â€˜[01m[Kpred_objects_msg[m[Kâ€™?
  171 |     [01;31m[Kpredicted_objects_msg[m[K.header = header;
      |     [01;31m[K^~~~~~~~~~~~~~~~~~~~~[m[K
      |     [32m[Kpred_objects_msg[m[K
gmake[2]: *** [CMakeFiles/gnss_to_pose_twist_component.dir/build.make:76: CMakeFiles/gnss_to_pose_twist_component.dir/src/gnss_to_pose_twist.cpp.o] Error 1
gmake[1]: *** [CMakeFiles/Makefile2:433: CMakeFiles/gnss_to_pose_twist_component.dir/all] Error 2
gmake: *** [Makefile:146: all] Error 2
