[35m[1mConsolidate compiler generated dependencies of target preview_control_component[0m
[ 33%] Built target preview_control
[ 50%] [32mBuilding CXX object CMakeFiles/preview_control_component.dir/src/preview_control.cpp.o[0m
[01m[K/home/zhijie/autoware/src/terasim/preview_control/preview_control/src/preview_control.cpp:[m[K In constructor â€˜[01m[Kpreview_control::PreviewControl::PreviewControl(const rclcpp::NodeOptions&)[m[Kâ€™:
[01m[K/home/zhijie/autoware/src/terasim/preview_control/preview_control/src/preview_control.cpp:35:20:[m[K [01;31m[Kerror: [m[Kcannot convert â€˜[01m[KPlan_Rlt_S[m[Kâ€™ to â€˜[01m[KPlan_Rlt_S*[m[Kâ€™
   35 |             [01;31m[KssData.p2c[m[K,
      |             [01;31m[K~~~~~~~^~~[m[K
      |                    [01;31m[K|[m[K
      |                    [01;31m[KPlan_Rlt_S[m[K
In file included from [01m[K/home/zhijie/autoware/src/terasim/preview_control/preview_control/include/preview_control.hpp:11[m[K,
                 from [01m[K/home/zhijie/autoware/src/terasim/preview_control/preview_control/src/preview_control.cpp:1[m[K:
[01m[K/home/zhijie/autoware/src/terasim/preview_control/preview_control/src/speed_control/speed_control.hpp:88:33:[m[K [01;36m[Knote: [m[K  initializing argument 1 of â€˜[01m[Kvoid SpeedControl::ini(Plan_Rlt_S*, VehState_S*, Control_Value_S*, float, float, int)[m[Kâ€™
   88 |     void ini([01;36m[KPlan_Rlt_S * const planning2control_msg[m[K,
      |              [01;36m[K~~~~~~~~~~~~~~~~~~~^~~~~~~~~~~~~~~~~~~~[m[K
gmake[2]: *** [CMakeFiles/preview_control_component.dir/build.make:76: CMakeFiles/preview_control_component.dir/src/preview_control.cpp.o] Error 1
gmake[1]: *** [CMakeFiles/Makefile2:139: CMakeFiles/preview_control_component.dir/all] Error 2
gmake: *** [Makefile:146: all] Error 2
