[01m[K/home/zhijie/autoware/src/terasim/preview_control/preview_control/src/preview_path_gen.cpp:[m[K In member function â€˜[01m[Kvoid preview_path_gen::PreviewPathGen::compute_desired_speed_and_acceleration(int)[m[Kâ€™:
[01m[K/home/zhijie/autoware/src/terasim/preview_control/preview_control/src/preview_path_gen.cpp:209:15:[m[K [01;31m[Kerror: [m[Kredeclaration of â€˜[01m[Kfloat desired_speed[m[Kâ€™
  209 |         float [01;31m[Kdesired_speed[m[K = speed_vec_processed[speed_vec_processed.size()-1];
      |               [01;31m[K^~~~~~~~~~~~~[m[K
[01m[K/home/zhijie/autoware/src/terasim/preview_control/preview_control/src/preview_path_gen.cpp:208:15:[m[K [01;36m[Knote: [m[Kâ€˜[01m[Kfloat desired_speed[m[Kâ€™ previously declared here
  208 |         float [01;36m[Kdesired_speed[m[K = speed_vec_processed[closest_point_idx];
      |               [01;36m[K^~~~~~~~~~~~~[m[K
gmake[2]: *** [CMakeFiles/preview_path_gen_component.dir/build.make:76: CMakeFiles/preview_path_gen_component.dir/src/preview_path_gen.cpp.o] Error 1
gmake[1]: *** [CMakeFiles/Makefile2:195: CMakeFiles/preview_path_gen_component.dir/all] Error 2
gmake: *** [Makefile:146: all] Error 2
