[01m[K/home/zhijie/autoware/src/terasim/preview_control/preview_control/src/preview_control.cpp:[m[K In constructor â€˜[01m[Kpreview_control::PreviewControl::PreviewControl(const rclcpp::NodeOptions&)[m[Kâ€™:
[01m[K/home/zhijie/autoware/src/terasim/preview_control/preview_control/src/preview_control.cpp:21:24:[m[K [01;31m[Kerror: [m[Kbase operand of â€˜[01m[K->[m[Kâ€™ has non-pointer type â€˜[01m[KSYSTEM_DATA_S[m[Kâ€™
   21 |         _p2c = & ssData[01;31m[K->[m[Kp2c;
      |                        [01;31m[K^~[m[K
gmake[2]: *** [CMakeFiles/preview_control_component.dir/build.make:76: CMakeFiles/preview_control_component.dir/src/preview_control.cpp.o] Error 1
gmake[1]: *** [CMakeFiles/Makefile2:139: CMakeFiles/preview_control_component.dir/all] Error 2
gmake: *** [Makefile:146: all] Error 2
