[35m[1mConsolidate compiler generated dependencies of target mkz_bywire_component[0m
[ 50%] Built target mkz_bywire
[ 75%] [32mBuilding CXX object CMakeFiles/mkz_bywire_component.dir/src/mkz_bywire.cpp.o[0m
In file included from [01m[K/home/zhijie/autoware/src/terasim/preview_control/mkz_bywire/include/sx.hpp:11[m[K,
                 from [01m[K/home/zhijie/autoware/src/terasim/preview_control/mkz_bywire/include/mkz_bywire.hpp:6[m[K,
                 from [01m[K/home/zhijie/autoware/src/terasim/preview_control/mkz_bywire/src/mkz_bywire.cpp:1[m[K:
[01m[K/home/zhijie/autoware/src/terasim/preview_control/mkz_bywire/include/xmath.hpp:[m[K In function â€˜[01m[Kfloat XM::mindist_Rectangle_Segment(LINE_S2*, Rectangle*)[m[Kâ€™:
[01m[K/home/zhijie/autoware/src/terasim/preview_control/mkz_bywire/include/xmath.hpp:830:92:[m[K [01;31m[Kerror: [m[Kâ€˜[01m[Knull[m[Kâ€™ was not declared in this scope
  830 |         XM::DistanceFromLine(rec->p1.x, rec->p1.y, l->p1.x, l->p1.y, l->p2.x, l->p2.y, d1, [01;31m[Knull[m[K);
      |                                                                                            [01;31m[K^~~~[m[K
[01m[K/home/zhijie/autoware/src/terasim/preview_control/mkz_bywire/include/xmath.hpp:[m[K In function â€˜[01m[Kfloat XM::mindist_Rectangle_Point(Point*, Rectangle*)[m[Kâ€™:
[01m[K/home/zhijie/autoware/src/terasim/preview_control/mkz_bywire/include/xmath.hpp:852:92:[m[K [01;31m[Kerror: [m[Kâ€˜[01m[Knull[m[Kâ€™ was not declared in this scope
  852 |         XM::DistanceFromLine(pt->x, pt->y, rec->p1.x, rec->p1.y, rec->p2.x, rec->p2.y, d1, [01;31m[Knull[m[K);
      |                                                                                            [01;31m[K^~~~[m[K
[01m[K/home/zhijie/autoware/src/terasim/preview_control/mkz_bywire/src/mkz_bywire.cpp:[m[K In constructor â€˜[01m[Kmkz_bywire::MkzBywire::MkzBywire(const rclcpp::NodeOptions&)[m[Kâ€™:
[01m[K/home/zhijie/autoware/src/terasim/preview_control/mkz_bywire/src/mkz_bywire.cpp:46:45:[m[K [01;31m[Kerror: [m[Kâ€˜[01m[KIMU[m[Kâ€™ was not declared in this scope; did you mean â€˜[01m[KImu[m[Kâ€™?
   46 |         sub_imu = this->create_subscription<[01;31m[KIMU[m[K>(
      |                                             [01;31m[K^~~[m[K
      |                                             [32m[KImu[m[K
[01m[K/home/zhijie/autoware/src/terasim/preview_control/mkz_bywire/src/mkz_bywire.cpp:46:49:[m[K [01;31m[Kerror: [m[Kno matching function for call to â€˜[01m[Kmkz_bywire::MkzBywire::create_subscription<<expression error> >(const char [9], int, std::_Bind_helper<false, void (mkz_bywire::MkzBywire::*)(std::shared_ptr<sensor_msgs::msg::Imu_<std::allocator<void> > >), mkz_bywire::MkzBywire*, const std::_Placeholder<1>&>::type)[m[Kâ€™
   46 |         sub_imu = [01;31m[Kthis->create_subscription<IMU>([m[K
      |                   [01;31m[K~~~~~~~~~~~~~~~~~~~~~~~~~~~~~~^[m[K
   47 | [01;31m[K        "imu/data", 10, std::bind(&MkzBywire::imuCB, this, std::placeholders::_1))[m[K;
      |         [01;31m[K~~~~~~~~~~~~~~~~~~~~~~~~~~~~~~~~~~~~~~~~~~~~~~~~~~~~~~~~~~~~~~~~~~~~~~~~~~[m[K
In file included from [01m[K/opt/ros/humble/include/rclcpp/rclcpp/node.hpp:1321[m[K,
                 from [01m[K/opt/ros/humble/include/rclcpp/rclcpp/executors/single_threaded_executor.hpp:28[m[K,
                 from [01m[K/opt/ros/humble/include/rclcpp/rclcpp/executors.hpp:22[m[K,
                 from [01m[K/opt/ros/humble/include/rclcpp/rclcpp/rclcpp.hpp:155[m[K,
                 from [01m[K/home/zhijie/autoware/src/terasim/preview_control/mkz_bywire/include/mkz_bywire.hpp:11[m[K,
                 from [01m[K/home/zhijie/autoware/src/terasim/preview_control/mkz_bywire/src/mkz_bywire.cpp:1[m[K:
[01m[K/opt/ros/humble/include/rclcpp/rclcpp/node_impl.hpp:92:1:[m[K [01;36m[Knote: [m[Kcandidate: â€˜[01m[Ktemplate<class MessageT, class CallbackT, class AllocatorT, class SubscriptionT, class MessageMemoryStrategyT> std::shared_ptr<ROSMessageT> rclcpp::Node::create_subscription(const string&, const rclcpp::QoS&, CallbackT&&, const rclcpp::SubscriptionOptionsWithAllocator<AllocatorT>&, typename MessageMemoryStrategyT::SharedPtr)[m[Kâ€™
   92 | [01;36m[KNode[m[K::create_subscription(
      | [01;36m[K^~~~[m[K
[01m[K/opt/ros/humble/include/rclcpp/rclcpp/node_impl.hpp:92:1:[m[K [01;36m[Knote: [m[K  template argument deduction/substitution failed:
[01m[K/home/zhijie/autoware/src/terasim/preview_control/mkz_bywire/src/mkz_bywire.cpp:46:49:[m[K [01;31m[Kerror: [m[Ktemplate argument 1 is invalid
   46 |         sub_imu = [01;31m[Kthis->create_subscription<IMU>([m[K
      |                   [01;31m[K~~~~~~~~~~~~~~~~~~~~~~~~~~~~~~^[m[K
   47 | [01;31m[K        "imu/data", 10, std::bind(&MkzBywire::imuCB, this, std::placeholders::_1))[m[K;
      |         [01;31m[K~~~~~~~~~~~~~~~~~~~~~~~~~~~~~~~~~~~~~~~~~~~~~~~~~~~~~~~~~~~~~~~~~~~~~~~~~~[m[K
[01m[K/home/zhijie/autoware/src/terasim/preview_control/mkz_bywire/src/mkz_bywire.cpp:56:60:[m[K [01;31m[Kerror: [m[Kâ€˜[01m[Kon_timer[m[Kâ€™ is not a member of â€˜[01m[Kmkz_bywire::MkzBywire[m[Kâ€™
   56 |             this, get_clock(), 20ms, std::bind(&MkzBywire::[01;31m[Kon_timer[m[K, this));
      |                                                            [01;31m[K^~~~~~~~[m[K
[01m[K/home/zhijie/autoware/src/terasim/preview_control/mkz_bywire/src/mkz_bywire.cpp:85:29:[m[K [01;31m[Kerror: [m[Kâ€˜[01m[KGear[m[Kâ€™ has not been declared
   85 |         gear_msg.cmd.gear = [01;31m[KGear[m[K::NONE;
      |                             [01;31m[K^~~~[m[K
[01m[K/home/zhijie/autoware/src/terasim/preview_control/mkz_bywire/src/mkz_bywire.cpp:89:25:[m[K [01;31m[Kerror: [m[Kâ€˜[01m[Kusing TurnSignal = struct dataspeed_dbw_msgs::msg::TurnSignal_<std::allocator<void> >[m[Kâ€™ {aka â€˜[01m[Kstruct dataspeed_dbw_msgs::msg::TurnSignal_<std::allocator<void> >[m[Kâ€™} has no member named â€˜[01m[Kcmd[m[Kâ€™
   89 |         turn_signal_msg.[01;31m[Kcmd[m[K.value = Turnsignal::NONE;
      |                         [01;31m[K^~~[m[K
[01m[K/home/zhijie/autoware/src/terasim/preview_control/mkz_bywire/src/mkz_bywire.cpp:89:37:[m[K [01;31m[Kerror: [m[Kâ€˜[01m[KTurnsignal[m[Kâ€™ has not been declared
   89 |         turn_signal_msg.cmd.value = [01;31m[KTurnsignal[m[K::NONE;
      |                                     [01;31m[K^~~~~~~~~~[m[K
[01m[K/home/zhijie/autoware/src/terasim/preview_control/mkz_bywire/src/mkz_bywire.cpp:[m[K In function â€˜[01m[Kvoid mkz_bywire::on_timer()[m[Kâ€™:
[01m[K/home/zhijie/autoware/src/terasim/preview_control/mkz_bywire/src/mkz_bywire.cpp:93:11:[m[K [01;31m[Kerror: [m[Kno pre-increment operator for type
   93 |         ++[01;31m[Kcount[m[K;
      |           [01;31m[K^~~~~[m[K
[01m[K/home/zhijie/autoware/src/terasim/preview_control/mkz_bywire/src/mkz_bywire.cpp:95:18:[m[K [01;31m[Kerror: [m[Kexpected unqualified-id before â€˜[01m[K.[m[Kâ€™ token
   95 |         MkzBywire[01;31m[K.[m[Kcheck();
      |                  [01;31m[K^[m[K
[01m[K/home/zhijie/autoware/src/terasim/preview_control/mkz_bywire/src/mkz_bywire.cpp:96:18:[m[K [01;31m[Kerror: [m[Kexpected unqualified-id before â€˜[01m[K.[m[Kâ€™ token
   96 |         MkzBywire[01;31m[K.[m[KsensorCheck();
      |                  [01;31m[K^[m[K
[01m[K/home/zhijie/autoware/src/terasim/preview_control/mkz_bywire/src/mkz_bywire.cpp:97:18:[m[K [01;31m[Kerror: [m[Kexpected unqualified-id before â€˜[01m[K.[m[Kâ€™ token
   97 |         MkzBywire[01;31m[K.[m[KpublishCmd();
      |                  [01;31m[K^[m[K
[01m[K/home/zhijie/autoware/src/terasim/preview_control/mkz_bywire/src/mkz_bywire.cpp:100:22:[m[K [01;31m[Kerror: [m[Kexpected unqualified-id before â€˜[01m[K.[m[Kâ€™ token
  100 |             MkzBywire[01;31m[K.[m[KpublishVehState();
      |                      [01;31m[K^[m[K
[01m[K/home/zhijie/autoware/src/terasim/preview_control/mkz_bywire/src/mkz_bywire.cpp:102:18:[m[K [01;31m[Kerror: [m[Kinvalid operands of types â€˜[01m[K<unresolved overloaded function type>[m[Kâ€™ and â€˜[01m[Kint[m[Kâ€™ to binary â€˜[01m[Koperator%[m[Kâ€™
  102 |         if (count%FREQ == 0)
[01m[K/home/zhijie/autoware/src/terasim/preview_control/mkz_bywire/src/mkz_bywire.cpp:103:22:[m[K [01;31m[Kerror: [m[Kexpected unqualified-id before â€˜[01m[K.[m[Kâ€™ token
  103 |             MkzBywire[01;31m[K.[m[KpublishSensorcheck();
      |                      [01;31m[K^[m[K
[01m[K/home/zhijie/autoware/src/terasim/preview_control/mkz_bywire/src/mkz_bywire.cpp:[m[K In member function â€˜[01m[Kvoid mkz_bywire::MkzBywire::publishCmd()[m[Kâ€™:
[01m[K/home/zhijie/autoware/src/terasim/preview_control/mkz_bywire/src/mkz_bywire.cpp:121:34:[m[K [01;31m[Kerror: [m[Kâ€˜[01m[KGear[m[Kâ€™ has not been declared
  121 |         if (gear_msg.cmd.gear == [01;31m[KGear[m[K::PARK    ||
      |                                  [01;31m[K^~~~[m[K
[01m[K/home/zhijie/autoware/src/terasim/preview_control/mkz_bywire/src/mkz_bywire.cpp:122:34:[m[K [01;31m[Kerror: [m[Kâ€˜[01m[KGear[m[Kâ€™ has not been declared
  122 |             gear_msg.cmd.gear == [01;31m[KGear[m[K::REVERSE ||
      |                                  [01;31m[K^~~~[m[K
[01m[K/home/zhijie/autoware/src/terasim/preview_control/mkz_bywire/src/mkz_bywire.cpp:123:34:[m[K [01;31m[Kerror: [m[Kâ€˜[01m[KGear[m[Kâ€™ has not been declared
  123 |             gear_msg.cmd.gear == [01;31m[KGear[m[K::NEUTRAL ||
      |                                  [01;31m[K^~~~[m[K
[01m[K/home/zhijie/autoware/src/terasim/preview_control/mkz_bywire/src/mkz_bywire.cpp:124:34:[m[K [01;31m[Kerror: [m[Kâ€˜[01m[KGear[m[Kâ€™ has not been declared
  124 |             gear_msg.cmd.gear == [01;31m[KGear[m[K::DRIVE   ||
      |                                  [01;31m[K^~~~[m[K
[01m[K/home/zhijie/autoware/src/terasim/preview_control/mkz_bywire/src/mkz_bywire.cpp:125:34:[m[K [01;31m[Kerror: [m[Kâ€˜[01m[KGear[m[Kâ€™ has not been declared
  125 |             gear_msg.cmd.gear == [01;31m[KGear[m[K::LOW )
      |                                  [01;31m[K^~~~[m[K
[01m[K/home/zhijie/autoware/src/terasim/preview_control/mkz_bywire/src/mkz_bywire.cpp:156:25:[m[K [01;31m[Kerror: [m[Kâ€˜[01m[Kusing TurnSignal = struct dataspeed_dbw_msgs::msg::TurnSignal_<std::allocator<void> >[m[Kâ€™ {aka â€˜[01m[Kstruct dataspeed_dbw_msgs::msg::TurnSignal_<std::allocator<void> >[m[Kâ€™} has no member named â€˜[01m[Kcmd[m[Kâ€™
  156 |         turn_signal_msg.[01;31m[Kcmd[m[K.value = cmd_in.turn_signal;
      |                         [01;31m[K^~~[m[K
[01m[K/home/zhijie/autoware/src/terasim/preview_control/mkz_bywire/src/mkz_bywire.cpp:157:29:[m[K [01;31m[Kerror: [m[Kâ€˜[01m[Kusing TurnSignal = struct dataspeed_dbw_msgs::msg::TurnSignal_<std::allocator<void> >[m[Kâ€™ {aka â€˜[01m[Kstruct dataspeed_dbw_msgs::msg::TurnSignal_<std::allocator<void> >[m[Kâ€™} has no member named â€˜[01m[Kcmd[m[Kâ€™
  157 |         if (turn_signal_msg.[01;31m[Kcmd[m[K.value != Turnsignal::NONE)
      |                             [01;31m[K^~~[m[K
[01m[K/home/zhijie/autoware/src/terasim/preview_control/mkz_bywire/src/mkz_bywire.cpp:157:42:[m[K [01;31m[Kerror: [m[Kâ€˜[01m[KTurnsignal[m[Kâ€™ has not been declared
  157 |         if (turn_signal_msg.cmd.value != [01;31m[KTurnsignal[m[K::NONE)
      |                                          [01;31m[K^~~~~~~~~~[m[K
[01m[K/home/zhijie/autoware/src/terasim/preview_control/mkz_bywire/src/mkz_bywire.cpp:166:57:[m[K [01;31m[Kerror: [m[Kâ€˜[01m[Kusing TurnSignal = struct dataspeed_dbw_msgs::msg::TurnSignal_<std::allocator<void> >[m[Kâ€™ {aka â€˜[01m[Kstruct dataspeed_dbw_msgs::msg::TurnSignal_<std::allocator<void> >[m[Kâ€™} has no member named â€˜[01m[Kcmd[m[Kâ€™
  166 |             StateName::Turn_signal_name(turn_signal_msg.[01;31m[Kcmd[m[K.value).data() );
      |                                                         [01;31m[K^~~[m[K
[01m[K/home/zhijie/autoware/src/terasim/preview_control/mkz_bywire/src/mkz_bywire.cpp:161:9:[m[K [01;31m[Kerror: [m[Kâ€˜[01m[KROS_INFO_THROTTLE[m[Kâ€™ was not declared in this scope; did you mean â€˜[01m[KRCLCPP_INFO_THROTTLE[m[Kâ€™?
  161 |         [01;31m[KROS_INFO_THROTTLE[m[K(10, "Publised cmd: T%f B%f S%f Gear-%s TS-%s",
      |         [01;31m[K^~~~~~~~~~~~~~~~~[m[K
      |         [32m[KRCLCPP_INFO_THROTTLE[m[K
[01m[K/home/zhijie/autoware/src/terasim/preview_control/mkz_bywire/src/mkz_bywire.cpp:[m[K In member function â€˜[01m[Kvoid mkz_bywire::MkzBywire::publishVehState()[m[Kâ€™:
[01m[K/home/zhijie/autoware/src/terasim/preview_control/mkz_bywire/src/mkz_bywire.cpp:213:50:[m[K [01;31m[Kerror: [m[Kcannot convert â€˜[01m[Krclcpp::Time[m[Kâ€™ to â€˜[01m[Kmcity_msgs::msg::VehicleState_<std::allocator<void> >::_timestamp_type[m[Kâ€™ {aka â€˜[01m[Kdouble[m[Kâ€™} in assignment
  213 |         vs_msg.timestamp = [01;31m[Kthis->get_clock()->now()[m[K;
      |                            [01;31m[K~~~~~~~~~~~~~~~~~~~~~~^~[m[K
      |                                                  [01;31m[K|[m[K
      |                                                  [01;31m[Krclcpp::Time[m[K
[01m[K/home/zhijie/autoware/src/terasim/preview_control/mkz_bywire/src/mkz_bywire.cpp:[m[K In member function â€˜[01m[Kvoid mkz_bywire::MkzBywire::publishSensorcheck()[m[Kâ€™:
[01m[K/home/zhijie/autoware/src/terasim/preview_control/mkz_bywire/src/mkz_bywire.cpp:219:54:[m[K [01;31m[Kerror: [m[Kcannot convert â€˜[01m[Krclcpp::Time[m[Kâ€™ to â€˜[01m[Kmcity_msgs::msg::SensorCheck_<std::allocator<void> >::_timestamp_type[m[Kâ€™ {aka â€˜[01m[Kdouble[m[Kâ€™} in assignment
  219 |         sensor_msg.timestamp = [01;31m[Kthis->get_clock()->now()[m[K;
      |                                [01;31m[K~~~~~~~~~~~~~~~~~~~~~~^~[m[K
      |                                                      [01;31m[K|[m[K
      |                                                      [01;31m[Krclcpp::Time[m[K
gmake[2]: *** [CMakeFiles/mkz_bywire_component.dir/build.make:76: CMakeFiles/mkz_bywire_component.dir/src/mkz_bywire.cpp.o] Error 1
gmake[1]: *** [CMakeFiles/Makefile2:139: CMakeFiles/mkz_bywire_component.dir/all] Error 2
gmake: *** [Makefile:146: all] Error 2
