[35m[1mConsolidate compiler generated dependencies of target mkz_bywire_component[0m
[ 50%] Built target mkz_bywire
[ 75%] [32mBuilding CXX object CMakeFiles/mkz_bywire_component.dir/src/mkz_bywire.cpp.o[0m
In file included from [01m[K/home/zhijie/autoware/src/terasim/preview_control/mkz_bywire/src/mkz_bywire.cpp:1[m[K:
[01m[K/home/zhijie/autoware/src/terasim/preview_control/mkz_bywire/include/mkz_bywire.hpp:99:5:[m[K [01;31m[Kerror: [m[Kâ€˜[01m[Kis_cmd_received[m[Kâ€™ does not name a type
   99 |     [01;31m[Kis_cmd_received[m[K = false;
      |     [01;31m[K^~~~~~~~~~~~~~~[m[K
[01m[K/home/zhijie/autoware/src/terasim/preview_control/mkz_bywire/src/mkz_bywire.cpp:[m[K In member function â€˜[01m[Kvoid mkz_bywire::MkzBywire::on_timer()[m[Kâ€™:
[01m[K/home/zhijie/autoware/src/terasim/preview_control/mkz_bywire/src/mkz_bywire.cpp:76:39:[m[K [01;31m[Kerror: [m[Kâ€˜[01m[Kis_cmd_received[m[Kâ€™ was not declared in this scope
   76 |         if (vs_msg.by_wire_enabled && [01;31m[Kis_cmd_received[m[K){
      |                                       [01;31m[K^~~~~~~~~~~~~~~[m[K
[01m[K/home/zhijie/autoware/src/terasim/preview_control/mkz_bywire/src/mkz_bywire.cpp:[m[K In member function â€˜[01m[Kvoid mkz_bywire::MkzBywire::cmdCB(mcity_msgs::msg::Control_<std::allocator<void> >::SharedPtr)[m[Kâ€™:
[01m[K/home/zhijie/autoware/src/terasim/preview_control/mkz_bywire/src/mkz_bywire.cpp:211:9:[m[K [01;31m[Kerror: [m[Kâ€˜[01m[Kis_cmd_received[m[Kâ€™ was not declared in this scope
  211 |         [01;31m[Kis_cmd_received[m[K = true;
      |         [01;31m[K^~~~~~~~~~~~~~~[m[K
gmake[2]: *** [CMakeFiles/mkz_bywire_component.dir/build.make:76: CMakeFiles/mkz_bywire_component.dir/src/mkz_bywire.cpp.o] Error 1
gmake[1]: *** [CMakeFiles/Makefile2:139: CMakeFiles/mkz_bywire_component.dir/all] Error 2
gmake: *** [Makefile:146: all] Error 2
