[ 15%] Built target cav_info_converter
[ 15%] Built target sumo_autoware_cosim
[ 18%] Built target cav_context_converter
[ 25%] Built target dbw_ulc_converter
[ 31%] Built target traffic_signal_control
[ 37%] Built target traffic_signal_control_component
[ 43%] Built target cav_context_replay
[ 50%] Built target sumo_autoware_real
[ 56%] Built target gnss_to_pose_twist
[ 62%] Built target cav_info_converter_component
[ 68%] Built target cav_context_converter_component
[ 75%] Built target cav_context_replay_component
[ 81%] Built target sumo_autoware_cosim_component
[ 87%] Built target sumo_autoware_real_component
[35m[1mConsolidate compiler generated dependencies of target gnss_to_pose_twist_component[0m
[ 90%] [32mBuilding CXX object CMakeFiles/gnss_to_pose_twist_component.dir/src/gnss_to_pose_twist.cpp.o[0m
[01m[K/home/zhijie/autoware/src/terasim/mcity_terasim/src/gnss_to_pose_twist.cpp:[m[K In member function â€˜[01m[Kvoid gnss_to_pose_twist::GnssToPoseTwist::calc_vehicle_quaternion(float&, float&, float&, float&)[m[Kâ€™:
[01m[K/home/zhijie/autoware/src/terasim/mcity_terasim/src/gnss_to_pose_twist.cpp:66:15:[m[K [01;31m[Kerror: [m[Kvariable â€˜[01m[KrotationAroundZ[m[Kâ€™ set but not used [[01;31m[K]8;;https://gcc.gnu.org/onlinedocs/gcc/Warning-Options.html#index-Wunused-but-set-variable-Werror=unused-but-set-variable]8;;[m[K]
   66 |     glm::quat [01;31m[KrotationAroundZ[m[K = glm::angleAxis(glm::radians(-90.0f), glm::vec3(0.0f, 0.0f, 1.0f));
      |               [01;31m[K^~~~~~~~~~~~~~~[m[K
cc1plus: all warnings being treated as errors
gmake[2]: *** [CMakeFiles/gnss_to_pose_twist_component.dir/build.make:76: CMakeFiles/gnss_to_pose_twist_component.dir/src/gnss_to_pose_twist.cpp.o] Error 1
gmake[1]: *** [CMakeFiles/Makefile2:494: CMakeFiles/gnss_to_pose_twist_component.dir/all] Error 2
gmake: *** [Makefile:146: all] Error 2
