[01m[K/home/zhijie/autoware/src/terasim/abc_terasim/src/abc_context_converter.cpp:[m[K In constructor â€˜[01m[Kabc_context_converter::AbcContextConverter::AbcContextConverter(const rclcpp::NodeOptions&)[m[Kâ€™:
[01m[K/home/zhijie/autoware/src/terasim/abc_terasim/src/abc_context_converter.cpp:27:31:[m[K [01;31m[Kerror: [m[Kâ€˜[01m[Kcav_context_history_copy[m[Kâ€™ was not declared in this scope; did you mean â€˜[01m[Kcav_context_history_json[m[Kâ€™?
   27 |     for (json::iterator bvv = [01;31m[Kcav_context_history_copy[m[K.begin(); bvv != cav_context_history_copy.end(); ++bvv) {
      |                               [01;31m[K^~~~~~~~~~~~~~~~~~~~~~~~[m[K
      |                               [32m[Kcav_context_history_json[m[K
gmake[2]: *** [CMakeFiles/abc_context_converter_component.dir/build.make:76: CMakeFiles/abc_context_converter_component.dir/src/abc_context_converter.cpp.o] Error 1
gmake[1]: *** [CMakeFiles/Makefile2:231: CMakeFiles/abc_context_converter_component.dir/all] Error 2
gmake: *** [Makefile:146: all] Error 2
