-- Found autoware_cmake: 0.1.0 (/home/zhijie/autoware/install/autoware_cmake/share/autoware_cmake/cmake)
-- Override CMake install command with custom implementation using symlinks instead of copying resources
-- Found rosidl_generator_c: 3.1.5 (/opt/ros/humble/share/rosidl_generator_c/cmake)
-- Found rosidl_adapter: 3.1.5 (/opt/ros/humble/share/rosidl_adapter/cmake)
-- Found rosidl_generator_cpp: 3.1.5 (/opt/ros/humble/share/rosidl_generator_cpp/cmake)
-- Using all available rosidl_typesupport_c: rosidl_typesupport_fastrtps_c;rosidl_typesupport_introspection_c
-- Using all available rosidl_typesupport_cpp: rosidl_typesupport_fastrtps_cpp;rosidl_typesupport_introspection_cpp
-- Found rmw_implementation_cmake: 6.1.1 (/opt/ros/humble/share/rmw_implementation_cmake/cmake)
-- Found rmw_cyclonedds_cpp: 1.3.4 (/opt/ros/humble/share/rmw_cyclonedds_cpp/cmake)
-- Using RMW implementation 'rmw_cyclonedds_cpp' as default
-- Found eigen3_cmake_module: 0.1.1 (/opt/ros/humble/share/eigen3_cmake_module/cmake)
-- Ensuring Eigen3 include directory is part of orocos-kdl CMake target
-- Eigen found (include: /usr/include/eigen3, version: 3.4.0)
-- FLANN found (include: /usr/include, lib: /usr/lib/x86_64-linux-gnu/libflann_cpp.so)
-- OpenNI found (version: 1.5.4.0, include: /usr/include/ni, lib: /usr/lib/libOpenNI.so;libusb::libusb)
-- OpenNI2 found (version: 2.2.0.33, include: /usr/include/openni2, lib: /usr/lib/x86_64-linux-gnu/libOpenNI2.so;libusb::libusb)
-- Eigen found (include: /usr/include/eigen3, version: 3.4.0)
-- OpenNI found (version: 1.5.4.0, include: /usr/include/ni, lib: /usr/lib/libOpenNI.so;libusb::libusb)
-- OpenNI2 found (version: 2.2.0.33, include: /usr/include/openni2, lib: /usr/lib/x86_64-linux-gnu/libOpenNI2.so;libusb::libusb)
-- Found Qhull version 8.0.2
-- OpenNI found (version: 1.5.4.0, include: /usr/include/ni, lib: /usr/lib/libOpenNI.so;libusb::libusb)
-- Found ament_lint_auto: 0.12.8 (/opt/ros/humble/share/ament_lint_auto/cmake)
-- Added test 'copyright' to check source files copyright and LICENSE
-- Added test 'cppcheck' to perform static code analysis on C / C++ code
-- Configured cppcheck include dirs: /home/zhijie/autoware/src/terasim/abc_terasim/include
-- Configured cppcheck exclude dirs and/or files: 
-- Added test 'lint_cmake' to check CMake code style
-- Added test 'xmllint' to check XML markup files
-- Configuring done
-- Generating done
-- Build files have been written to: /home/zhijie/autoware/build/abc_terasim
[35m[1mConsolidate compiler generated dependencies of target abc_info_converter[0m
[35m[1mConsolidate compiler generated dependencies of target test_09[0m
[35m[1mConsolidate compiler generated dependencies of target test_12[0m
[35m[1mConsolidate compiler generated dependencies of target test_06[0m
[35m[1mConsolidate compiler generated dependencies of target abc_context_converter[0m
[35m[1mConsolidate compiler generated dependencies of target abc_info_converter_component[0m
[35m[1mConsolidate compiler generated dependencies of target test_01[0m
[35m[1mConsolidate compiler generated dependencies of target test_05[0m
[35m[1mConsolidate compiler generated dependencies of target test_10[0m
[35m[1mConsolidate compiler generated dependencies of target test_08[0m
[35m[1mConsolidate compiler generated dependencies of target test_07[0m
[35m[1mConsolidate compiler generated dependencies of target test_11[0m
[  4%] Built target abc_info_converter
[ 11%] Built target test_12
[ 13%] Built target test_09
[ 18%] Built target test_01
[ 22%] Built target test_06
[ 27%] Built target test_10
[ 31%] Built target test_05
[ 38%] Built target test_07
[ 40%] Built target abc_context_converter
[ 50%] Built target test_08
[ 54%] Built target test_11
[ 54%] Built target abc_info_converter_component
[35m[1mConsolidate compiler generated dependencies of target abc_context_converter_component[0m
[ 59%] Built target abc_context_converter_component
[35m[1mConsolidate compiler generated dependencies of target test_01_component[0m
[ 61%] [32mBuilding CXX object CMakeFiles/test_01_component.dir/src/test_01.cpp.o[0m
[01m[K/home/zhijie/autoware/src/terasim/abc_terasim/src/test_01.cpp:19:3:[m[K [01;31m[Kerror: [m[Kâ€˜[01m[KTest01[m[Kâ€™ does not name a type
   19 |   [01;31m[KTest01[m[K::Test01(const rclcpp::NodeOptions & options)
      |   [01;31m[K^~~~~~[m[K
[01m[K/home/zhijie/autoware/src/terasim/abc_terasim/src/test_01.cpp:37:8:[m[K [01;31m[Kerror: [m[Kâ€˜[01m[KTest01[m[Kâ€™ has not been declared
   37 |   void [01;31m[KTest01[m[K::on_timer(){
      |        [01;31m[K^~~~~~[m[K
[01m[K/home/zhijie/autoware/src/terasim/abc_terasim/src/test_01.cpp:[m[K In function â€˜[01m[Kvoid test_01::on_timer()[m[Kâ€™:
[01m[K/home/zhijie/autoware/src/terasim/abc_terasim/src/test_01.cpp:38:5:[m[K [01;31m[Kerror: [m[Kâ€˜[01m[Kstring[m[Kâ€™ was not declared in this scope
   38 |     [01;31m[Kstring[m[K terasim_status = get_key("terasim_status");
      |     [01;31m[K^~~~~~[m[K
[01m[K/home/zhijie/autoware/src/terasim/abc_terasim/src/test_01.cpp:38:5:[m[K [01;36m[Knote: [m[Ksuggested alternatives:
In file included from [01m[K/usr/include/c++/11/iosfwd:39[m[K,
                 from [01m[K/usr/include/c++/11/ios:38[m[K,
                 from [01m[K/usr/include/c++/11/ostream:38[m[K,
                 from [01m[K/usr/include/c++/11/iostream:39[m[K,
                 from [01m[K/home/zhijie/autoware/src/terasim/abc_terasim/include/test_01.hpp:18[m[K,
                 from [01m[K/home/zhijie/autoware/src/terasim/abc_terasim/src/test_01.cpp:15[m[K:
[01m[K/usr/include/c++/11/bits/stringfwd.h:79:33:[m[K [01;36m[Knote: [m[K  â€˜[01m[Kstd::string[m[Kâ€™
   79 |   typedef basic_string<char>    [01;36m[Kstring[m[K;
      |                                 [01;36m[K^~~~~~[m[K
In file included from [01m[K/usr/include/c++/11/bits/locale_classes.h:40[m[K,
                 from [01m[K/usr/include/c++/11/bits/ios_base.h:41[m[K,
                 from [01m[K/usr/include/c++/11/ios:42[m[K,
                 from [01m[K/usr/include/c++/11/ostream:38[m[K,
                 from [01m[K/usr/include/c++/11/iostream:39[m[K,
                 from [01m[K/home/zhijie/autoware/src/terasim/abc_terasim/include/test_01.hpp:18[m[K,
                 from [01m[K/home/zhijie/autoware/src/terasim/abc_terasim/src/test_01.cpp:15[m[K:
[01m[K/usr/include/c++/11/string:67:11:[m[K [01;36m[Knote: [m[K  â€˜[01m[Kstd::pmr::string[m[Kâ€™
   67 |     using [01;36m[Kstring[m[K    = basic_string<char>;
      |           [01;36m[K^~~~~~[m[K
[01m[K/home/zhijie/autoware/src/terasim/abc_terasim/src/test_01.cpp:39:9:[m[K [01;31m[Kerror: [m[Kâ€˜[01m[Kterasim_status[m[Kâ€™ was not declared in this scope; did you mean â€˜[01m[Ksi_status[m[Kâ€™?
   39 |     if ([01;31m[Kterasim_status[m[K == "" || terasim_status == "0"){
      |         [01;31m[K^~~~~~~~~~~~~~[m[K
      |         [32m[Ksi_status[m[K
[01m[K/home/zhijie/autoware/src/terasim/abc_terasim/src/test_01.cpp:44:9:[m[K [01;31m[Kerror: [m[Kâ€˜[01m[Kautoware_state[m[Kâ€™ was not declared in this scope
   44 |     if ([01;31m[Kautoware_state[m[K == 0){
      |         [01;31m[K^~~~~~~~~~~~~~[m[K
[01m[K/home/zhijie/autoware/src/terasim/abc_terasim/src/test_01.cpp:48:7:[m[K [01;31m[Kerror: [m[Kâ€˜[01m[Kpublish_localization[m[Kâ€™ was not declared in this scope
   48 |       [01;31m[Kpublish_localization[m[K();
      |       [01;31m[K^~~~~~~~~~~~~~~~~~~~[m[K
[01m[K/home/zhijie/autoware/src/terasim/abc_terasim/src/test_01.cpp:51:7:[m[K [01;31m[Kerror: [m[Kâ€˜[01m[Kpublish_goal[m[Kâ€™ was not declared in this scope
   51 |       [01;31m[Kpublish_goal[m[K();
      |       [01;31m[K^~~~~~~~~~~~[m[K
[01m[K/home/zhijie/autoware/src/terasim/abc_terasim/src/test_01.cpp:54:7:[m[K [01;31m[Kerror: [m[Kâ€˜[01m[Kset_autoware_control[m[Kâ€™ was not declared in this scope
   54 |       [01;31m[Kset_autoware_control[m[K(true);
      |       [01;31m[K^~~~~~~~~~~~~~~~~~~~[m[K
[01m[K/home/zhijie/autoware/src/terasim/abc_terasim/src/test_01.cpp:55:26:[m[K [01;31m[Kerror: [m[Kâ€˜[01m[KAUTONOMOUS[m[Kâ€™ was not declared in this scope
   55 |       set_operation_mode([01;31m[KAUTONOMOUS[m[K);
      |                          [01;31m[K^~~~~~~~~~[m[K
[01m[K/home/zhijie/autoware/src/terasim/abc_terasim/src/test_01.cpp:55:7:[m[K [01;31m[Kerror: [m[Kâ€˜[01m[Kset_operation_mode[m[Kâ€™ was not declared in this scope
   55 |       [01;31m[Kset_operation_mode[m[K(AUTONOMOUS);
      |       [01;31m[K^~~~~~~~~~~~~~~~~~[m[K
[01m[K/home/zhijie/autoware/src/terasim/abc_terasim/src/test_01.cpp:[m[K At global scope:
[01m[K/home/zhijie/autoware/src/terasim/abc_terasim/src/test_01.cpp:60:8:[m[K [01;31m[Kerror: [m[Kâ€˜[01m[KTest01[m[Kâ€™ has not been declared
   60 |   void [01;31m[KTest01[m[K::publish_localization(){
      |        [01;31m[K^~~~~~[m[K
[01m[K/home/zhijie/autoware/src/terasim/abc_terasim/src/test_01.cpp:[m[K In function â€˜[01m[Kvoid test_01::publish_localization()[m[Kâ€™:
[01m[K/home/zhijie/autoware/src/terasim/abc_terasim/src/test_01.cpp:61:5:[m[K [01;31m[Kerror: [m[Kâ€˜[01m[Klocalization_msg[m[Kâ€™ was not declared in this scope
   61 |     [01;31m[Klocalization_msg[m[K.pose.pose.position.x = 77645.28125;
      |     [01;31m[K^~~~~~~~~~~~~~~~[m[K
[01m[K/home/zhijie/autoware/src/terasim/abc_terasim/src/test_01.cpp:69:37:[m[K [01;31m[Kerror: [m[Kinvalid use of â€˜[01m[Kthis[m[Kâ€™ in non-member function
   69 |     localization_msg.header.stamp = [01;31m[Kthis[m[K->get_clock()->now();
      |                                     [01;31m[K^~~~[m[K
[01m[K/home/zhijie/autoware/src/terasim/abc_terasim/src/test_01.cpp:72:5:[m[K [01;31m[Kerror: [m[Kâ€˜[01m[Kpub_local[m[Kâ€™ was not declared in this scope
   72 |     [01;31m[Kpub_local[m[K->publish(localization_msg);
      |     [01;31m[K^~~~~~~~~[m[K
[01m[K/home/zhijie/autoware/src/terasim/abc_terasim/src/test_01.cpp:[m[K At global scope:
[01m[K/home/zhijie/autoware/src/terasim/abc_terasim/src/test_01.cpp:75:8:[m[K [01;31m[Kerror: [m[Kâ€˜[01m[KTest01[m[Kâ€™ has not been declared
   75 |   void [01;31m[KTest01[m[K::publish_goal(){
      |        [01;31m[K^~~~~~[m[K
[01m[K/home/zhijie/autoware/src/terasim/abc_terasim/src/test_01.cpp:[m[K In function â€˜[01m[Kvoid test_01::publish_goal()[m[Kâ€™:
[01m[K/home/zhijie/autoware/src/terasim/abc_terasim/src/test_01.cpp:76:5:[m[K [01;31m[Kerror: [m[Kâ€˜[01m[Kgoal_msg[m[Kâ€™ was not declared in this scope
   76 |     [01;31m[Kgoal_msg[m[K.pose.position.x = 77655.609375;
      |     [01;31m[K^~~~~~~~[m[K
[01m[K/home/zhijie/autoware/src/terasim/abc_terasim/src/test_01.cpp:84:29:[m[K [01;31m[Kerror: [m[Kinvalid use of â€˜[01m[Kthis[m[Kâ€™ in non-member function
   84 |     goal_msg.header.stamp = [01;31m[Kthis[m[K->get_clock()->now();
      |                             [01;31m[K^~~~[m[K
[01m[K/home/zhijie/autoware/src/terasim/abc_terasim/src/test_01.cpp:87:5:[m[K [01;31m[Kerror: [m[Kâ€˜[01m[Kpub_goal[m[Kâ€™ was not declared in this scope; did you mean â€˜[01m[Kpublish_goal[m[Kâ€™?
   87 |     [01;31m[Kpub_goal[m[K->publish(goal_msg);
      |     [01;31m[K^~~~~~~~[m[K
      |     [32m[Kpublish_goal[m[K
[01m[K/home/zhijie/autoware/src/terasim/abc_terasim/src/test_01.cpp:[m[K At global scope:
[01m[K/home/zhijie/autoware/src/terasim/abc_terasim/src/test_01.cpp:90:8:[m[K [01;31m[Kerror: [m[Kâ€˜[01m[KTest01[m[Kâ€™ has not been declared
   90 |   void [01;31m[KTest01[m[K::set_operation_mode(uint8_t mode){
      |        [01;31m[K^~~~~~[m[K
[01m[K/home/zhijie/autoware/src/terasim/abc_terasim/src/test_01.cpp:[m[K In function â€˜[01m[Kvoid test_01::set_operation_mode(uint8_t)[m[Kâ€™:
[01m[K/home/zhijie/autoware/src/terasim/abc_terasim/src/test_01.cpp:91:37:[m[K [01;31m[Kerror: [m[Kâ€˜[01m[KChangeOperationMode[m[Kâ€™ was not declared in this scope
   91 |     auto request = std::make_shared<[01;31m[KChangeOperationMode[m[K::Request>();
      |                                     [01;31m[K^~~~~~~~~~~~~~~~~~~[m[K
[01m[K/home/zhijie/autoware/src/terasim/abc_terasim/src/test_01.cpp:91:37:[m[K [01;36m[Knote: [m[Ksuggested alternatives:
In file included from [01m[K/home/zhijie/autoware/build/tier4_system_msgs/rosidl_generator_cpp/tier4_system_msgs/srv/change_operation_mode.hpp:7[m[K,
                 from [01m[K/home/zhijie/autoware/src/terasim/abc_terasim/include/test_01.hpp:23[m[K,
                 from [01m[K/home/zhijie/autoware/src/terasim/abc_terasim/src/test_01.cpp:15[m[K:
[01m[K/home/zhijie/autoware/build/tier4_system_msgs/rosidl_generator_cpp/tier4_system_msgs/srv/detail/change_operation_mode__struct.hpp:276:8:[m[K [01;36m[Knote: [m[K  â€˜[01m[Ktier4_system_msgs::srv::ChangeOperationMode[m[Kâ€™
  276 | struct [01;36m[KChangeOperationMode[m[K
      |        [01;36m[K^~~~~~~~~~~~~~~~~~~[m[K
[01m[K/home/zhijie/autoware/build/tier4_system_msgs/rosidl_generator_cpp/tier4_system_msgs/srv/detail/change_operation_mode__struct.hpp:276:8:[m[K [01;36m[Knote: [m[K  â€˜[01m[Ktier4_system_msgs::srv::ChangeOperationMode[m[Kâ€™
[01m[K/home/zhijie/autoware/src/terasim/abc_terasim/src/test_01.cpp:91:25:[m[K [01;31m[Kerror: [m[Kparse error in template argument list
   91 |     auto request = std::[01;31m[Kmake_shared<ChangeOperationMode::Request>[m[K();
      |                         [01;31m[K^~~~~~~~~~~~~~~~~~~~~~~~~~~~~~~~~~~~~~~~~[m[K
[01m[K/home/zhijie/autoware/src/terasim/abc_terasim/src/test_01.cpp:91:66:[m[K [01;31m[Kerror: [m[Kno matching function for call to â€˜[01m[Kmake_shared<<expression error> >()[m[Kâ€™
   91 |     auto request = [01;31m[Kstd::make_shared<ChangeOperationMode::Request>()[m[K;
      |                    [01;31m[K~~~~~~~~~~~~~~~~~~~~~~~~~~~~~~~~~~~~~~~~~~~~~~^~[m[K
In file included from [01m[K/usr/include/c++/11/memory:77[m[K,
                 from [01m[K/opt/ros/humble/include/rclcpp/rclcpp/rclcpp.hpp:153[m[K,
                 from [01m[K/home/zhijie/autoware/src/terasim/abc_terasim/include/test_01.hpp:19[m[K,
                 from [01m[K/home/zhijie/autoware/src/terasim/abc_terasim/src/test_01.cpp:15[m[K:
[01m[K/usr/include/c++/11/bits/shared_ptr.h:875:5:[m[K [01;36m[Knote: [m[Kcandidate: â€˜[01m[Ktemplate<class _Tp, class ... _Args> std::shared_ptr<_Tp> std::make_shared(_Args&& ...)[m[Kâ€™
  875 |     [01;36m[Kmake_shared[m[K(_Args&&... __args)
      |     [01;36m[K^~~~~~~~~~~[m[K
[01m[K/usr/include/c++/11/bits/shared_ptr.h:875:5:[m[K [01;36m[Knote: [m[K  template argument deduction/substitution failed:
[01m[K/home/zhijie/autoware/src/terasim/abc_terasim/src/test_01.cpp:91:66:[m[K [01;31m[Kerror: [m[Ktemplate argument 1 is invalid
   91 |     auto request = [01;31m[Kstd::make_shared<ChangeOperationMode::Request>()[m[K;
      |                    [01;31m[K~~~~~~~~~~~~~~~~~~~~~~~~~~~~~~~~~~~~~~~~~~~~~~^~[m[K
[01m[K/home/zhijie/autoware/src/terasim/abc_terasim/src/test_01.cpp:94:13:[m[K [01;31m[Kerror: [m[Kâ€˜[01m[Kcli_set_operation_mode[m[Kâ€™ was not declared in this scope; did you mean â€˜[01m[Kset_operation_mode[m[Kâ€™?
   94 |     while (![01;31m[Kcli_set_operation_mode[m[K->wait_for_service(1s)) {
      |             [01;31m[K^~~~~~~~~~~~~~~~~~~~~~[m[K
      |             [32m[Kset_operation_mode[m[K
[01m[K/home/zhijie/autoware/src/terasim/abc_terasim/src/test_01.cpp:94:54:[m[K [01;31m[Kerror: [m[Kunable to find numeric literal operator â€˜[01m[Koperator""s[m[Kâ€™
   94 |     while (!cli_set_operation_mode->wait_for_service([01;31m[K1s[m[K)) {
      |                                                      [01;31m[K^~[m[K
[01m[K/home/zhijie/autoware/src/terasim/abc_terasim/src/test_01.cpp:94:54:[m[K [01;36m[Knote: [m[Kuse â€˜[01m[K-fext-numeric-literals[m[Kâ€™ to enable more built-in suffixes
[01m[K/home/zhijie/autoware/src/terasim/abc_terasim/src/test_01.cpp:101:19:[m[K [01;31m[Kerror: [m[Kâ€˜[01m[Kcli_set_operation_mode[m[Kâ€™ was not declared in this scope; did you mean â€˜[01m[Kset_operation_mode[m[Kâ€™?
  101 |     auto result = [01;31m[Kcli_set_operation_mode[m[K->async_send_request(request);
      |                   [01;31m[K^~~~~~~~~~~~~~~~~~~~~~[m[K
      |                   [32m[Kset_operation_mode[m[K
[01m[K/home/zhijie/autoware/src/terasim/abc_terasim/src/test_01.cpp:[m[K At global scope:
[01m[K/home/zhijie/autoware/src/terasim/abc_terasim/src/test_01.cpp:104:8:[m[K [01;31m[Kerror: [m[Kâ€˜[01m[KTest01[m[Kâ€™ has not been declared
  104 |   void [01;31m[KTest01[m[K::set_autoware_control(bool autoware_control){
      |        [01;31m[K^~~~~~[m[K
[01m[K/home/zhijie/autoware/src/terasim/abc_terasim/src/test_01.cpp:[m[K In function â€˜[01m[Kvoid test_01::set_autoware_control(bool)[m[Kâ€™:
[01m[K/home/zhijie/autoware/src/terasim/abc_terasim/src/test_01.cpp:105:37:[m[K [01;31m[Kerror: [m[Kâ€˜[01m[KChangeAutowareControl[m[Kâ€™ was not declared in this scope
  105 |     auto request = std::make_shared<[01;31m[KChangeAutowareControl[m[K::Request>();
      |                                     [01;31m[K^~~~~~~~~~~~~~~~~~~~~[m[K
[01m[K/home/zhijie/autoware/src/terasim/abc_terasim/src/test_01.cpp:105:37:[m[K [01;36m[Knote: [m[Ksuggested alternatives:
In file included from [01m[K/home/zhijie/autoware/build/tier4_system_msgs/rosidl_generator_cpp/tier4_system_msgs/srv/change_autoware_control.hpp:7[m[K,
                 from [01m[K/home/zhijie/autoware/src/terasim/abc_terasim/include/test_01.hpp:24[m[K,
                 from [01m[K/home/zhijie/autoware/src/terasim/abc_terasim/src/test_01.cpp:15[m[K:
[01m[K/home/zhijie/autoware/build/tier4_system_msgs/rosidl_generator_cpp/tier4_system_msgs/srv/detail/change_autoware_control__struct.hpp:248:8:[m[K [01;36m[Knote: [m[K  â€˜[01m[Ktier4_system_msgs::srv::ChangeAutowareControl[m[Kâ€™
  248 | struct [01;36m[KChangeAutowareControl[m[K
      |        [01;36m[K^~~~~~~~~~~~~~~~~~~~~[m[K
[01m[K/home/zhijie/autoware/build/tier4_system_msgs/rosidl_generator_cpp/tier4_system_msgs/srv/detail/change_autoware_control__struct.hpp:248:8:[m[K [01;36m[Knote: [m[K  â€˜[01m[Ktier4_system_msgs::srv::ChangeAutowareControl[m[Kâ€™
[01m[K/home/zhijie/autoware/src/terasim/abc_terasim/src/test_01.cpp:105:25:[m[K [01;31m[Kerror: [m[Kparse error in template argument list
  105 |     auto request = std::[01;31m[Kmake_shared<ChangeAutowareControl::Request>[m[K();
      |                         [01;31m[K^~~~~~~~~~~~~~~~~~~~~~~~~~~~~~~~~~~~~~~~~~~[m[K
[01m[K/home/zhijie/autoware/src/terasim/abc_terasim/src/test_01.cpp:105:68:[m[K [01;31m[Kerror: [m[Kno matching function for call to â€˜[01m[Kmake_shared<<expression error> >()[m[Kâ€™
  105 |     auto request = [01;31m[Kstd::make_shared<ChangeAutowareControl::Request>()[m[K;
      |                    [01;31m[K~~~~~~~~~~~~~~~~~~~~~~~~~~~~~~~~~~~~~~~~~~~~~~~~^~[m[K
In file included from [01m[K/usr/include/c++/11/memory:77[m[K,
                 from [01m[K/opt/ros/humble/include/rclcpp/rclcpp/rclcpp.hpp:153[m[K,
                 from [01m[K/home/zhijie/autoware/src/terasim/abc_terasim/include/test_01.hpp:19[m[K,
                 from [01m[K/home/zhijie/autoware/src/terasim/abc_terasim/src/test_01.cpp:15[m[K:
[01m[K/usr/include/c++/11/bits/shared_ptr.h:875:5:[m[K [01;36m[Knote: [m[Kcandidate: â€˜[01m[Ktemplate<class _Tp, class ... _Args> std::shared_ptr<_Tp> std::make_shared(_Args&& ...)[m[Kâ€™
  875 |     [01;36m[Kmake_shared[m[K(_Args&&... __args)
      |     [01;36m[K^~~~~~~~~~~[m[K
[01m[K/usr/include/c++/11/bits/shared_ptr.h:875:5:[m[K [01;36m[Knote: [m[K  template argument deduction/substitution failed:
[01m[K/home/zhijie/autoware/src/terasim/abc_terasim/src/test_01.cpp:105:68:[m[K [01;31m[Kerror: [m[Ktemplate argument 1 is invalid
  105 |     auto request = [01;31m[Kstd::make_shared<ChangeAutowareControl::Request>()[m[K;
      |                    [01;31m[K~~~~~~~~~~~~~~~~~~~~~~~~~~~~~~~~~~~~~~~~~~~~~~~~^~[m[K
[01m[K/home/zhijie/autoware/src/terasim/abc_terasim/src/test_01.cpp:108:13:[m[K [01;31m[Kerror: [m[Kâ€˜[01m[Kcli_set_autoware_control[m[Kâ€™ was not declared in this scope; did you mean â€˜[01m[Kset_autoware_control[m[Kâ€™?
  108 |     while (![01;31m[Kcli_set_autoware_control[m[K->wait_for_service(1s)) {
      |             [01;31m[K^~~~~~~~~~~~~~~~~~~~~~~~[m[K
      |             [32m[Kset_autoware_control[m[K
[01m[K/home/zhijie/autoware/src/terasim/abc_terasim/src/test_01.cpp:108:56:[m[K [01;31m[Kerror: [m[Kunable to find numeric literal operator â€˜[01m[Koperator""s[m[Kâ€™
  108 |     while (!cli_set_autoware_control->wait_for_service([01;31m[K1s[m[K)) {
      |                                                        [01;31m[K^~[m[K
[01m[K/home/zhijie/autoware/src/terasim/abc_terasim/src/test_01.cpp:108:56:[m[K [01;36m[Knote: [m[Kuse â€˜[01m[K-fext-numeric-literals[m[Kâ€™ to enable more built-in suffixes
[01m[K/home/zhijie/autoware/src/terasim/abc_terasim/src/test_01.cpp:115:19:[m[K [01;31m[Kerror: [m[Kâ€˜[01m[Kcli_set_autoware_control[m[Kâ€™ was not declared in this scope; did you mean â€˜[01m[Kset_autoware_control[m[Kâ€™?
  115 |     auto result = [01;31m[Kcli_set_autoware_control[m[K->async_send_request(request);
      |                   [01;31m[K^~~~~~~~~~~~~~~~~~~~~~~~[m[K
      |                   [32m[Kset_autoware_control[m[K
[01m[K/home/zhijie/autoware/src/terasim/abc_terasim/src/test_01.cpp:[m[K At global scope:
[01m[K/home/zhijie/autoware/src/terasim/abc_terasim/src/test_01.cpp:118:8:[m[K [01;31m[Kerror: [m[Kâ€˜[01m[KTest01[m[Kâ€™ has not been declared
  118 |   void [01;31m[KTest01[m[K::autoware_state_callback(AutowareState::SharedPtr msg){
      |        [01;31m[K^~~~~~[m[K
[01m[K/home/zhijie/autoware/src/terasim/abc_terasim/src/test_01.cpp:118:8:[m[K [01;31m[Kerror: [m[Kvariable or field â€˜[01m[Kautoware_state_callback[m[Kâ€™ declared void
[01m[K/home/zhijie/autoware/src/terasim/abc_terasim/src/test_01.cpp:118:40:[m[K [01;31m[Kerror: [m[Kâ€˜[01m[KAutowareState[m[Kâ€™ has not been declared
  118 |   void Test01::autoware_state_callback([01;31m[KAutowareState[m[K::SharedPtr msg){
      |                                        [01;31m[K^~~~~~~~~~~~~[m[K
[01m[K/home/zhijie/autoware/src/terasim/abc_terasim/src/test_01.cpp:122:8:[m[K [01;31m[Kerror: [m[Kâ€˜[01m[KTest01[m[Kâ€™ has not been declared
  122 |   void [01;31m[KTest01[m[K::init_redis_client(){
      |        [01;31m[K^~~~~~[m[K
[01m[K/home/zhijie/autoware/src/terasim/abc_terasim/src/test_01.cpp:[m[K In function â€˜[01m[Kvoid test_01::init_redis_client()[m[Kâ€™:
[01m[K/home/zhijie/autoware/src/terasim/abc_terasim/src/test_01.cpp:124:5:[m[K [01;31m[Kerror: [m[Kâ€˜[01m[Kcontext[m[Kâ€™ was not declared in this scope; did you mean â€˜[01m[Kucontext_t[m[Kâ€™?
  124 |     [01;31m[Kcontext[m[K = redisConnect("127.0.0.1", 6379);
      |     [01;31m[K^~~~~~~[m[K
      |     [32m[Kucontext_t[m[K
[01m[K/home/zhijie/autoware/src/terasim/abc_terasim/src/test_01.cpp:[m[K At global scope:
[01m[K/home/zhijie/autoware/src/terasim/abc_terasim/src/test_01.cpp:138:3:[m[K [01;31m[Kerror: [m[Kâ€˜[01m[Kstring[m[Kâ€™ does not name a type; did you mean â€˜[01m[Kstdin[m[Kâ€™?
  138 |   [01;31m[Kstring[m[K Test01::get_key(string key){
      |   [01;31m[K^~~~~~[m[K
      |   [32m[Kstdin[m[K
In file included from [01m[K/opt/ros/humble/include/class_loader/class_loader/class_loader.hpp:56[m[K,
                 from [01m[K/opt/ros/humble/include/rclcpp_components/rclcpp_components/register_node_macro.hpp:18[m[K,
                 from [01m[K/home/zhijie/autoware/src/terasim/abc_terasim/include/test_01.hpp:26[m[K,
                 from [01m[K/home/zhijie/autoware/src/terasim/abc_terasim/src/test_01.cpp:15[m[K:
[01m[K/home/zhijie/autoware/src/terasim/abc_terasim/src/test_01.cpp:148:42:[m[K [01;31m[Kerror: [m[Kâ€˜[01m[KTest01[m[Kâ€™ is not a member of â€˜[01m[Ktest_01[m[Kâ€™; did you mean â€˜[01m[Kz::Test01[m[Kâ€™?
  148 | RCLCPP_COMPONENTS_REGISTER_NODE(test_01::[01;31m[KTest01[m[K)
      |                                          [01;31m[K^~~~~~[m[K
In file included from [01m[K/home/zhijie/autoware/src/terasim/abc_terasim/src/test_01.cpp:15[m[K:
[01m[K/home/zhijie/autoware/src/terasim/abc_terasim/include/test_01.hpp:39:7:[m[K [01;36m[Knote: [m[Kâ€˜[01m[Kz::Test01[m[Kâ€™ declared here
   39 | class [01;36m[KTest01[m[K : public rclcpp::Node
      |       [01;36m[K^~~~~~[m[K
In file included from [01m[K/opt/ros/humble/include/class_loader/class_loader/class_loader.hpp:56[m[K,
                 from [01m[K/opt/ros/humble/include/rclcpp_components/rclcpp_components/register_node_macro.hpp:18[m[K,
                 from [01m[K/home/zhijie/autoware/src/terasim/abc_terasim/include/test_01.hpp:26[m[K,
                 from [01m[K/home/zhijie/autoware/src/terasim/abc_terasim/src/test_01.cpp:15[m[K:
[01m[K/home/zhijie/autoware/src/terasim/abc_terasim/src/test_01.cpp:148:1:[m[K [01;31m[Kerror: [m[Ktemplate argument 1 is invalid
  148 | [01;31m[KRCLCPP_COMPONENTS_REGISTER_NODE[m[K(test_01::Test01)
      | [01;31m[K^~~~~~~~~~~~~~~~~~~~~~~~~~~~~~~[m[K
In file included from [01m[K/opt/ros/humble/include/class_loader/class_loader/class_loader_core.hpp:57[m[K,
                 from [01m[K/opt/ros/humble/include/class_loader/class_loader/class_loader.hpp:55[m[K,
                 from [01m[K/opt/ros/humble/include/rclcpp_components/rclcpp_components/register_node_macro.hpp:18[m[K,
                 from [01m[K/home/zhijie/autoware/src/terasim/abc_terasim/include/test_01.hpp:26[m[K,
                 from [01m[K/home/zhijie/autoware/src/terasim/abc_terasim/src/test_01.cpp:15[m[K:
/opt/ros/humble/include/class_loader/class_loader/meta_object.hpp: In instantiation of â€˜[01m[KB* class_loader::impl::MetaObject<C, B>::create() const [with C = int; B = rclcpp_components::NodeFactory][m[Kâ€™:
[01m[K/opt/ros/humble/include/class_loader/class_loader/meta_object.hpp:216:7:[m[K   required from here
[01m[K/opt/ros/humble/include/class_loader/class_loader/meta_object.hpp:218:12:[m[K [01;31m[Kerror: [m[Kcannot convert â€˜[01m[Kint*[m[Kâ€™ to â€˜[01m[Krclcpp_components::NodeFactory*[m[Kâ€™ in return
  218 |     return [01;31m[Knew C[m[K;
      |            [01;31m[K^~~~~[m[K
      |            [01;31m[K|[m[K
      |            [01;31m[Kint*[m[K
gmake[2]: *** [CMakeFiles/test_01_component.dir/build.make:76: CMakeFiles/test_01_component.dir/src/test_01.cpp.o] Error 1
gmake[1]: *** [CMakeFiles/Makefile2:284: CMakeFiles/test_01_component.dir/all] Error 2
gmake: *** [Makefile:146: all] Error 2
