-- The C compiler identification is GNU 11.4.0
-- The CXX compiler identification is GNU 11.4.0
-- Detecting C compiler ABI info
-- Detecting C compiler ABI info - done
-- Check for working C compiler: /usr/bin/cc - skipped
-- Detecting C compile features
-- Detecting C compile features - done
-- Detecting CXX compiler ABI info
-- Detecting CXX compiler ABI info - done
-- Check for working CXX compiler: /usr/bin/c++ - skipped
-- Detecting CXX compile features
-- Detecting CXX compile features - done
-- Found autoware_cmake: 0.1.0 (/home/zhijie/autoware/install/autoware_cmake/share/autoware_cmake/cmake)
-- Found Python3: /usr/bin/python3.10 (found version "3.10.12") found components: Interpreter 
-- Found rosidl_generator_c: 3.1.5 (/opt/ros/humble/share/rosidl_generator_c/cmake)
-- Found rosidl_adapter: 3.1.5 (/opt/ros/humble/share/rosidl_adapter/cmake)
-- Found rosidl_generator_cpp: 3.1.5 (/opt/ros/humble/share/rosidl_generator_cpp/cmake)
-- Using all available rosidl_typesupport_c: rosidl_typesupport_fastrtps_c;rosidl_typesupport_introspection_c
-- Using all available rosidl_typesupport_cpp: rosidl_typesupport_fastrtps_cpp;rosidl_typesupport_introspection_cpp
-- Found rmw_implementation_cmake: 6.1.1 (/opt/ros/humble/share/rmw_implementation_cmake/cmake)
-- Found rmw_cyclonedds_cpp: 1.3.4 (/opt/ros/humble/share/rmw_cyclonedds_cpp/cmake)
-- Using RMW implementation 'rmw_cyclonedds_cpp' as default
-- Looking for pthread.h
-- Looking for pthread.h - found
-- Performing Test CMAKE_HAVE_LIBC_PTHREAD
-- Performing Test CMAKE_HAVE_LIBC_PTHREAD - Success
-- Found Threads: TRUE  
-- Found ament_lint_auto: 0.12.8 (/opt/ros/humble/share/ament_lint_auto/cmake)
-- Added test 'copyright' to check source files copyright and LICENSE
-- Added test 'cppcheck' to perform static code analysis on C / C++ code
-- Configured cppcheck include dirs: /home/zhijie/autoware/src/terasim/preview_control/preview_control/include
-- Configured cppcheck exclude dirs and/or files: 
-- Added test 'lint_cmake' to check CMake code style
-- Added test 'xmllint' to check XML markup files
-- Configuring done
-- Generating done
-- Build files have been written to: /home/zhijie/autoware/build/preview_control
[ 50%] [32mBuilding CXX object CMakeFiles/preview_control_component.dir/src/preview_control.cpp.o[0m
[ 50%] [32mBuilding CXX object CMakeFiles/preview_control.dir/rclcpp_components/node_main_preview_control.cpp.o[0m
In file included from [01m[K/home/zhijie/autoware/src/terasim/preview_control/preview_control/src/preview_control.cpp:1[m[K:
[01m[K/home/zhijie/autoware/src/terasim/preview_control/preview_control/include/preview_control.hpp:33:43:[m[K [01;31m[Kerror: [m[Kexpected â€˜[01m[K;[m[Kâ€™ at end of member declaration
   33 |     rclcpp::Publisher<Control>::SharedPtr [01;31m[Kpub_cmd2bywire[m[K
      |                                           [01;31m[K^~~~~~~~~~~~~~[m[K
      |                                                         [32m[K;[m[K
[01m[K/home/zhijie/autoware/src/terasim/preview_control/preview_control/include/preview_control.hpp:44:5:[m[K [01;31m[Kerror: [m[Kâ€˜[01m[KPathFollowing[m[Kâ€™ does not name a type
   44 |     [01;31m[KPathFollowing[m[K pathFollow;
      |     [01;31m[K^~~~~~~~~~~~~[m[K
[01m[K/home/zhijie/autoware/src/terasim/preview_control/preview_control/include/preview_control.hpp:45:5:[m[K [01;31m[Kerror: [m[Kâ€˜[01m[KSpeedControl[m[Kâ€™ does not name a type; did you mean â€˜[01m[KPreviewControl[m[Kâ€™?
   45 |     [01;31m[KSpeedControl[m[K  speedCtrl;
      |     [01;31m[K^~~~~~~~~~~~[m[K
      |     [32m[KPreviewControl[m[K
[01m[K/home/zhijie/autoware/src/terasim/preview_control/preview_control/include/preview_control.hpp:52:14:[m[K [01;31m[Kerror: [m[Kâ€˜[01m[Kros[m[Kâ€™ has not been declared
   52 |     void ini([01;31m[Kros[m[K::NodeHandle * const rosNodeH,
      |              [01;31m[K^~~[m[K
[01m[K/home/zhijie/autoware/src/terasim/preview_control/preview_control/include/preview_control.hpp:52:30:[m[K [01;31m[Kerror: [m[Kexpected â€˜[01m[K,[m[Kâ€™ or â€˜[01m[K...[m[Kâ€™ before â€˜[01m[K*[m[Kâ€™ token
   52 |     void ini(ros::NodeHandle [01;31m[K*[m[K const rosNodeH,
      |                              [01;31m[K^[m[K
[01m[K/home/zhijie/autoware/src/terasim/preview_control/preview_control/src/preview_control.cpp:[m[K In constructor â€˜[01m[Kpreview_control::PreviewControl::PreviewControl(const rclcpp::NodeOptions&)[m[Kâ€™:
[01m[K/home/zhijie/autoware/src/terasim/preview_control/preview_control/src/preview_control.cpp:21:24:[m[K [01;31m[Kerror: [m[Kbase operand of â€˜[01m[K->[m[Kâ€™ has non-pointer type â€˜[01m[KSYSTEM_DATA_S[m[Kâ€™
   21 |         _p2c = & ssData[01;31m[K->[m[Kp2c;
      |                        [01;31m[K^~[m[K
[01m[K/home/zhijie/autoware/src/terasim/preview_control/preview_control/src/preview_control.cpp:22:23:[m[K [01;31m[Kerror: [m[Kbase operand of â€˜[01m[K->[m[Kâ€™ has non-pointer type â€˜[01m[KSYSTEM_DATA_S[m[Kâ€™
   22 |         _vs = & ssData[01;31m[K->[m[Kvs;
      |                       [01;31m[K^~[m[K
[01m[K/home/zhijie/autoware/src/terasim/preview_control/preview_control/src/preview_control.cpp:23:25:[m[K [01;31m[Kerror: [m[Kbase operand of â€˜[01m[K->[m[Kâ€™ has non-pointer type â€˜[01m[KSYSTEM_DATA_S[m[Kâ€™
   23 |         _ctrl = & ssData[01;31m[K->[m[Kctrl;
      |                         [01;31m[K^~[m[K
[01m[K/home/zhijie/autoware/src/terasim/preview_control/preview_control/src/preview_control.cpp:25:9:[m[K [01;31m[Kerror: [m[Kâ€˜[01m[KpathFollow[m[Kâ€™ was not declared in this scope
   25 |         [01;31m[KpathFollow[m[K.ini(
      |         [01;31m[K^~~~~~~~~~[m[K
[01m[K/home/zhijie/autoware/src/terasim/preview_control/preview_control/src/preview_control.cpp:34:9:[m[K [01;31m[Kerror: [m[Kâ€˜[01m[KspeedCtrl[m[Kâ€™ was not declared in this scope
   34 |         [01;31m[KspeedCtrl[m[K.ini(
      |         [01;31m[K^~~~~~~~~[m[K
[01m[K/home/zhijie/autoware/src/terasim/preview_control/preview_control/src/preview_control.cpp:44:9:[m[K [01;31m[Kerror: [m[Kâ€˜[01m[Kpub_throttle[m[Kâ€™ was not declared in this scope
   44 |         [01;31m[Kpub_throttle[m[K     = this->create_publisher<Control>("/mkz_bywire_intf/control_tmp", 10);
      |         [01;31m[K^~~~~~~~~~~~[m[K
[01m[K/home/zhijie/autoware/src/terasim/preview_control/preview_control/src/preview_control.cpp:54:65:[m[K [01;31m[Kerror: [m[Kâ€˜[01m[Kon_timer[m[Kâ€™ is not a member of â€˜[01m[Kpreview_control::PreviewControl[m[Kâ€™
   54 |         this, get_clock(), 20ms, std::bind(&PreviewControl::[01;31m[Kon_timer[m[K, this));
      |                                                             [01;31m[K^~~~~~~~[m[K

[01m[K/home/zhijie/autoware/src/terasim/preview_control/preview_control/src/preview_control.cpp:[m[K In member function â€˜[01m[Kvoid preview_control::PreviewControl::publishCmd()[m[Kâ€™:
[01m[K/home/zhijie/autoware/src/terasim/preview_control/preview_control/src/preview_control.cpp:59:13:[m[K [01;31m[Kerror: [m[Kâ€˜[01m[K_nh[m[Kâ€™ was not declared in this scope
   59 |         if ([01;31m[K_nh[m[K == NULL || _ctrl == NULL)
      |             [01;31m[K^~~[m[K
[01m[K/home/zhijie/autoware/src/terasim/preview_control/preview_control/src/preview_control.cpp:62:18:[m[K [01;31m[Kerror: [m[Kno post-increment operator for type
   62 |         if(count [01;31m[K++[m[K > 9999999) count = 0;
      |                  [01;31m[K^~[m[K
[01m[K/home/zhijie/autoware/src/terasim/preview_control/preview_control/src/preview_control.cpp:62:40:[m[K [01;31m[Kerror: [m[Koverloaded function with no contextual type information
   62 |         if(count ++ > 9999999) count = [01;31m[K0[m[K;
      |                                        [01;31m[K^[m[K
[01m[K/home/zhijie/autoware/src/terasim/preview_control/preview_control/src/preview_control.cpp:63:51:[m[K [01;31m[Kerror: [m[Kcannot convert â€˜[01m[Krclcpp::Time[m[Kâ€™ to â€˜[01m[Kmcity_msgs::msg::Control_<std::allocator<void> >::_timestamp_type[m[Kâ€™ {aka â€˜[01m[Kdouble[m[Kâ€™} in assignment
   63 |         cmd_msg.timestamp = [01;31m[Kthis->get_clock()->now()[m[K;
      |                             [01;31m[K~~~~~~~~~~~~~~~~~~~~~~^~[m[K
      |                                                   [01;31m[K|[m[K
      |                                                   [01;31m[Krclcpp::Time[m[K
[01m[K/home/zhijie/autoware/src/terasim/preview_control/preview_control/src/preview_control.cpp:64:35:[m[K [01;31m[Kerror: [m[Kcannot resolve overloaded function â€˜[01m[Kcount[m[Kâ€™ based on conversion to type â€˜[01m[Kmcity_msgs::msg::Control_<std::allocator<void> >::_count_type[m[Kâ€™ {aka â€˜[01m[Kint[m[Kâ€™}
   64 |         cmd_msg.count           = [01;31m[Kcount[m[K;
      |                                   [01;31m[K^~~~~[m[K
[01m[K/home/zhijie/autoware/src/terasim/preview_control/preview_control/src/preview_control.cpp:73:24:[m[K [01;31m[Kerror: [m[Kâ€˜[01m[Kusing SharedPtr = class std::shared_ptr<rclcpp::Publisher<mcity_msgs::msg::Control_<std::allocator<void> > > >[m[Kâ€™ {aka â€˜[01m[Kclass std::shared_ptr<rclcpp::Publisher<mcity_msgs::msg::Control_<std::allocator<void> > > >[m[Kâ€™} has no member named â€˜[01m[Kpublish[m[Kâ€™
   73 |         pub_cmd2bywire.[01;31m[Kpublish[m[K(cmd_msg);
      |                        [01;31m[K^~~~~~~[m[K
[01m[K/home/zhijie/autoware/src/terasim/preview_control/preview_control/src/preview_control.cpp:[m[K In function â€˜[01m[Kvoid preview_control::on_timer()[m[Kâ€™:
[01m[K/home/zhijie/autoware/src/terasim/preview_control/preview_control/src/preview_control.cpp:80:16:[m[K [01;31m[Kerror: [m[Koverloaded function with no contextual type information
   80 |         count+=[01;31m[K1[m[K;
      |                [01;31m[K^[m[K
[01m[K/home/zhijie/autoware/src/terasim/preview_control/preview_control/src/preview_control.cpp:83:9:[m[K [01;31m[Kerror: [m[Kâ€˜[01m[KpathFollow[m[Kâ€™ was not declared in this scope
   83 |         [01;31m[KpathFollow[m[K.run();
      |         [01;31m[K^~~~~~~~~~[m[K
[01m[K/home/zhijie/autoware/src/terasim/preview_control/preview_control/src/preview_control.cpp:86:9:[m[K [01;31m[Kerror: [m[Kâ€˜[01m[KspeedCtrl[m[Kâ€™ was not declared in this scope
   86 |         [01;31m[KspeedCtrl[m[K.run();
      |         [01;31m[K^~~~~~~~~[m[K
[01m[K/home/zhijie/autoware/src/terasim/preview_control/preview_control/src/preview_control.cpp:89:12:[m[K [01;31m[Kerror: [m[Kâ€˜[01m[KssData[m[Kâ€™ was not declared in this scope
   89 |         if([01;31m[KssData[m[K.p2c.go == 0)
      |            [01;31m[K^~~~~~[m[K
[01m[K/home/zhijie/autoware/src/terasim/preview_control/preview_control/src/preview_control.cpp:96:22:[m[K [01;31m[Kerror: [m[Kâ€˜[01m[Kros[m[Kâ€™ has not been declared
   96 |         std::cout << [01;31m[Kros[m[K::Time::now().toSec() - ssData.p2c.timestamp<<std::endl;
      |                      [01;31m[K^~~[m[K
[01m[K/home/zhijie/autoware/src/terasim/preview_control/preview_control/src/preview_control.cpp:96:49:[m[K [01;31m[Kerror: [m[Kâ€˜[01m[KssData[m[Kâ€™ was not declared in this scope
   96 |         std::cout << ros::Time::now().toSec() - [01;31m[KssData[m[K.p2c.timestamp<<std::endl;
      |                                                 [01;31m[K^~~~~~[m[K
[01m[K/home/zhijie/autoware/src/terasim/preview_control/preview_control/src/preview_control.cpp:97:13:[m[K [01;31m[Kerror: [m[Kâ€˜[01m[Kros[m[Kâ€™ has not been declared
   97 |         if ([01;31m[Kros[m[K::Time::now().toSec() - ssData.p2c.timestamp > 0.5)
      |             [01;31m[K^~~[m[K
[01m[K/home/zhijie/autoware/src/terasim/preview_control/preview_control/src/preview_control.cpp:104:9:[m[K [01;31m[Kerror: [m[Kâ€˜[01m[KpublishCmd[m[Kâ€™ was not declared in this scope
  104 |         [01;31m[KpublishCmd[m[K();
      |         [01;31m[K^~~~~~~~~~[m[K
In file included from [01m[K/opt/ros/humble/include/rclcpp/rclcpp/logging.hpp:24[m[K,
                 from [01m[K/opt/ros/humble/include/rclcpp/rclcpp/client.hpp:40[m[K,
                 from [01m[K/opt/ros/humble/include/rclcpp/rclcpp/callback_group.hpp:24[m[K,
                 from [01m[K/opt/ros/humble/include/rclcpp/rclcpp/any_executable.hpp:20[m[K,
                 from [01m[K/opt/ros/humble/include/rclcpp/rclcpp/memory_strategy.hpp:25[m[K,
                 from [01m[K/opt/ros/humble/include/rclcpp/rclcpp/memory_strategies.hpp:18[m[K,
                 from [01m[K/opt/ros/humble/include/rclcpp/rclcpp/executor_options.hpp:20[m[K,
                 from [01m[K/opt/ros/humble/include/rclcpp/rclcpp/executor.hpp:37[m[K,
                 from [01m[K/opt/ros/humble/include/rclcpp/rclcpp/executors/multi_threaded_executor.hpp:25[m[K,
                 from [01m[K/opt/ros/humble/include/rclcpp/rclcpp/executors.hpp:21[m[K,
                 from [01m[K/opt/ros/humble/include/rclcpp/rclcpp/rclcpp.hpp:155[m[K,
                 from [01m[K/home/zhijie/autoware/src/terasim/preview_control/preview_control/include/preview_control.hpp:7[m[K,
                 from [01m[K/home/zhijie/autoware/src/terasim/preview_control/preview_control/src/preview_control.cpp:1[m[K:
[01m[K/home/zhijie/autoware/src/terasim/preview_control/preview_control/src/preview_control.cpp:108:9:[m[K [01;31m[Kerror: [m[Koverloaded function with no contextual type information
  108 |         [01;31m[KRCLCPP_INFO[m[K(rclcpp::get_logger("rclcpp"), "Main loop %ld used %g CPU seconds",
      |         [01;31m[K^~~~~~~~~~~[m[K
[01m[K/home/zhijie/autoware/src/terasim/preview_control/preview_control/src/preview_control.cpp:[m[K In member function â€˜[01m[Kvoid preview_control::PreviewControl::vehStateCB(mcity_msgs::msg::VehicleState_<std::allocator<void> >::SharedPtr)[m[Kâ€™:
[01m[K/home/zhijie/autoware/src/terasim/preview_control/preview_control/src/preview_control.cpp:121:9:[m[K [01;31m[Kerror: [m[Kâ€˜[01m[KUTM[m[Kâ€™ has not been declared
  121 |         [01;31m[KUTM[m[K::LLtoUTM( _vs->latitude, _vs->longitude,
      |         [01;31m[K^~~[m[K
[01m[K/home/zhijie/autoware/src/terasim/preview_control/preview_control/src/preview_control.cpp:[m[K In member function â€˜[01m[Kvoid preview_control::PreviewControl::pathCB(mcity_msgs::msg::PlanedPath2_<std::allocator<void> >::SharedPtr)[m[Kâ€™:
[01m[K/home/zhijie/autoware/src/terasim/preview_control/preview_control/src/preview_control.cpp:145:15:[m[K [01;31m[Kerror: [m[Kâ€˜[01m[Kclass Plan_Rlt_S[m[Kâ€™ has no member named â€˜[01m[Kgo[m[Kâ€™; did you mean â€˜[01m[KGo[m[Kâ€™?
  145 |         _p2c->[01;31m[Kgo[m[K =msg->go;
      |               [01;31m[K^~[m[K
      |               [32m[KGo[m[K
[01m[K/home/zhijie/autoware/src/terasim/preview_control/preview_control/src/preview_control.cpp:163:27:[m[K [01;31m[Kerror: [m[Kcomparison of integer expressions of different signedness: â€˜[01m[Kint[m[Kâ€™ and â€˜[01m[Kstd::vector<double, std::allocator<double> >::size_type[m[Kâ€™ {aka â€˜[01m[Klong unsigned int[m[Kâ€™} [[01;31m[K]8;;https://gcc.gnu.org/onlinedocs/gcc/Warning-Options.html#index-Wsign-compare-Werror=sign-compare]8;;[m[K]
  163 |         for (int i = 0; [01;31m[Ki < msg->cr_vector.size()[m[K; ++i)
      |                         [01;31m[K~~^~~~~~~~~~~~~~~~~~~~~~~[m[K
[01m[K/home/zhijie/autoware/src/terasim/preview_control/preview_control/src/preview_control.cpp:167:27:[m[K [01;31m[Kerror: [m[Kcomparison of integer expressions of different signedness: â€˜[01m[Kint[m[Kâ€™ and â€˜[01m[Kstd::vector<double, std::allocator<double> >::size_type[m[Kâ€™ {aka â€˜[01m[Klong unsigned int[m[Kâ€™} [[01;31m[K]8;;https://gcc.gnu.org/onlinedocs/gcc/Warning-Options.html#index-Wsign-compare-Werror=sign-compare]8;;[m[K]
  167 |         for (int i = 0; [01;31m[Ki < msg->vd_vector.size()[m[K; ++i)
      |                         [01;31m[K~~^~~~~~~~~~~~~~~~~~~~~~~[m[K
[01m[K/home/zhijie/autoware/src/terasim/preview_control/preview_control/src/preview_control.cpp:171:27:[m[K [01;31m[Kerror: [m[Kcomparison of integer expressions of different signedness: â€˜[01m[Kint[m[Kâ€™ and â€˜[01m[Kstd::vector<double, std::allocator<double> >::size_type[m[Kâ€™ {aka â€˜[01m[Klong unsigned int[m[Kâ€™} [[01;31m[K]8;;https://gcc.gnu.org/onlinedocs/gcc/Warning-Options.html#index-Wsign-compare-Werror=sign-compare]8;;[m[K]
  171 |         for (int i = 0; [01;31m[Ki < msg->slope_vector.size()[m[K; ++i)
      |                         [01;31m[K~~^~~~~~~~~~~~~~~~~~~~~~~~~~[m[K
[01m[K/home/zhijie/autoware/src/terasim/preview_control/preview_control/src/preview_control.cpp:175:27:[m[K [01;31m[Kerror: [m[Kcomparison of integer expressions of different signedness: â€˜[01m[Kint[m[Kâ€™ and â€˜[01m[Kstd::vector<double, std::allocator<double> >::size_type[m[Kâ€™ {aka â€˜[01m[Klong unsigned int[m[Kâ€™} [[01;31m[K]8;;https://gcc.gnu.org/onlinedocs/gcc/Warning-Options.html#index-Wsign-compare-Werror=sign-compare]8;;[m[K]
  175 |         for (int i = 0; [01;31m[Ki < msg->x_vector.size()[m[K; ++i)
      |                         [01;31m[K~~^~~~~~~~~~~~~~~~~~~~~~[m[K
[01m[K/home/zhijie/autoware/src/terasim/preview_control/preview_control/src/preview_control.cpp:179:27:[m[K [01;31m[Kerror: [m[Kcomparison of integer expressions of different signedness: â€˜[01m[Kint[m[Kâ€™ and â€˜[01m[Kstd::vector<double, std::allocator<double> >::size_type[m[Kâ€™ {aka â€˜[01m[Klong unsigned int[m[Kâ€™} [[01;31m[K]8;;https://gcc.gnu.org/onlinedocs/gcc/Warning-Options.html#index-Wsign-compare-Werror=sign-compare]8;;[m[K]
  179 |         for (int i = 0; [01;31m[Ki < msg->y_vector.size()[m[K; ++i)
      |                         [01;31m[K~~^~~~~~~~~~~~~~~~~~~~~~[m[K
[ 75%] [32m[1mLinking CXX executable preview_control[0m
[ 75%] Built target preview_control
cc1plus: all warnings being treated as errors
gmake[2]: *** [CMakeFiles/preview_control_component.dir/build.make:76: CMakeFiles/preview_control_component.dir/src/preview_control.cpp.o] Error 1
gmake[1]: *** [CMakeFiles/Makefile2:139: CMakeFiles/preview_control_component.dir/all] Error 2
gmake: *** [Makefile:146: all] Error 2
