-- Found autoware_cmake: 0.1.0 (/home/zhijie/autoware/install/autoware_cmake/share/autoware_cmake/cmake)
-- Override CMake install command with custom implementation using symlinks instead of copying resources
-- Found rosidl_generator_c: 3.1.5 (/opt/ros/humble/share/rosidl_generator_c/cmake)
-- Found rosidl_adapter: 3.1.5 (/opt/ros/humble/share/rosidl_adapter/cmake)
-- Found rosidl_generator_cpp: 3.1.5 (/opt/ros/humble/share/rosidl_generator_cpp/cmake)
-- Using all available rosidl_typesupport_c: rosidl_typesupport_fastrtps_c;rosidl_typesupport_introspection_c
-- Using all available rosidl_typesupport_cpp: rosidl_typesupport_fastrtps_cpp;rosidl_typesupport_introspection_cpp
-- Found rmw_implementation_cmake: 6.1.1 (/opt/ros/humble/share/rmw_implementation_cmake/cmake)
-- Found rmw_cyclonedds_cpp: 1.3.4 (/opt/ros/humble/share/rmw_cyclonedds_cpp/cmake)
-- Using RMW implementation 'rmw_cyclonedds_cpp' as default
-- Found eigen3_cmake_module: 0.1.1 (/opt/ros/humble/share/eigen3_cmake_module/cmake)
-- Ensuring Eigen3 include directory is part of orocos-kdl CMake target
-- Eigen found (include: /usr/include/eigen3, version: 3.4.0)
-- FLANN found (include: /usr/include, lib: /usr/lib/x86_64-linux-gnu/libflann_cpp.so)
-- OpenNI found (version: 1.5.4.0, include: /usr/include/ni, lib: /usr/lib/libOpenNI.so;libusb::libusb)
-- OpenNI2 found (version: 2.2.0.33, include: /usr/include/openni2, lib: /usr/lib/x86_64-linux-gnu/libOpenNI2.so;libusb::libusb)
-- Eigen found (include: /usr/include/eigen3, version: 3.4.0)
-- OpenNI found (version: 1.5.4.0, include: /usr/include/ni, lib: /usr/lib/libOpenNI.so;libusb::libusb)
-- OpenNI2 found (version: 2.2.0.33, include: /usr/include/openni2, lib: /usr/lib/x86_64-linux-gnu/libOpenNI2.so;libusb::libusb)
-- Found Qhull version 8.0.2
-- OpenNI found (version: 1.5.4.0, include: /usr/include/ni, lib: /usr/lib/libOpenNI.so;libusb::libusb)
-- Found ament_lint_auto: 0.12.8 (/opt/ros/humble/share/ament_lint_auto/cmake)
-- Added test 'copyright' to check source files copyright and LICENSE
-- Added test 'cppcheck' to perform static code analysis on C / C++ code
-- Configured cppcheck include dirs: /home/zhijie/autoware/src/terasim/mcity_terasim/include
-- Configured cppcheck exclude dirs and/or files: 
-- Added test 'lint_cmake' to check CMake code style
-- Added test 'xmllint' to check XML markup files
-- Configuring done
-- Generating done
-- Build files have been written to: /home/zhijie/autoware/build/mcity_terasim
[35m[1mConsolidate compiler generated dependencies of target traffic_signal_control[0m
[35m[1mConsolidate compiler generated dependencies of target cav_context_converter[0m
[35m[1mConsolidate compiler generated dependencies of target traffic_signal_control_component[0m
[35m[1mConsolidate compiler generated dependencies of target gnss_to_pose_twist[0m
[35m[1mConsolidate compiler generated dependencies of target cav_info_converter[0m
[35m[1mConsolidate compiler generated dependencies of target sumo_autoware_cosim[0m
[35m[1mConsolidate compiler generated dependencies of target cav_context_replay[0m
[35m[1mConsolidate compiler generated dependencies of target gnss_to_dummy_pose_twist[0m
[  3%] [32mBuilding CXX object CMakeFiles/dbw_ulc_converter.dir/rclcpp_components/node_main_dbw_ulc_converter.cpp.o[0m
[  9%] Built target traffic_signal_control_component
[ 15%] Built target gnss_to_pose_twist
[ 21%] Built target traffic_signal_control
[ 28%] Built target cav_context_converter
[ 34%] Built target cav_info_converter
[ 46%] Built target cav_context_replay
[ 46%] Built target gnss_to_dummy_pose_twist
[ 53%] Built target sumo_autoware_cosim
[35m[1mConsolidate compiler generated dependencies of target cav_info_converter_component[0m
[ 59%] Built target cav_info_converter_component
[35m[1mConsolidate compiler generated dependencies of target cav_context_converter_component[0m
[ 65%] Built target cav_context_converter_component
[35m[1mConsolidate compiler generated dependencies of target cav_context_replay_component[0m
[ 71%] Built target cav_context_replay_component
[35m[1mConsolidate compiler generated dependencies of target sumo_autoware_cosim_component[0m
[ 78%] Built target sumo_autoware_cosim_component
[35m[1mConsolidate compiler generated dependencies of target gnss_to_pose_twist_component[0m
[ 84%] Built target gnss_to_pose_twist_component
[35m[1mConsolidate compiler generated dependencies of target gnss_to_dummy_pose_twist_component[0m
[ 90%] Built target gnss_to_dummy_pose_twist_component
[ 93%] [32mBuilding CXX object CMakeFiles/dbw_ulc_converter_component.dir/src/dbw_ulc_converter.cpp.o[0m
[01m[K/home/zhijie/autoware/src/terasim/mcity_terasim/src/dbw_ulc_converter.cpp:34:51:[m[K [01;31m[Kerror: [m[Kno declaration matches â€˜[01m[Kautoware_auto_vehicle_msgs::msg::SteeringReport dbw_ulc_converter::DbwUlcConverter::get_steer_msg(float)[m[Kâ€™
   34 |   autoware_auto_vehicle_msgs::msg::SteeringReport [01;31m[KDbwUlcConverter[m[K::get_steer_msg(float steering_tire_angle){
      |                                                   [01;31m[K^~~~~~~~~~~~~~~[m[K
[01m[K/home/zhijie/autoware/src/terasim/mcity_terasim/src/dbw_ulc_converter.cpp:34:51:[m[K [01;36m[Knote: [m[Kno functions named â€˜[01m[Kautoware_auto_vehicle_msgs::msg::SteeringReport dbw_ulc_converter::DbwUlcConverter::get_steer_msg(float)[m[Kâ€™
In file included from [01m[K/home/zhijie/autoware/src/terasim/mcity_terasim/src/dbw_ulc_converter.cpp:15[m[K:
[01m[K/home/zhijie/autoware/src/terasim/mcity_terasim/include/dbw_ulc_converter.hpp:37:7:[m[K [01;36m[Knote: [m[Kâ€˜[01m[Kclass dbw_ulc_converter::DbwUlcConverter[m[Kâ€™ defined here
   37 | class [01;36m[KDbwUlcConverter[m[K : public rclcpp::Node
      |       [01;36m[K^~~~~~~~~~~~~~~[m[K
[01m[K/home/zhijie/autoware/src/terasim/mcity_terasim/src/dbw_ulc_converter.cpp:41:10:[m[K [01;31m[Kerror: [m[Kno declaration matches â€˜[01m[Kdataspeed_ulc_msgs::msg::UlcCmd dbw_ulc_converter::DbwUlcConverter::get_ulc_cmd(float, float)[m[Kâ€™
   41 |   UlcCmd [01;31m[KDbwUlcConverter[m[K::get_ulc_cmd(float speed, float steering_wheel_angle){
      |          [01;31m[K^~~~~~~~~~~~~~~[m[K
[01m[K/home/zhijie/autoware/src/terasim/mcity_terasim/src/dbw_ulc_converter.cpp:41:10:[m[K [01;36m[Knote: [m[Kno functions named â€˜[01m[Kdataspeed_ulc_msgs::msg::UlcCmd dbw_ulc_converter::DbwUlcConverter::get_ulc_cmd(float, float)[m[Kâ€™
In file included from [01m[K/home/zhijie/autoware/src/terasim/mcity_terasim/src/dbw_ulc_converter.cpp:15[m[K:
[01m[K/home/zhijie/autoware/src/terasim/mcity_terasim/include/dbw_ulc_converter.hpp:37:7:[m[K [01;36m[Knote: [m[Kâ€˜[01m[Kclass dbw_ulc_converter::DbwUlcConverter[m[Kâ€™ defined here
   37 | class [01;36m[KDbwUlcConverter[m[K : public rclcpp::Node
      |       [01;36m[K^~~~~~~~~~~~~~~[m[K
[01m[K/home/zhijie/autoware/src/terasim/mcity_terasim/src/dbw_ulc_converter.cpp:[m[K In function â€˜[01m[Kvoid dbw_ulc_converter::steer_callback(dbw_ford_msgs::msg::SteeringReport_<std::allocator<void> >::SharedPtr)[m[Kâ€™:
[01m[K/home/zhijie/autoware/src/terasim/mcity_terasim/src/dbw_ulc_converter.cpp:63:5:[m[K [01;31m[Kerror: [m[Kâ€˜[01m[Ksaved_steer_msg[m[Kâ€™ was not declared in this scope
   63 |     [01;31m[Ksaved_steer_msg[m[K = *msg;
      |     [01;31m[K^~~~~~~~~~~~~~~[m[K
[01m[K/home/zhijie/autoware/src/terasim/mcity_terasim/src/dbw_ulc_converter.cpp:64:5:[m[K [01;31m[Kerror: [m[Kâ€˜[01m[Ksteer_status[m[Kâ€™ was not declared in this scope; did you mean â€˜[01m[Ksi_status[m[Kâ€™?
   64 |     [01;31m[Ksteer_status[m[K = true;
      |     [01;31m[K^~~~~~~~~~~~[m[K
      |     [32m[Ksi_status[m[K
[01m[K/home/zhijie/autoware/src/terasim/mcity_terasim/src/dbw_ulc_converter.cpp:[m[K In function â€˜[01m[Kvoid dbw_ulc_converter::control_cmd_callback(autoware_auto_control_msgs::msg::AckermannControlCommand_<std::allocator<void> >::SharedPtr)[m[Kâ€™:
[01m[K/home/zhijie/autoware/src/terasim/mcity_terasim/src/dbw_ulc_converter.cpp:68:5:[m[K [01;31m[Kerror: [m[Kâ€˜[01m[Ksaved_control_cmd_msg[m[Kâ€™ was not declared in this scope
   68 |     [01;31m[Ksaved_control_cmd_msg[m[K = *msg;
      |     [01;31m[K^~~~~~~~~~~~~~~~~~~~~[m[K
[01m[K/home/zhijie/autoware/src/terasim/mcity_terasim/src/dbw_ulc_converter.cpp:69:5:[m[K [01;31m[Kerror: [m[Kâ€˜[01m[Kcontrol_status[m[Kâ€™ was not declared in this scope
   69 |     [01;31m[Kcontrol_status[m[K = true;
      |     [01;31m[K^~~~~~~~~~~~~~[m[K
[01m[K/home/zhijie/autoware/src/terasim/mcity_terasim/src/dbw_ulc_converter.cpp:[m[K In function â€˜[01m[Kvoid dbw_ulc_converter::on_timer()[m[Kâ€™:
[01m[K/home/zhijie/autoware/src/terasim/mcity_terasim/src/dbw_ulc_converter.cpp:73:10:[m[K [01;31m[Kerror: [m[Kâ€˜[01m[Ksteer_status[m[Kâ€™ was not declared in this scope; did you mean â€˜[01m[Ksi_status[m[Kâ€™?
   73 |     if (![01;31m[Ksteer_status[m[K || !control_status){
      |          [01;31m[K^~~~~~~~~~~~[m[K
      |          [32m[Ksi_status[m[K
[01m[K/home/zhijie/autoware/src/terasim/mcity_terasim/src/dbw_ulc_converter.cpp:73:27:[m[K [01;31m[Kerror: [m[Kâ€˜[01m[Kcontrol_status[m[Kâ€™ was not declared in this scope
   73 |     if (!steer_status || ![01;31m[Kcontrol_status[m[K){
      |                           [01;31m[K^~~~~~~~~~~~~~[m[K
[01m[K/home/zhijie/autoware/src/terasim/mcity_terasim/src/dbw_ulc_converter.cpp:77:5:[m[K [01;31m[Kerror: [m[Kâ€˜[01m[Ksteer_status[m[Kâ€™ was not declared in this scope; did you mean â€˜[01m[Ksi_status[m[Kâ€™?
   77 |     [01;31m[Ksteer_status[m[K = false;
      |     [01;31m[K^~~~~~~~~~~~[m[K
      |     [32m[Ksi_status[m[K
[01m[K/home/zhijie/autoware/src/terasim/mcity_terasim/src/dbw_ulc_converter.cpp:78:5:[m[K [01;31m[Kerror: [m[Kâ€˜[01m[Kcontrol_status[m[Kâ€™ was not declared in this scope
   78 |     [01;31m[Kcontrol_status[m[K = false;
      |     [01;31m[K^~~~~~~~~~~~~~[m[K
[01m[K/home/zhijie/autoware/src/terasim/mcity_terasim/src/dbw_ulc_converter.cpp:80:20:[m[K [01;31m[Kerror: [m[Kâ€˜[01m[Ksaved_control_cmd_msg[m[Kâ€™ was not declared in this scope
   80 |     double speed = [01;31m[Ksaved_control_cmd_msg[m[K.LongitudinalCommand.speed;
      |                    [01;31m[K^~~~~~~~~~~~~~~~~~~~~[m[K
[01m[K/home/zhijie/autoware/src/terasim/mcity_terasim/src/dbw_ulc_converter.cpp:81:34:[m[K [01;31m[Kerror: [m[Kâ€˜[01m[Ksaved_steer_msg[m[Kâ€™ was not declared in this scope
   81 |     double steering_tire_angle = [01;31m[Ksaved_steer_msg[m[K.steering_wheel_angle / 12.0;
      |                                  [01;31m[K^~~~~~~~~~~~~~~[m[K
[01m[K/home/zhijie/autoware/src/terasim/mcity_terasim/src/dbw_ulc_converter.cpp:83:22:[m[K [01;31m[Kerror: [m[Kâ€˜[01m[Kget_steer_msg[m[Kâ€™ was not declared in this scope; did you mean â€˜[01m[Ksteer_msg[m[Kâ€™?
   83 |     auto steer_msg = [01;31m[Kget_steer_msg[m[K(steering_tire_angle);
      |                      [01;31m[K^~~~~~~~~~~~~[m[K
      |                      [32m[Ksteer_msg[m[K
[01m[K/home/zhijie/autoware/src/terasim/mcity_terasim/src/dbw_ulc_converter.cpp:84:36:[m[K [01;31m[Kerror: [m[Kâ€˜[01m[Ksspeed[m[Kâ€™ was not declared in this scope; did you mean â€˜[01m[Kspeed[m[Kâ€™?
   84 |     auto ulc_cmd_msg = get_ulc_cmd([01;31m[Ksspeed[m[K, steering_tire_angle);
      |                                    [01;31m[K^~~~~~[m[K
      |                                    [32m[Kspeed[m[K
[01m[K/home/zhijie/autoware/src/terasim/mcity_terasim/src/dbw_ulc_converter.cpp:84:24:[m[K [01;31m[Kerror: [m[Kâ€˜[01m[Kget_ulc_cmd[m[Kâ€™ was not declared in this scope
   84 |     auto ulc_cmd_msg = [01;31m[Kget_ulc_cmd[m[K(sspeed, steering_tire_angle);
      |                        [01;31m[K^~~~~~~~~~~[m[K
[01m[K/home/zhijie/autoware/src/terasim/mcity_terasim/src/dbw_ulc_converter.cpp:86:5:[m[K [01;31m[Kerror: [m[Kâ€˜[01m[Kpub_steer[m[Kâ€™ was not declared in this scope
   86 |     [01;31m[Kpub_steer[m[K->publish(steer_msg);
      |     [01;31m[K^~~~~~~~~[m[K
[01m[K/home/zhijie/autoware/src/terasim/mcity_terasim/src/dbw_ulc_converter.cpp:87:5:[m[K [01;31m[Kerror: [m[Kâ€˜[01m[Kpub_ulc_cmd[m[Kâ€™ was not declared in this scope
   87 |     [01;31m[Kpub_ulc_cmd[m[K->publish(ulc_cmd_msg);
      |     [01;31m[K^~~~~~~~~~~[m[K
[01m[K/home/zhijie/autoware/src/terasim/mcity_terasim/src/dbw_ulc_converter.cpp:80:12:[m[K [01;31m[Kerror: [m[Kunused variable â€˜[01m[Kspeed[m[Kâ€™ [[01;31m[K]8;;https://gcc.gnu.org/onlinedocs/gcc/Warning-Options.html#index-Wunused-variable-Werror=unused-variable]8;;[m[K]
   80 |     double [01;31m[Kspeed[m[K = saved_control_cmd_msg.LongitudinalCommand.speed;
      |            [01;31m[K^~~~~[m[K
[ 96%] [32m[1mLinking CXX executable dbw_ulc_converter[0m
[ 96%] Built target dbw_ulc_converter
cc1plus: all warnings being treated as errors
gmake[2]: *** [CMakeFiles/dbw_ulc_converter_component.dir/build.make:76: CMakeFiles/dbw_ulc_converter_component.dir/src/dbw_ulc_converter.cpp.o] Error 1
gmake[1]: *** [CMakeFiles/Makefile2:552: CMakeFiles/dbw_ulc_converter_component.dir/all] Error 2
gmake: *** [Makefile:146: all] Error 2
