[35m[1mConsolidate compiler generated dependencies of target preview_control_component[0m
[ 50%] Built target preview_control
[ 75%] [32mBuilding CXX object CMakeFiles/preview_control_component.dir/src/preview_control.cpp.o[0m
[01m[K/home/zhijie/autoware/src/terasim/preview_control/preview_control/src/preview_control.cpp:[m[K In constructor â€˜[01m[Kpreview_control::PreviewControl::PreviewControl(const rclcpp::NodeOptions&)[m[Kâ€™:
[01m[K/home/zhijie/autoware/src/terasim/preview_control/preview_control/src/preview_control.cpp:21:22:[m[K [01;31m[Kerror: [m[Kbase operand of â€˜[01m[K->[m[Kâ€™ has non-pointer type â€˜[01m[KSYSTEM_DATA_S[m[Kâ€™
   21 |         _p2c = ssData[01;31m[K->[m[Kp2c;
      |                      [01;31m[K^~[m[K
[01m[K/home/zhijie/autoware/src/terasim/preview_control/preview_control/src/preview_control.cpp:22:21:[m[K [01;31m[Kerror: [m[Kbase operand of â€˜[01m[K->[m[Kâ€™ has non-pointer type â€˜[01m[KSYSTEM_DATA_S[m[Kâ€™
   22 |         _vs = ssData[01;31m[K->[m[Kvs;
      |                     [01;31m[K^~[m[K
[01m[K/home/zhijie/autoware/src/terasim/preview_control/preview_control/src/preview_control.cpp:23:23:[m[K [01;31m[Kerror: [m[Kbase operand of â€˜[01m[K->[m[Kâ€™ has non-pointer type â€˜[01m[KSYSTEM_DATA_S[m[Kâ€™
   23 |         _ctrl = ssData[01;31m[K->[m[Kctrl;
      |                       [01;31m[K^~[m[K
[01m[K/home/zhijie/autoware/src/terasim/preview_control/preview_control/src/preview_control.cpp:26:20:[m[K [01;31m[Kerror: [m[Kcannot convert â€˜[01m[KPlan_Rlt_S[m[Kâ€™ to â€˜[01m[KPlan_Rlt_S*[m[Kâ€™
   26 |             [01;31m[KssData.p2c[m[K,
      |             [01;31m[K~~~~~~~^~~[m[K
      |                    [01;31m[K|[m[K
      |                    [01;31m[KPlan_Rlt_S[m[K
In file included from [01m[K/home/zhijie/autoware/src/terasim/preview_control/preview_control/include/preview_control.hpp:9[m[K,
                 from [01m[K/home/zhijie/autoware/src/terasim/preview_control/preview_control/src/preview_control.cpp:1[m[K:
[01m[K/home/zhijie/autoware/src/terasim/preview_control/preview_control/include/path_follow.hpp:56:28:[m[K [01;36m[Knote: [m[K  initializing argument 1 of â€˜[01m[Kvoid PathFollowing::ini(Plan_Rlt_S*, VehState_S*, Control_Value_S*, std::string, float, float)[m[Kâ€™
   56 |         [01;36m[KPlan_Rlt_S * const planning2control_msg[m[K,
      |         [01;36m[K~~~~~~~~~~~~~~~~~~~^~~~~~~~~~~~~~~~~~~~[m[K
[01m[K/home/zhijie/autoware/src/terasim/preview_control/preview_control/src/preview_control.cpp:35:20:[m[K [01;31m[Kerror: [m[Kcannot convert â€˜[01m[KPlan_Rlt_S[m[Kâ€™ to â€˜[01m[KPlan_Rlt_S*[m[Kâ€™
   35 |             [01;31m[KssData.p2c[m[K,
      |             [01;31m[K~~~~~~~^~~[m[K
      |                    [01;31m[K|[m[K
      |                    [01;31m[KPlan_Rlt_S[m[K
In file included from [01m[K/home/zhijie/autoware/src/terasim/preview_control/preview_control/include/preview_control.hpp:10[m[K,
                 from [01m[K/home/zhijie/autoware/src/terasim/preview_control/preview_control/src/preview_control.cpp:1[m[K:
[01m[K/home/zhijie/autoware/src/terasim/preview_control/preview_control/include/speed_control.hpp:88:33:[m[K [01;36m[Knote: [m[K  initializing argument 1 of â€˜[01m[Kvoid SpeedControl::ini(Plan_Rlt_S*, VehState_S*, Control_Value_S*, float, float, int)[m[Kâ€™
   88 |     void ini([01;36m[KPlan_Rlt_S * const planning2control_msg[m[K,
      |              [01;36m[K~~~~~~~~~~~~~~~~~~~^~~~~~~~~~~~~~~~~~~~[m[K
[01m[K/home/zhijie/autoware/src/terasim/preview_control/preview_control/src/preview_control.cpp:54:65:[m[K [01;31m[Kerror: [m[Kâ€˜[01m[Kon_timer[m[Kâ€™ is not a member of â€˜[01m[Kpreview_control::PreviewControl[m[Kâ€™
   54 |             this, get_clock(), 20ms, std::bind(&PreviewControl::[01;31m[Kon_timer[m[K, this));
      |                                                                 [01;31m[K^~~~~~~~[m[K
[01m[K/home/zhijie/autoware/src/terasim/preview_control/preview_control/src/preview_control.cpp:[m[K In member function â€˜[01m[Kvoid preview_control::PreviewControl::publishCmd()[m[Kâ€™:
[01m[K/home/zhijie/autoware/src/terasim/preview_control/preview_control/src/preview_control.cpp:59:13:[m[K [01;31m[Kerror: [m[Kâ€˜[01m[K_nh[m[Kâ€™ was not declared in this scope
   59 |         if ([01;31m[K_nh[m[K == NULL || _ctrl == NULL)
      |             [01;31m[K^~~[m[K
[01m[K/home/zhijie/autoware/src/terasim/preview_control/preview_control/src/preview_control.cpp:62:18:[m[K [01;31m[Kerror: [m[Kno post-increment operator for type
   62 |         if(count [01;31m[K++[m[K > 9999999) count = 0;
      |                  [01;31m[K^~[m[K
[01m[K/home/zhijie/autoware/src/terasim/preview_control/preview_control/src/preview_control.cpp:62:40:[m[K [01;31m[Kerror: [m[Koverloaded function with no contextual type information
   62 |         if(count ++ > 9999999) count = [01;31m[K0[m[K;
      |                                        [01;31m[K^[m[K
[01m[K/home/zhijie/autoware/src/terasim/preview_control/preview_control/src/preview_control.cpp:63:51:[m[K [01;31m[Kerror: [m[Kcannot convert â€˜[01m[Krclcpp::Time[m[Kâ€™ to â€˜[01m[Kmcity_msgs::msg::Control_<std::allocator<void> >::_timestamp_type[m[Kâ€™ {aka â€˜[01m[Kdouble[m[Kâ€™} in assignment
   63 |         cmd_msg.timestamp = [01;31m[Kthis->get_clock()->now()[m[K;
      |                             [01;31m[K~~~~~~~~~~~~~~~~~~~~~~^~[m[K
      |                                                   [01;31m[K|[m[K
      |                                                   [01;31m[Krclcpp::Time[m[K
[01m[K/home/zhijie/autoware/src/terasim/preview_control/preview_control/src/preview_control.cpp:64:35:[m[K [01;31m[Kerror: [m[Kcannot resolve overloaded function â€˜[01m[Kcount[m[Kâ€™ based on conversion to type â€˜[01m[Kmcity_msgs::msg::Control_<std::allocator<void> >::_count_type[m[Kâ€™ {aka â€˜[01m[Kint[m[Kâ€™}
   64 |         cmd_msg.count           = [01;31m[Kcount[m[K;
      |                                   [01;31m[K^~~~~[m[K
[01m[K/home/zhijie/autoware/src/terasim/preview_control/preview_control/src/preview_control.cpp:73:24:[m[K [01;31m[Kerror: [m[Kâ€˜[01m[Kusing SharedPtr = class std::shared_ptr<rclcpp::Publisher<mcity_msgs::msg::Control_<std::allocator<void> > > >[m[Kâ€™ {aka â€˜[01m[Kclass std::shared_ptr<rclcpp::Publisher<mcity_msgs::msg::Control_<std::allocator<void> > > >[m[Kâ€™} has no member named â€˜[01m[Kpublish[m[Kâ€™
   73 |         pub_cmd2bywire.[01;31m[Kpublish[m[K(cmd_msg);
      |                        [01;31m[K^~~~~~~[m[K
[01m[K/home/zhijie/autoware/src/terasim/preview_control/preview_control/src/preview_control.cpp:[m[K In function â€˜[01m[Kvoid preview_control::on_timer()[m[Kâ€™:
[01m[K/home/zhijie/autoware/src/terasim/preview_control/preview_control/src/preview_control.cpp:80:16:[m[K [01;31m[Kerror: [m[Koverloaded function with no contextual type information
   80 |         count+=[01;31m[K1[m[K;
      |                [01;31m[K^[m[K
[01m[K/home/zhijie/autoware/src/terasim/preview_control/preview_control/src/preview_control.cpp:83:9:[m[K [01;31m[Kerror: [m[Kâ€˜[01m[KpathFollow[m[Kâ€™ was not declared in this scope; did you mean â€˜[01m[KPathFollowing[m[Kâ€™?
   83 |         [01;31m[KpathFollow[m[K.run();
      |         [01;31m[K^~~~~~~~~~[m[K
      |         [32m[KPathFollowing[m[K
[01m[K/home/zhijie/autoware/src/terasim/preview_control/preview_control/src/preview_control.cpp:86:9:[m[K [01;31m[Kerror: [m[Kâ€˜[01m[KspeedCtrl[m[Kâ€™ was not declared in this scope; did you mean â€˜[01m[KSpeedControl[m[Kâ€™?
   86 |         [01;31m[KspeedCtrl[m[K.run();
      |         [01;31m[K^~~~~~~~~[m[K
      |         [32m[KSpeedControl[m[K
[01m[K/home/zhijie/autoware/src/terasim/preview_control/preview_control/src/preview_control.cpp:89:12:[m[K [01;31m[Kerror: [m[Kâ€˜[01m[KssData[m[Kâ€™ was not declared in this scope
   89 |         if([01;31m[KssData[m[K.p2c.go == 0)
      |            [01;31m[K^~~~~~[m[K
[01m[K/home/zhijie/autoware/src/terasim/preview_control/preview_control/src/preview_control.cpp:96:22:[m[K [01;31m[Kerror: [m[Kâ€˜[01m[Kros[m[Kâ€™ has not been declared
   96 |         std::cout << [01;31m[Kros[m[K::Time::now().toSec() - ssData.p2c.timestamp<<std::endl;
      |                      [01;31m[K^~~[m[K
[01m[K/home/zhijie/autoware/src/terasim/preview_control/preview_control/src/preview_control.cpp:96:49:[m[K [01;31m[Kerror: [m[Kâ€˜[01m[KssData[m[Kâ€™ was not declared in this scope
   96 |         std::cout << ros::Time::now().toSec() - [01;31m[KssData[m[K.p2c.timestamp<<std::endl;
      |                                                 [01;31m[K^~~~~~[m[K
[01m[K/home/zhijie/autoware/src/terasim/preview_control/preview_control/src/preview_control.cpp:97:13:[m[K [01;31m[Kerror: [m[Kâ€˜[01m[Kros[m[Kâ€™ has not been declared
   97 |         if ([01;31m[Kros[m[K::Time::now().toSec() - ssData.p2c.timestamp > 0.5)
      |             [01;31m[K^~~[m[K
[01m[K/home/zhijie/autoware/src/terasim/preview_control/preview_control/src/preview_control.cpp:104:9:[m[K [01;31m[Kerror: [m[Kâ€˜[01m[KpublishCmd[m[Kâ€™ was not declared in this scope
  104 |         [01;31m[KpublishCmd[m[K();
      |         [01;31m[K^~~~~~~~~~[m[K
In file included from [01m[K/opt/ros/humble/include/rclcpp/rclcpp/logging.hpp:24[m[K,
                 from [01m[K/opt/ros/humble/include/rclcpp/rclcpp/client.hpp:40[m[K,
                 from [01m[K/opt/ros/humble/include/rclcpp/rclcpp/callback_group.hpp:24[m[K,
                 from [01m[K/opt/ros/humble/include/rclcpp/rclcpp/any_executable.hpp:20[m[K,
                 from [01m[K/opt/ros/humble/include/rclcpp/rclcpp/memory_strategy.hpp:25[m[K,
                 from [01m[K/opt/ros/humble/include/rclcpp/rclcpp/memory_strategies.hpp:18[m[K,
                 from [01m[K/opt/ros/humble/include/rclcpp/rclcpp/executor_options.hpp:20[m[K,
                 from [01m[K/opt/ros/humble/include/rclcpp/rclcpp/executor.hpp:37[m[K,
                 from [01m[K/opt/ros/humble/include/rclcpp/rclcpp/executors/multi_threaded_executor.hpp:25[m[K,
                 from [01m[K/opt/ros/humble/include/rclcpp/rclcpp/executors.hpp:21[m[K,
                 from [01m[K/opt/ros/humble/include/rclcpp/rclcpp/rclcpp.hpp:155[m[K,
                 from [01m[K/home/zhijie/autoware/src/terasim/preview_control/preview_control/include/preview_control.hpp:11[m[K,
                 from [01m[K/home/zhijie/autoware/src/terasim/preview_control/preview_control/src/preview_control.cpp:1[m[K:
[01m[K/home/zhijie/autoware/src/terasim/preview_control/preview_control/src/preview_control.cpp:108:9:[m[K [01;31m[Kerror: [m[Koverloaded function with no contextual type information
  108 |         [01;31m[KRCLCPP_INFO[m[K(rclcpp::get_logger("rclcpp"), "Main loop %ld used %g CPU seconds",
      |         [01;31m[K^~~~~~~~~~~[m[K
[01m[K/home/zhijie/autoware/src/terasim/preview_control/preview_control/src/preview_control.cpp:[m[K In member function â€˜[01m[Kvoid preview_control::PreviewControl::vehStateCB(mcity_msgs::msg::VehicleState_<std::allocator<void> >::SharedPtr)[m[Kâ€™:
[01m[K/home/zhijie/autoware/src/terasim/preview_control/preview_control/src/preview_control.cpp:121:9:[m[K [01;31m[Kerror: [m[Kâ€˜[01m[KUTM[m[Kâ€™ has not been declared
  121 |         [01;31m[KUTM[m[K::LLtoUTM( _vs->latitude, _vs->longitude,
      |         [01;31m[K^~~[m[K
[01m[K/home/zhijie/autoware/src/terasim/preview_control/preview_control/src/preview_control.cpp:[m[K In member function â€˜[01m[Kvoid preview_control::PreviewControl::pathCB(mcity_msgs::msg::PlanedPath2_<std::allocator<void> >::SharedPtr)[m[Kâ€™:
[01m[K/home/zhijie/autoware/src/terasim/preview_control/preview_control/src/preview_control.cpp:145:15:[m[K [01;31m[Kerror: [m[Kâ€˜[01m[Kclass Plan_Rlt_S[m[Kâ€™ has no member named â€˜[01m[Kgo[m[Kâ€™; did you mean â€˜[01m[KGo[m[Kâ€™?
  145 |         _p2c->[01;31m[Kgo[m[K =msg->go;
      |               [01;31m[K^~[m[K
      |               [32m[KGo[m[K
[01m[K/home/zhijie/autoware/src/terasim/preview_control/preview_control/src/preview_control.cpp:163:27:[m[K [01;31m[Kerror: [m[Kcomparison of integer expressions of different signedness: â€˜[01m[Kint[m[Kâ€™ and â€˜[01m[Kstd::vector<double, std::allocator<double> >::size_type[m[Kâ€™ {aka â€˜[01m[Klong unsigned int[m[Kâ€™} [[01;31m[K]8;;https://gcc.gnu.org/onlinedocs/gcc/Warning-Options.html#index-Wsign-compare-Werror=sign-compare]8;;[m[K]
  163 |         for (int i = 0; [01;31m[Ki < msg->cr_vector.size()[m[K; ++i)
      |                         [01;31m[K~~^~~~~~~~~~~~~~~~~~~~~~~[m[K
[01m[K/home/zhijie/autoware/src/terasim/preview_control/preview_control/src/preview_control.cpp:167:27:[m[K [01;31m[Kerror: [m[Kcomparison of integer expressions of different signedness: â€˜[01m[Kint[m[Kâ€™ and â€˜[01m[Kstd::vector<double, std::allocator<double> >::size_type[m[Kâ€™ {aka â€˜[01m[Klong unsigned int[m[Kâ€™} [[01;31m[K]8;;https://gcc.gnu.org/onlinedocs/gcc/Warning-Options.html#index-Wsign-compare-Werror=sign-compare]8;;[m[K]
  167 |         for (int i = 0; [01;31m[Ki < msg->vd_vector.size()[m[K; ++i)
      |                         [01;31m[K~~^~~~~~~~~~~~~~~~~~~~~~~[m[K
[01m[K/home/zhijie/autoware/src/terasim/preview_control/preview_control/src/preview_control.cpp:171:27:[m[K [01;31m[Kerror: [m[Kcomparison of integer expressions of different signedness: â€˜[01m[Kint[m[Kâ€™ and â€˜[01m[Kstd::vector<double, std::allocator<double> >::size_type[m[Kâ€™ {aka â€˜[01m[Klong unsigned int[m[Kâ€™} [[01;31m[K]8;;https://gcc.gnu.org/onlinedocs/gcc/Warning-Options.html#index-Wsign-compare-Werror=sign-compare]8;;[m[K]
  171 |         for (int i = 0; [01;31m[Ki < msg->slope_vector.size()[m[K; ++i)
      |                         [01;31m[K~~^~~~~~~~~~~~~~~~~~~~~~~~~~[m[K
[01m[K/home/zhijie/autoware/src/terasim/preview_control/preview_control/src/preview_control.cpp:175:27:[m[K [01;31m[Kerror: [m[Kcomparison of integer expressions of different signedness: â€˜[01m[Kint[m[Kâ€™ and â€˜[01m[Kstd::vector<double, std::allocator<double> >::size_type[m[Kâ€™ {aka â€˜[01m[Klong unsigned int[m[Kâ€™} [[01;31m[K]8;;https://gcc.gnu.org/onlinedocs/gcc/Warning-Options.html#index-Wsign-compare-Werror=sign-compare]8;;[m[K]
  175 |         for (int i = 0; [01;31m[Ki < msg->x_vector.size()[m[K; ++i)
      |                         [01;31m[K~~^~~~~~~~~~~~~~~~~~~~~~[m[K
[01m[K/home/zhijie/autoware/src/terasim/preview_control/preview_control/src/preview_control.cpp:179:27:[m[K [01;31m[Kerror: [m[Kcomparison of integer expressions of different signedness: â€˜[01m[Kint[m[Kâ€™ and â€˜[01m[Kstd::vector<double, std::allocator<double> >::size_type[m[Kâ€™ {aka â€˜[01m[Klong unsigned int[m[Kâ€™} [[01;31m[K]8;;https://gcc.gnu.org/onlinedocs/gcc/Warning-Options.html#index-Wsign-compare-Werror=sign-compare]8;;[m[K]
  179 |         for (int i = 0; [01;31m[Ki < msg->y_vector.size()[m[K; ++i)
      |                         [01;31m[K~~^~~~~~~~~~~~~~~~~~~~~~[m[K
cc1plus: all warnings being treated as errors
gmake[2]: *** [CMakeFiles/preview_control_component.dir/build.make:76: CMakeFiles/preview_control_component.dir/src/preview_control.cpp.o] Error 1
gmake[1]: *** [CMakeFiles/Makefile2:139: CMakeFiles/preview_control_component.dir/all] Error 2
gmake: *** [Makefile:146: all] Error 2
