[01m[K/home/zhijie/autoware/src/terasim/mcity_terasim/src/cav_context_converter.cpp:[m[K In member function â€˜[01m[Kvoid cav_context_converter::CavContextConverter::on_timer()[m[Kâ€™:
[01m[K/home/zhijie/autoware/src/terasim/mcity_terasim/src/cav_context_converter.cpp:280:9:[m[K [01;31m[Kerror: [m[Kexpected â€˜[01m[K}[m[Kâ€™ before â€˜[01m[Kelse[m[Kâ€™
  280 |         [01;31m[Kelse[m[K{
      |         [01;31m[K^~~~[m[K
[01m[K/home/zhijie/autoware/src/terasim/mcity_terasim/src/cav_context_converter.cpp:272:40:[m[K [01;36m[Knote: [m[Kto match this â€˜[01m[K{[m[Kâ€™
  272 |       if(in_range(cav_value, bv_value))[01;36m[K{[m[K
      |                                        [01;36m[K^[m[K
[01m[K/home/zhijie/autoware/src/terasim/mcity_terasim/src/cav_context_converter.cpp:[m[K At global scope:
[01m[K/home/zhijie/autoware/src/terasim/mcity_terasim/src/cav_context_converter.cpp:289:1:[m[K [01;31m[Kerror: [m[Kexpected declaration before â€˜[01m[K}[m[Kâ€™ token
  289 | [01;31m[K}[m[K
      | [01;31m[K^[m[K
gmake[2]: *** [CMakeFiles/cav_context_converter_component.dir/build.make:76: CMakeFiles/cav_context_converter_component.dir/src/cav_context_converter.cpp.o] Error 1
gmake[1]: *** [CMakeFiles/Makefile2:268: CMakeFiles/cav_context_converter_component.dir/all] Error 2
gmake: *** [Makefile:146: all] Error 2
