[ 35%] Built target cav_info_converter
[ 35%] Built target sumo_autoware_cosim
[ 35%] Built target traffic_signal_control
[ 35%] Built target gnss_to_pose_twist
[ 35%] Built target cav_context_replay
[ 42%] Built target traffic_signal_control_component
[ 50%] Built target cav_context_converter
[ 57%] Built target gnss_to_dummy_pose_twist
[ 64%] Built target cav_info_converter_component
[35m[1mConsolidate compiler generated dependencies of target cav_context_converter_component[0m
[ 67%] [32mBuilding CXX object CMakeFiles/cav_context_converter_component.dir/src/cav_context_converter.cpp.o[0m
[01m[K/home/zhijie/autoware/src/terasim/mcity_terasim/src/cav_context_converter.cpp:[m[K In member function â€˜[01m[Kvoid cav_context_converter::CavContextConverter::on_timer()[m[Kâ€™:
[01m[K/home/zhijie/autoware/src/terasim/mcity_terasim/src/cav_context_converter.cpp:280:9:[m[K [01;31m[Kerror: [m[Kexpected â€˜[01m[K}[m[Kâ€™ before â€˜[01m[Kelse[m[Kâ€™
  280 |         [01;31m[Kelse[m[K{
      |         [01;31m[K^~~~[m[K
[01m[K/home/zhijie/autoware/src/terasim/mcity_terasim/src/cav_context_converter.cpp:272:40:[m[K [01;36m[Knote: [m[Kto match this â€˜[01m[K{[m[Kâ€™
  272 |       if(in_range(cav_value, bv_value))[01;36m[K{[m[K
      |                                        [01;36m[K^[m[K
[01m[K/home/zhijie/autoware/src/terasim/mcity_terasim/src/cav_context_converter.cpp:[m[K At global scope:
[01m[K/home/zhijie/autoware/src/terasim/mcity_terasim/src/cav_context_converter.cpp:289:1:[m[K [01;31m[Kerror: [m[Kexpected declaration before â€˜[01m[K}[m[Kâ€™ token
  289 | [01;31m[K}[m[K
      | [01;31m[K^[m[K
gmake[2]: *** [CMakeFiles/cav_context_converter_component.dir/build.make:76: CMakeFiles/cav_context_converter_component.dir/src/cav_context_converter.cpp.o] Error 1
gmake[1]: *** [CMakeFiles/Makefile2:268: CMakeFiles/cav_context_converter_component.dir/all] Error 2
gmake: *** [Makefile:146: all] Error 2
