[01m[K/home/zhijie/autoware/src/terasim/mcity_terasim/src/cav_context_converter.cpp:[m[K In member function â€˜[01m[Kvoid cav_context_converter::CavContextConverter::on_timer()[m[Kâ€™:
[01m[K/home/zhijie/autoware/src/terasim/mcity_terasim/src/cav_context_converter.cpp:274:46:[m[K [01;31m[Kerror: [m[Kâ€˜[01m[Kbv_value[m[Kâ€™ was not declared in this scope; did you mean â€˜[01m[Kcav_value[m[Kâ€™?
  274 |         cav_context_history_json[bv.key()] = [01;31m[Kbv_value[m[K;
      |                                              [01;31m[K^~~~~~~~[m[K
      |                                              [32m[Kcav_value[m[K
[01m[K/home/zhijie/autoware/src/terasim/mcity_terasim/src/cav_context_converter.cpp:277:52:[m[K [01;31m[Kerror: [m[Kâ€˜[01m[Kbv_value[m[Kâ€™ was not declared in this scope; did you mean â€˜[01m[Kcav_value[m[Kâ€™?
  277 |         cav_context_history_json.emplace(bv.key(), [01;31m[Kbv_value[m[K);
      |                                                    [01;31m[K^~~~~~~~[m[K
      |                                                    [32m[Kcav_value[m[K
gmake[2]: *** [CMakeFiles/cav_context_converter_component.dir/build.make:76: CMakeFiles/cav_context_converter_component.dir/src/cav_context_converter.cpp.o] Error 1
gmake[1]: *** [CMakeFiles/Makefile2:268: CMakeFiles/cav_context_converter_component.dir/all] Error 2
gmake: *** [Makefile:146: all] Error 2
