[ 46%] Built target traffic_signal_control
[ 46%] Built target cav_info_converter
[ 46%] Built target gnss_to_dummy_pose_twist
[ 46%] Built target cav_context_replay
[ 46%] Built target cav_context_converter
[ 46%] Built target gnss_to_pose_twist
[ 50%] Built target traffic_signal_control_component
[ 57%] Built target sumo_autoware_cosim
[ 64%] Built target cav_info_converter_component
[ 71%] Built target cav_context_converter_component
[ 78%] Built target cav_context_replay_component
[ 85%] Built target sumo_autoware_cosim_component
[ 92%] Built target gnss_to_pose_twist_component
[35m[1mConsolidate compiler generated dependencies of target gnss_to_dummy_pose_twist_component[0m
[ 96%] [32mBuilding CXX object CMakeFiles/gnss_to_dummy_pose_twist_component.dir/src/gnss_to_dummy_pose_twist.cpp.o[0m
[01m[K/home/zhijie/autoware/src/terasim/mcity_terasim/src/gnss_to_dummy_pose_twist.cpp:[m[K In constructor â€˜[01m[Kgnss_to_dummy_pose_twist::GnssToDummyPoseTwist::GnssToDummyPoseTwist(const rclcpp::NodeOptions&)[m[Kâ€™:
[01m[K/home/zhijie/autoware/src/terasim/mcity_terasim/src/gnss_to_dummy_pose_twist.cpp:30:55:[m[K [01;31m[Kerror: [m[Kâ€˜[01m[KGnssToPoseTwist[m[Kâ€™ has not been declared
   30 |       "/localization/kinematic_state", 10, std::bind(&[01;31m[KGnssToPoseTwist[m[K::odom_callback, this, std::placeholders::_1));
      |                                                       [01;31m[K^~~~~~~~~~~~~~~[m[K
[01m[K/home/zhijie/autoware/src/terasim/mcity_terasim/src/gnss_to_dummy_pose_twist.cpp:[m[K At global scope:
[01m[K/home/zhijie/autoware/src/terasim/mcity_terasim/src/gnss_to_dummy_pose_twist.cpp:36:3:[m[K [01;31m[Kerror: [m[KISO C++ forbids declaration of â€˜[01m[Kodom_callback[m[Kâ€™ with no type [[01;31m[K]8;;https://gcc.gnu.org/onlinedocs/gcc/Warning-Options.html#index-fpermissive-fpermissive]8;;[m[K]
   36 |   [01;31m[KGnssToDummyPoseTwist[m[K::odom_callback(Odometry::SharedPtr msg){
      |   [01;31m[K^~~~~~~~~~~~~~~~~~~~[m[K
[01m[K/home/zhijie/autoware/src/terasim/mcity_terasim/src/gnss_to_dummy_pose_twist.cpp:36:3:[m[K [01;31m[Kerror: [m[Kno declaration matches â€˜[01m[Kint gnss_to_dummy_pose_twist::GnssToDummyPoseTwist::odom_callback(nav_msgs::msg::Odometry_<std::allocator<void> >::SharedPtr)[m[Kâ€™
In file included from [01m[K/home/zhijie/autoware/src/terasim/mcity_terasim/src/gnss_to_dummy_pose_twist.cpp:15[m[K:
[01m[K/home/zhijie/autoware/src/terasim/mcity_terasim/include/gnss_to_dummy_pose_twist.hpp:88:8:[m[K [01;36m[Knote: [m[Kcandidate is: â€˜[01m[Kvoid gnss_to_dummy_pose_twist::GnssToDummyPoseTwist::odom_callback(nav_msgs::msg::Odometry_<std::allocator<void> >::SharedPtr)[m[Kâ€™
   88 |   void [01;36m[Kodom_callback[m[K(Odometry::SharedPtr msg);
      |        [01;36m[K^~~~~~~~~~~~~[m[K
[01m[K/home/zhijie/autoware/src/terasim/mcity_terasim/include/gnss_to_dummy_pose_twist.hpp:53:7:[m[K [01;36m[Knote: [m[Kâ€˜[01m[Kclass gnss_to_dummy_pose_twist::GnssToDummyPoseTwist[m[Kâ€™ defined here
   53 | class [01;36m[KGnssToDummyPoseTwist[m[K : public rclcpp::Node
      |       [01;36m[K^~~~~~~~~~~~~~~~~~~~[m[K
gmake[2]: *** [CMakeFiles/gnss_to_dummy_pose_twist_component.dir/build.make:76: CMakeFiles/gnss_to_dummy_pose_twist_component.dir/src/gnss_to_dummy_pose_twist.cpp.o] Error 1
gmake[1]: *** [CMakeFiles/Makefile2:490: CMakeFiles/gnss_to_dummy_pose_twist_component.dir/all] Error 2
gmake: *** [Makefile:146: all] Error 2
