[01m[K/home/zhijie/autoware/src/terasim/mcity_terasim/src/sumo_autoware_real.cpp:[m[K In member function â€˜[01m[Kvoid sumo_autoware_real::SumoAutowareReal::init_route_points()[m[Kâ€™:
[01m[K/home/zhijie/autoware/src/terasim/mcity_terasim/src/sumo_autoware_real.cpp:84:5:[m[K [01;31m[Kerror: [m[Kâ€˜[01m[Kwp5[m[Kâ€™ was not declared in this scope; did you mean â€˜[01m[Kwp0[m[Kâ€™?
   84 |     [01;31m[Kwp5[m[K.position.x = 77587.5625;
      |     [01;31m[K^~~[m[K
      |     [32m[Kwp0[m[K
[01m[K/home/zhijie/autoware/src/terasim/mcity_terasim/src/sumo_autoware_real.cpp:[m[K In member function â€˜[01m[Kvoid sumo_autoware_real::SumoAutowareReal::set_route_points()[m[Kâ€™:
[01m[K/home/zhijie/autoware/src/terasim/mcity_terasim/src/sumo_autoware_real.cpp:105:34:[m[K [01;31m[Kerror: [m[Kâ€˜[01m[Kwp5[m[Kâ€™ was not declared in this scope; did you mean â€˜[01m[Kwp0[m[Kâ€™?
  105 |     set_route_points_req->goal = [01;31m[Kwp5[m[K;
      |                                  [01;31m[K^~~[m[K
      |                                  [32m[Kwp0[m[K
gmake[2]: *** [CMakeFiles/sumo_autoware_real_component.dir/build.make:76: CMakeFiles/sumo_autoware_real_component.dir/src/sumo_autoware_real.cpp.o] Error 1
gmake[1]: *** [CMakeFiles/Makefile2:147: CMakeFiles/sumo_autoware_real_component.dir/all] Error 2
gmake: *** [Makefile:146: all] Error 2
