[ 14%] Built target cav_info_converter
[ 14%] Built target cav_context_replay
[ 21%] Built target sumo_autoware_cosim
[ 28%] Built target traffic_signal_control_component
[ 35%] Built target traffic_signal_control
[ 42%] Built target gnss_to_dummy_pose_twist
[ 50%] Built target cav_context_converter
[ 57%] Built target gnss_to_pose_twist
[ 64%] Built target cav_info_converter_component
[ 71%] Built target cav_context_converter_component
[ 78%] Built target cav_context_replay_component
[ 85%] Built target sumo_autoware_cosim_component
[ 92%] Built target gnss_to_pose_twist_component
[35m[1mConsolidate compiler generated dependencies of target gnss_to_dummy_pose_twist_component[0m
[ 96%] [32mBuilding CXX object CMakeFiles/gnss_to_dummy_pose_twist_component.dir/src/gnss_to_dummy_pose_twist.cpp.o[0m
[01m[K/home/zhijie/autoware/src/terasim/mcity_terasim/src/gnss_to_dummy_pose_twist.cpp:[m[K In constructor â€˜[01m[Kgnss_to_dummy_pose_twist::GnssToDummyPoseTwist::GnssToDummyPoseTwist(const rclcpp::NodeOptions&)[m[Kâ€™:
[01m[K/home/zhijie/autoware/src/terasim/mcity_terasim/src/gnss_to_dummy_pose_twist.cpp:30:55:[m[K [01;31m[Kerror: [m[Kâ€˜[01m[KGnssToPoseTwist[m[Kâ€™ has not been declared
   30 |       "/localization/kinematic_state", 10, std::bind(&[01;31m[KGnssToPoseTwist[m[K::odom_callback, this, std::placeholders::_1));
      |                                                       [01;31m[K^~~~~~~~~~~~~~~[m[K
gmake[2]: *** [CMakeFiles/gnss_to_dummy_pose_twist_component.dir/build.make:76: CMakeFiles/gnss_to_dummy_pose_twist_component.dir/src/gnss_to_dummy_pose_twist.cpp.o] Error 1
gmake[1]: *** [CMakeFiles/Makefile2:490: CMakeFiles/gnss_to_dummy_pose_twist_component.dir/all] Error 2
gmake: *** [Makefile:146: all] Error 2
