[01m[K/home/zhijie/autoware/src/terasim/preview_control/mkz_bywire/src/mkz_bywire.cpp:[m[K In constructor â€˜[01m[Kmkz_bywire::MkzBywire::MkzBywire(const rclcpp::NodeOptions&)[m[Kâ€™:
[01m[K/home/zhijie/autoware/src/terasim/preview_control/mkz_bywire/src/mkz_bywire.cpp:85:38:[m[K [01;31m[Kerror: [m[Kâ€˜[01m[KNONE[m[Kâ€™ is not a member of â€˜[01m[Kdataspeed_dbw_msgs::msg::GearCmd[m[Kâ€™ {aka â€˜[01m[Kdataspeed_dbw_msgs::msg::GearCmd_<std::allocator<void> >[m[Kâ€™}
   85 |         gear_msg.cmd.gear = GearCmd::[01;31m[KNONE[m[K;
      |                                      [01;31m[K^~~~[m[K
[01m[K/home/zhijie/autoware/src/terasim/preview_control/mkz_bywire/src/mkz_bywire.cpp:89:33:[m[K [01;31m[Kerror: [m[Kâ€˜[01m[KTurnsignal[m[Kâ€™ has not been declared
   89 |         turn_signal_msg.value = [01;31m[KTurnsignal[m[K::NONE;
      |                                 [01;31m[K^~~~~~~~~~[m[K
[01m[K/home/zhijie/autoware/src/terasim/preview_control/mkz_bywire/src/mkz_bywire.cpp:[m[K In member function â€˜[01m[Kvoid mkz_bywire::MkzBywire::publishCmd()[m[Kâ€™:
[01m[K/home/zhijie/autoware/src/terasim/preview_control/mkz_bywire/src/mkz_bywire.cpp:121:43:[m[K [01;31m[Kerror: [m[Kâ€˜[01m[KPARK[m[Kâ€™ is not a member of â€˜[01m[Kdataspeed_dbw_msgs::msg::GearCmd[m[Kâ€™ {aka â€˜[01m[Kdataspeed_dbw_msgs::msg::GearCmd_<std::allocator<void> >[m[Kâ€™}
  121 |         if (gear_msg.cmd.gear == GearCmd::[01;31m[KPARK[m[K    ||
      |                                           [01;31m[K^~~~[m[K
[01m[K/home/zhijie/autoware/src/terasim/preview_control/mkz_bywire/src/mkz_bywire.cpp:122:43:[m[K [01;31m[Kerror: [m[Kâ€˜[01m[KREVERSE[m[Kâ€™ is not a member of â€˜[01m[Kdataspeed_dbw_msgs::msg::GearCmd[m[Kâ€™ {aka â€˜[01m[Kdataspeed_dbw_msgs::msg::GearCmd_<std::allocator<void> >[m[Kâ€™}
  122 |             gear_msg.cmd.gear == GearCmd::[01;31m[KREVERSE[m[K ||
      |                                           [01;31m[K^~~~~~~[m[K
[01m[K/home/zhijie/autoware/src/terasim/preview_control/mkz_bywire/src/mkz_bywire.cpp:123:43:[m[K [01;31m[Kerror: [m[Kâ€˜[01m[KNEUTRAL[m[Kâ€™ is not a member of â€˜[01m[Kdataspeed_dbw_msgs::msg::GearCmd[m[Kâ€™ {aka â€˜[01m[Kdataspeed_dbw_msgs::msg::GearCmd_<std::allocator<void> >[m[Kâ€™}
  123 |             gear_msg.cmd.gear == GearCmd::[01;31m[KNEUTRAL[m[K ||
      |                                           [01;31m[K^~~~~~~[m[K
[01m[K/home/zhijie/autoware/src/terasim/preview_control/mkz_bywire/src/mkz_bywire.cpp:124:43:[m[K [01;31m[Kerror: [m[Kâ€˜[01m[KDRIVE[m[Kâ€™ is not a member of â€˜[01m[Kdataspeed_dbw_msgs::msg::GearCmd[m[Kâ€™ {aka â€˜[01m[Kdataspeed_dbw_msgs::msg::GearCmd_<std::allocator<void> >[m[Kâ€™}
  124 |             gear_msg.cmd.gear == GearCmd::[01;31m[KDRIVE[m[K   ||
      |                                           [01;31m[K^~~~~[m[K
[01m[K/home/zhijie/autoware/src/terasim/preview_control/mkz_bywire/src/mkz_bywire.cpp:125:43:[m[K [01;31m[Kerror: [m[Kâ€˜[01m[KLOW[m[Kâ€™ is not a member of â€˜[01m[Kdataspeed_dbw_msgs::msg::GearCmd[m[Kâ€™ {aka â€˜[01m[Kdataspeed_dbw_msgs::msg::GearCmd_<std::allocator<void> >[m[Kâ€™}
  125 |             gear_msg.cmd.gear == GearCmd::[01;31m[KLOW[m[K )
      |                                           [01;31m[K^~~[m[K
[01m[K/home/zhijie/autoware/src/terasim/preview_control/mkz_bywire/src/mkz_bywire.cpp:156:25:[m[K [01;31m[Kerror: [m[Kâ€˜[01m[Kusing TurnSignal = struct dataspeed_dbw_msgs::msg::TurnSignal_<std::allocator<void> >[m[Kâ€™ {aka â€˜[01m[Kstruct dataspeed_dbw_msgs::msg::TurnSignal_<std::allocator<void> >[m[Kâ€™} has no member named â€˜[01m[Kcmd[m[Kâ€™
  156 |         turn_signal_msg.[01;31m[Kcmd[m[K.value = cmd_in.turn_signal;
      |                         [01;31m[K^~~[m[K
[01m[K/home/zhijie/autoware/src/terasim/preview_control/mkz_bywire/src/mkz_bywire.cpp:157:29:[m[K [01;31m[Kerror: [m[Kâ€˜[01m[Kusing TurnSignal = struct dataspeed_dbw_msgs::msg::TurnSignal_<std::allocator<void> >[m[Kâ€™ {aka â€˜[01m[Kstruct dataspeed_dbw_msgs::msg::TurnSignal_<std::allocator<void> >[m[Kâ€™} has no member named â€˜[01m[Kcmd[m[Kâ€™
  157 |         if (turn_signal_msg.[01;31m[Kcmd[m[K.value != Turnsignal::NONE)
      |                             [01;31m[K^~~[m[K
[01m[K/home/zhijie/autoware/src/terasim/preview_control/mkz_bywire/src/mkz_bywire.cpp:157:42:[m[K [01;31m[Kerror: [m[Kâ€˜[01m[KTurnsignal[m[Kâ€™ has not been declared
  157 |         if (turn_signal_msg.cmd.value != [01;31m[KTurnsignal[m[K::NONE)
      |                                          [01;31m[K^~~~~~~~~~[m[K
[01m[K/home/zhijie/autoware/src/terasim/preview_control/mkz_bywire/src/mkz_bywire.cpp:166:57:[m[K [01;31m[Kerror: [m[Kâ€˜[01m[Kusing TurnSignal = struct dataspeed_dbw_msgs::msg::TurnSignal_<std::allocator<void> >[m[Kâ€™ {aka â€˜[01m[Kstruct dataspeed_dbw_msgs::msg::TurnSignal_<std::allocator<void> >[m[Kâ€™} has no member named â€˜[01m[Kcmd[m[Kâ€™
  166 |             StateName::Turn_signal_name(turn_signal_msg.[01;31m[Kcmd[m[K.value).data() );
      |                                                         [01;31m[K^~~[m[K
[01m[K/home/zhijie/autoware/src/terasim/preview_control/mkz_bywire/src/mkz_bywire.cpp:161:9:[m[K [01;31m[Kerror: [m[Kâ€˜[01m[KROS_INFO_THROTTLE[m[Kâ€™ was not declared in this scope; did you mean â€˜[01m[KRCLCPP_INFO_THROTTLE[m[Kâ€™?
  161 |         [01;31m[KROS_INFO_THROTTLE[m[K(10, "Publised cmd: T%f B%f S%f Gear-%s TS-%s",
      |         [01;31m[K^~~~~~~~~~~~~~~~~[m[K
      |         [32m[KRCLCPP_INFO_THROTTLE[m[K
[01m[K/home/zhijie/autoware/src/terasim/preview_control/mkz_bywire/src/mkz_bywire.cpp:[m[K In member function â€˜[01m[Kvoid mkz_bywire::MkzBywire::publishVehState()[m[Kâ€™:
[01m[K/home/zhijie/autoware/src/terasim/preview_control/mkz_bywire/src/mkz_bywire.cpp:213:50:[m[K [01;31m[Kerror: [m[Kcannot convert â€˜[01m[Krclcpp::Time[m[Kâ€™ to â€˜[01m[Kmcity_msgs::msg::VehicleState_<std::allocator<void> >::_timestamp_type[m[Kâ€™ {aka â€˜[01m[Kdouble[m[Kâ€™} in assignment
  213 |         vs_msg.timestamp = [01;31m[Kthis->get_clock()->now()[m[K;
      |                            [01;31m[K~~~~~~~~~~~~~~~~~~~~~~^~[m[K
      |                                                  [01;31m[K|[m[K
      |                                                  [01;31m[Krclcpp::Time[m[K
[01m[K/home/zhijie/autoware/src/terasim/preview_control/mkz_bywire/src/mkz_bywire.cpp:[m[K In member function â€˜[01m[Kvoid mkz_bywire::MkzBywire::publishSensorcheck()[m[Kâ€™:
[01m[K/home/zhijie/autoware/src/terasim/preview_control/mkz_bywire/src/mkz_bywire.cpp:219:54:[m[K [01;31m[Kerror: [m[Kcannot convert â€˜[01m[Krclcpp::Time[m[Kâ€™ to â€˜[01m[Kmcity_msgs::msg::SensorCheck_<std::allocator<void> >::_timestamp_type[m[Kâ€™ {aka â€˜[01m[Kdouble[m[Kâ€™} in assignment
  219 |         sensor_msg.timestamp = [01;31m[Kthis->get_clock()->now()[m[K;
      |                                [01;31m[K~~~~~~~~~~~~~~~~~~~~~~^~[m[K
      |                                                      [01;31m[K|[m[K
      |                                                      [01;31m[Krclcpp::Time[m[K
gmake[2]: *** [CMakeFiles/mkz_bywire_component.dir/build.make:76: CMakeFiles/mkz_bywire_component.dir/src/mkz_bywire.cpp.o] Error 1
gmake[1]: *** [CMakeFiles/Makefile2:139: CMakeFiles/mkz_bywire_component.dir/all] Error 2
gmake: *** [Makefile:146: all] Error 2
