[01m[K/home/zhijie/autoware/src/terasim/mcity_terasim/src/dbw_ulc_converter.cpp:[m[K In member function â€˜[01m[Kvoid dbw_ulc_converter::DbwUlcConverter::on_timer()[m[Kâ€™:
[01m[K/home/zhijie/autoware/src/terasim/mcity_terasim/src/dbw_ulc_converter.cpp:80:42:[m[K [01;31m[Kerror: [m[Kâ€˜[01m[Kusing AckermannControlCommand = struct autoware_auto_control_msgs::msg::AckermannControlCommand_<std::allocator<void> >[m[Kâ€™ {aka â€˜[01m[Kstruct autoware_auto_control_msgs::msg::AckermannControlCommand_<std::allocator<void> >[m[Kâ€™} has no member named â€˜[01m[KLongitudinalCommand[m[Kâ€™
   80 |     double speed = saved_control_cmd_msg.[01;31m[KLongitudinalCommand[m[K.speed;
      |                                          [01;31m[K^~~~~~~~~~~~~~~~~~~[m[K
[01m[K/home/zhijie/autoware/src/terasim/mcity_terasim/src/dbw_ulc_converter.cpp:84:36:[m[K [01;31m[Kerror: [m[Kâ€˜[01m[Ksspeed[m[Kâ€™ was not declared in this scope; did you mean â€˜[01m[Kspeed[m[Kâ€™?
   84 |     auto ulc_cmd_msg = get_ulc_cmd([01;31m[Ksspeed[m[K, steering_tire_angle);
      |                                    [01;31m[K^~~~~~[m[K
      |                                    [32m[Kspeed[m[K
[01m[K/home/zhijie/autoware/src/terasim/mcity_terasim/src/dbw_ulc_converter.cpp:80:12:[m[K [01;31m[Kerror: [m[Kunused variable â€˜[01m[Kspeed[m[Kâ€™ [[01;31m[K]8;;https://gcc.gnu.org/onlinedocs/gcc/Warning-Options.html#index-Wunused-variable-Werror=unused-variable]8;;[m[K]
   80 |     double [01;31m[Kspeed[m[K = saved_control_cmd_msg.LongitudinalCommand.speed;
      |            [01;31m[K^~~~~[m[K
cc1plus: all warnings being treated as errors
gmake[2]: *** [CMakeFiles/dbw_ulc_converter_component.dir/build.make:76: CMakeFiles/dbw_ulc_converter_component.dir/src/dbw_ulc_converter.cpp.o] Error 1
gmake[1]: *** [CMakeFiles/Makefile2:552: CMakeFiles/dbw_ulc_converter_component.dir/all] Error 2
gmake: *** [Makefile:146: all] Error 2
