[ 20%] Built target preview_path_gen
[ 40%] Built target preview_control
[ 80%] Built target preview_control_component
[35m[1mConsolidate compiler generated dependencies of target preview_path_gen_component[0m
[ 90%] [32mBuilding CXX object CMakeFiles/preview_path_gen_component.dir/src/preview_path_gen.cpp.o[0m
[01m[K/home/zhijie/autoware/src/terasim/preview_control/preview_control/src/preview_path_gen.cpp:38:10:[m[K [01;31m[Kerror: [m[Kno declaration matches â€˜[01m[Kvoid preview_path_gen::PreviewPathGen::init_path()[m[Kâ€™
   38 |     void [01;31m[KPreviewPathGen[m[K::init_path(){
      |          [01;31m[K^~~~~~~~~~~~~~[m[K
[01m[K/home/zhijie/autoware/src/terasim/preview_control/preview_control/src/preview_path_gen.cpp:38:10:[m[K [01;36m[Knote: [m[Kno functions named â€˜[01m[Kvoid preview_path_gen::PreviewPathGen::init_path()[m[Kâ€™
In file included from [01m[K/home/zhijie/autoware/src/terasim/preview_control/preview_control/src/preview_path_gen.cpp:1[m[K:
[01m[K/home/zhijie/autoware/src/terasim/preview_control/preview_control/include/preview_path_gen.hpp:24:7:[m[K [01;36m[Knote: [m[Kâ€˜[01m[Kclass preview_path_gen::PreviewPathGen[m[Kâ€™ defined here
   24 | class [01;36m[KPreviewPathGen[m[K : public rclcpp::Node
      |       [01;36m[K^~~~~~~~~~~~~~[m[K
gmake[2]: *** [CMakeFiles/preview_path_gen_component.dir/build.make:76: CMakeFiles/preview_path_gen_component.dir/src/preview_path_gen.cpp.o] Error 1
gmake[1]: *** [CMakeFiles/Makefile2:195: CMakeFiles/preview_path_gen_component.dir/all] Error 2
gmake: *** [Makefile:146: all] Error 2
