[01m[K/home/zhijie/autoware/src/terasim/abc_terasim/src/abc_context_converter.cpp:[m[K In member function â€˜[01m[Kautoware_auto_perception_msgs::msg::ObjectClassification abc_context_converter::AbcContextConverter::get_classification(std::string)[m[Kâ€™:
[01m[K/home/zhijie/autoware/src/terasim/abc_terasim/src/abc_context_converter.cpp:153:9:[m[K [01;31m[Kerror: [m[Kâ€˜[01m[Kstr[m[Kâ€™ was not declared in this scope; did you mean â€˜[01m[Kstd[m[Kâ€™?
  153 |     if ([01;31m[Kstr[m[K.find("VRU") != std::string::npos) {
      |         [01;31m[K^~~[m[K
      |         [32m[Kstd[m[K
[01m[K/home/zhijie/autoware/src/terasim/abc_terasim/src/abc_context_converter.cpp:149:71:[m[K [01;31m[Kerror: [m[Kunused parameter â€˜[01m[Kbv_key[m[Kâ€™ [[01;31m[K]8;;https://gcc.gnu.org/onlinedocs/gcc/Warning-Options.html#index-Wunused-parameter-Werror=unused-parameter]8;;[m[K]
  149 | tClassification AbcContextConverter::get_classification([01;31m[Kstring bv_key[m[K){
      |                                                         [01;31m[K~~~~~~~^~~~~~[m[K

cc1plus: all warnings being treated as errors
gmake[2]: *** [CMakeFiles/abc_context_converter_component.dir/build.make:76: CMakeFiles/abc_context_converter_component.dir/src/abc_context_converter.cpp.o] Error 1
gmake[1]: *** [CMakeFiles/Makefile2:231: CMakeFiles/abc_context_converter_component.dir/all] Error 2
gmake: *** [Makefile:146: all] Error 2
