[ 30%] [32mBuilding CXX object CMakeFiles/preview_control_component.dir/src/path_follow/path_follow.cpp.o[0m
[ 50%] Built target preview_control
[ 50%] Built target preview_path_gen
[ 60%] [32mBuilding CXX object CMakeFiles/preview_control_component.dir/src/preview_control.cpp.o[0m
[ 70%] [32m[1mLinking CXX shared library libpreview_control_component.so[0m
[ 80%] Built target preview_control_component
[35m[1mConsolidate compiler generated dependencies of target preview_path_gen_component[0m
[ 90%] [32mBuilding CXX object CMakeFiles/preview_path_gen_component.dir/src/preview_path_gen.cpp.o[0m
[01m[K/home/zhijie/autoware/src/terasim/preview_control/preview_control/src/preview_path_gen.cpp:[m[K In member function â€˜[01m[Kvoid preview_path_gen::PreviewPathGen::compute_lateral_and_heading_error(int)[m[Kâ€™:
[01m[K/home/zhijie/autoware/src/terasim/preview_control/preview_control/src/preview_path_gen.cpp:187:16:[m[K [01;31m[Kerror: [m[Kunused variable â€˜[01m[Kdistance_to_pre[m[Kâ€™ [[01;31m[K]8;;https://gcc.gnu.org/onlinedocs/gcc/Warning-Options.html#index-Wunused-variable-Werror=unused-variable]8;;[m[K]
  187 |         double [01;31m[Kdistance_to_pre[m[K = sqrt(pow(pose_x - x_pre, 2) + pow(pose_y - y_pre, 2));
      |                [01;31m[K^~~~~~~~~~~~~~~[m[K
[01m[K/home/zhijie/autoware/src/terasim/preview_control/preview_control/src/preview_path_gen.cpp:188:16:[m[K [01;31m[Kerror: [m[Kunused variable â€˜[01m[Kdistance_to_next[m[Kâ€™ [[01;31m[K]8;;https://gcc.gnu.org/onlinedocs/gcc/Warning-Options.html#index-Wunused-variable-Werror=unused-variable]8;;[m[K]
  188 |         double [01;31m[Kdistance_to_next[m[K = sqrt(pow(pose_x - x_next, 2) + pow(pose_y - y_next, 2));
      |                [01;31m[K^~~~~~~~~~~~~~~~[m[K
cc1plus: all warnings being treated as errors
gmake[2]: *** [CMakeFiles/preview_path_gen_component.dir/build.make:76: CMakeFiles/preview_path_gen_component.dir/src/preview_path_gen.cpp.o] Error 1
gmake[1]: *** [CMakeFiles/Makefile2:195: CMakeFiles/preview_path_gen_component.dir/all] Error 2
gmake: *** [Makefile:146: all] Error 2
