[01m[K/home/zhijie/autoware/src/terasim/preview_control/mkz_bywire/src/mkz_bywire.cpp:[m[K In member function â€˜[01m[Kvoid mkz_bywire::MkzBywire::publishVehState()[m[Kâ€™:
[01m[K/home/zhijie/autoware/src/terasim/preview_control/mkz_bywire/src/mkz_bywire.cpp:214:53:[m[K [01;31m[Kerror: [m[Kâ€˜[01m[Kclass rclcpp::Time[m[Kâ€™ has no member named â€˜[01m[KtoSec[m[Kâ€™
  214 |         vs_msg.timestamp = this->get_clock()->now().[01;31m[KtoSec[m[K();
      |                                                     [01;31m[K^~~~~[m[K
[01m[K/home/zhijie/autoware/src/terasim/preview_control/mkz_bywire/src/mkz_bywire.cpp:[m[K In member function â€˜[01m[Kvoid mkz_bywire::MkzBywire::publishSensorcheck()[m[Kâ€™:
[01m[K/home/zhijie/autoware/src/terasim/preview_control/mkz_bywire/src/mkz_bywire.cpp:220:57:[m[K [01;31m[Kerror: [m[Kâ€˜[01m[Kclass rclcpp::Time[m[Kâ€™ has no member named â€˜[01m[KtoSec[m[Kâ€™
  220 |         sensor_msg.timestamp = this->get_clock()->now().[01;31m[KtoSec[m[K();
      |                                                         [01;31m[K^~~~~[m[K
gmake[2]: *** [CMakeFiles/mkz_bywire_component.dir/build.make:76: CMakeFiles/mkz_bywire_component.dir/src/mkz_bywire.cpp.o] Error 1
gmake[1]: *** [CMakeFiles/Makefile2:139: CMakeFiles/mkz_bywire_component.dir/all] Error 2
gmake: *** [Makefile:146: all] Error 2
