[0.009s] Invoking command in '/home/zhijie/autoware/build/mkz_bywire': AMENT_PREFIX_PATH=/home/zhijie/autoware/install/autoware_cmake:/home/zhijie/autoware/install/mcity_msgs:/home/zhijie/autoware/install/dbw_fca_msgs:/home/zhijie/autoware/install/dataspeed_dbw_msgs:/home/zhijie/autoware/install/autoware_lint_common:${AMENT_PREFIX_PATH} CMAKE_PREFIX_PATH=/home/zhijie/autoware/install/autoware_cmake:/home/zhijie/autoware/install/mcity_msgs:/home/zhijie/autoware/install/dbw_fca_msgs:/home/zhijie/autoware/install/dataspeed_dbw_msgs:/home/zhijie/autoware/install/autoware_lint_common:/opt/ros/humble LD_LIBRARY_PATH=/home/zhijie/autoware/install/mcity_msgs/lib:/home/zhijie/autoware/install/dbw_fca_msgs/lib:/home/zhijie/autoware/install/dataspeed_dbw_msgs/lib:${LD_LIBRARY_PATH} PYTHONPATH=/home/zhijie/autoware/install/mcity_msgs/local/lib/python3.10/dist-packages:/home/zhijie/autoware/install/dbw_fca_msgs/local/lib/python3.10/dist-packages:/home/zhijie/autoware/install/dataspeed_dbw_msgs/local/lib/python3.10/dist-packages:${PYTHONPATH} /usr/bin/cmake --build /home/zhijie/autoware/build/mkz_bywire -- -j16 -l16
[0.036s] [35m[1mConsolidate compiler generated dependencies of target mkz_bywire_component[0m
[0.044s] [ 50%] Built target mkz_bywire
[0.049s] [ 75%] [32mBuilding CXX object CMakeFiles/mkz_bywire_component.dir/src/mkz_bywire.cpp.o[0m
[2.309s] [01m[K/home/zhijie/autoware/src/terasim/preview_control/mkz_bywire/src/mkz_bywire.cpp:[m[K In member function â€˜[01m[Kvoid mkz_bywire::MkzBywire::publishVehState()[m[Kâ€™:
[2.309s] [01m[K/home/zhijie/autoware/src/terasim/preview_control/mkz_bywire/src/mkz_bywire.cpp:214:53:[m[K [01;31m[Kerror: [m[Kâ€˜[01m[Kclass rclcpp::Time[m[Kâ€™ has no member named â€˜[01m[KtoSec[m[Kâ€™
[2.309s]   214 |         vs_msg.timestamp = this->get_clock()->now().[01;31m[KtoSec[m[K();
[2.309s]       |                                                     [01;31m[K^~~~~[m[K
[2.309s] [01m[K/home/zhijie/autoware/src/terasim/preview_control/mkz_bywire/src/mkz_bywire.cpp:[m[K In member function â€˜[01m[Kvoid mkz_bywire::MkzBywire::publishSensorcheck()[m[Kâ€™:
[2.309s] [01m[K/home/zhijie/autoware/src/terasim/preview_control/mkz_bywire/src/mkz_bywire.cpp:220:57:[m[K [01;31m[Kerror: [m[Kâ€˜[01m[Kclass rclcpp::Time[m[Kâ€™ has no member named â€˜[01m[KtoSec[m[Kâ€™
[2.309s]   220 |         sensor_msg.timestamp = this->get_clock()->now().[01;31m[KtoSec[m[K();
[2.309s]       |                                                         [01;31m[K^~~~~[m[K
[12.595s] gmake[2]: *** [CMakeFiles/mkz_bywire_component.dir/build.make:76: CMakeFiles/mkz_bywire_component.dir/src/mkz_bywire.cpp.o] Error 1
[12.595s] gmake[1]: *** [CMakeFiles/Makefile2:139: CMakeFiles/mkz_bywire_component.dir/all] Error 2
[12.596s] gmake: *** [Makefile:146: all] Error 2
[12.597s] Invoked command in '/home/zhijie/autoware/build/mkz_bywire' returned '2': AMENT_PREFIX_PATH=/home/zhijie/autoware/install/autoware_cmake:/home/zhijie/autoware/install/mcity_msgs:/home/zhijie/autoware/install/dbw_fca_msgs:/home/zhijie/autoware/install/dataspeed_dbw_msgs:/home/zhijie/autoware/install/autoware_lint_common:${AMENT_PREFIX_PATH} CMAKE_PREFIX_PATH=/home/zhijie/autoware/install/autoware_cmake:/home/zhijie/autoware/install/mcity_msgs:/home/zhijie/autoware/install/dbw_fca_msgs:/home/zhijie/autoware/install/dataspeed_dbw_msgs:/home/zhijie/autoware/install/autoware_lint_common:/opt/ros/humble LD_LIBRARY_PATH=/home/zhijie/autoware/install/mcity_msgs/lib:/home/zhijie/autoware/install/dbw_fca_msgs/lib:/home/zhijie/autoware/install/dataspeed_dbw_msgs/lib:${LD_LIBRARY_PATH} PYTHONPATH=/home/zhijie/autoware/install/mcity_msgs/local/lib/python3.10/dist-packages:/home/zhijie/autoware/install/dbw_fca_msgs/local/lib/python3.10/dist-packages:/home/zhijie/autoware/install/dataspeed_dbw_msgs/local/lib/python3.10/dist-packages:${PYTHONPATH} /usr/bin/cmake --build /home/zhijie/autoware/build/mkz_bywire -- -j16 -l16
