[ 50%] Built target preview_path_gen
[ 70%] Built target preview_control_component
[ 80%] Built target preview_control
[35m[1mConsolidate compiler generated dependencies of target preview_path_gen_component[0m
[ 90%] [32mBuilding CXX object CMakeFiles/preview_path_gen_component.dir/src/preview_path_gen.cpp.o[0m
[01m[K/home/zhijie/autoware/src/terasim/preview_control/preview_control/src/preview_path_gen.cpp:[m[K In member function â€˜[01m[Kvoid preview_path_gen::PreviewPathGen::compute_desired_speed_and_acceleration(int)[m[Kâ€™:
[01m[K/home/zhijie/autoware/src/terasim/preview_control/preview_control/src/preview_path_gen.cpp:206:69:[m[K [01;31m[Kerror: [m[Kunused parameter â€˜[01m[Kclosest_point_idx[m[Kâ€™ [[01;31m[K]8;;https://gcc.gnu.org/onlinedocs/gcc/Warning-Options.html#index-Wunused-parameter-Werror=unused-parameter]8;;[m[K]
  206 |     void PreviewPathGen::compute_desired_speed_and_acceleration([01;31m[Kint closest_point_idx[m[K){
      |                                                                 [01;31m[K~~~~^~~~~~~~~~~~~~~~~[m[K
cc1plus: all warnings being treated as errors
gmake[2]: *** [CMakeFiles/preview_path_gen_component.dir/build.make:76: CMakeFiles/preview_path_gen_component.dir/src/preview_path_gen.cpp.o] Error 1
gmake[1]: *** [CMakeFiles/Makefile2:195: CMakeFiles/preview_path_gen_component.dir/all] Error 2
gmake: *** [Makefile:146: all] Error 2
