[35m[1mConsolidate compiler generated dependencies of target mkz_bywire_component[0m
[ 50%] Built target mkz_bywire
[ 75%] [32mBuilding CXX object CMakeFiles/mkz_bywire_component.dir/src/mkz_bywire.cpp.o[0m
[01m[K/home/zhijie/autoware/src/terasim/preview_control/mkz_bywire/src/mkz_bywire.cpp:[m[K In member function â€˜[01m[Kvoid mkz_bywire::MkzBywire::gpsFixCB(sensor_msgs::msg::NavSatFix_<std::allocator<void> >::SharedPtr)[m[Kâ€™:
[01m[K/home/zhijie/autoware/src/terasim/preview_control/mkz_bywire/src/mkz_bywire.cpp:305:49:[m[K [01;31m[Kerror: [m[Kâ€˜[01m[Kusing _header_type = struct std_msgs::msg::Header_<std::allocator<void> >[m[Kâ€™ {aka â€˜[01m[Kstruct std_msgs::msg::Header_<std::allocator<void> >[m[Kâ€™} has no member named â€˜[01m[Kseq[m[Kâ€™
  305 |         vs_msg.rtk_seq_num        = msg->header.[01;31m[Kseq[m[K;
      |                                                 [01;31m[K^~~[m[K
[01m[K/home/zhijie/autoware/src/terasim/preview_control/mkz_bywire/src/mkz_bywire.cpp:307:55:[m[K [01;31m[Kerror: [m[Kâ€˜[01m[Kusing _stamp_type = struct builtin_interfaces::msg::Time_<std::allocator<void> >[m[Kâ€™ {aka â€˜[01m[Kstruct builtin_interfaces::msg::Time_<std::allocator<void> >[m[Kâ€™} has no member named â€˜[01m[Knsec[m[Kâ€™; did you mean â€˜[01m[Ksec[m[Kâ€™?
  307 |         vs_msg.rtk_timestamp_nsec = msg->header.stamp.[01;31m[Knsec[m[K;
      |                                                       [01;31m[K^~~~[m[K
      |                                                       [32m[Ksec[m[K
[01m[K/home/zhijie/autoware/src/terasim/preview_control/mkz_bywire/src/mkz_bywire.cpp:317:61:[m[K [01;31m[Kerror: [m[Kâ€˜[01m[Kusing _stamp_type = struct builtin_interfaces::msg::Time_<std::allocator<void> >[m[Kâ€™ {aka â€˜[01m[Kstruct builtin_interfaces::msg::Time_<std::allocator<void> >[m[Kâ€™} has no member named â€˜[01m[Knsec[m[Kâ€™; did you mean â€˜[01m[Ksec[m[Kâ€™?
  317 |         sensor_msg.rtk_timestamp_nsec   = msg->header.stamp.[01;31m[Knsec[m[K;
      |                                                             [01;31m[K^~~~[m[K
      |                                                             [32m[Ksec[m[K
[01m[K/home/zhijie/autoware/src/terasim/preview_control/mkz_bywire/src/mkz_bywire.cpp:318:55:[m[K [01;31m[Kerror: [m[Kâ€˜[01m[Kusing _header_type = struct std_msgs::msg::Header_<std::allocator<void> >[m[Kâ€™ {aka â€˜[01m[Kstruct std_msgs::msg::Header_<std::allocator<void> >[m[Kâ€™} has no member named â€˜[01m[Kseq[m[Kâ€™
  318 |         sensor_msg.rtk_seq_num          = msg->header.[01;31m[Kseq[m[K;
      |                                                       [01;31m[K^~~[m[K
gmake[2]: *** [CMakeFiles/mkz_bywire_component.dir/build.make:76: CMakeFiles/mkz_bywire_component.dir/src/mkz_bywire.cpp.o] Error 1
gmake[1]: *** [CMakeFiles/Makefile2:139: CMakeFiles/mkz_bywire_component.dir/all] Error 2
gmake: *** [Makefile:146: all] Error 2
