[35m[1mConsolidate compiler generated dependencies of target preview_control_component[0m
[ 50%] Built target preview_control
[ 75%] [32mBuilding CXX object CMakeFiles/preview_control_component.dir/src/preview_control.cpp.o[0m
[01m[K/home/zhijie/autoware/src/terasim/preview_control/preview_control/src/preview_control.cpp:[m[K In constructor â€˜[01m[Kpreview_control::PreviewControl::PreviewControl(const rclcpp::NodeOptions&)[m[Kâ€™:
[01m[K/home/zhijie/autoware/src/terasim/preview_control/preview_control/src/preview_control.cpp:26:13:[m[K [01;31m[Kerror: [m[Kcannot convert â€˜[01m[KPlan_Rlt_S**[m[Kâ€™ to â€˜[01m[KPlan_Rlt_S*[m[Kâ€™
   26 |             [01;31m[K&_p2c[m[K,
      |             [01;31m[K^~~~~[m[K
      |             [01;31m[K|[m[K
      |             [01;31m[KPlan_Rlt_S**[m[K
In file included from [01m[K/home/zhijie/autoware/src/terasim/preview_control/preview_control/include/preview_control.hpp:10[m[K,
                 from [01m[K/home/zhijie/autoware/src/terasim/preview_control/preview_control/src/preview_control.cpp:1[m[K:
[01m[K/home/zhijie/autoware/src/terasim/preview_control/preview_control/include/path_follow.hpp:56:28:[m[K [01;36m[Knote: [m[K  initializing argument 1 of â€˜[01m[Kvoid PathFollowing::ini(Plan_Rlt_S*, VehState_S*, Control_Value_S*, std::string, float, float)[m[Kâ€™
   56 |         [01;36m[KPlan_Rlt_S * const planning2control_msg[m[K,
      |         [01;36m[K~~~~~~~~~~~~~~~~~~~^~~~~~~~~~~~~~~~~~~~[m[K
gmake[2]: *** [CMakeFiles/preview_control_component.dir/build.make:76: CMakeFiles/preview_control_component.dir/src/preview_control.cpp.o] Error 1
gmake[1]: *** [CMakeFiles/Makefile2:139: CMakeFiles/preview_control_component.dir/all] Error 2
gmake: *** [Makefile:146: all] Error 2
