In file included from [01m[K/home/zhijie/autoware/src/terasim/preview_control/mkz_bywire/src/mkz_bywire.cpp:1[m[K:
[01m[K/home/zhijie/autoware/src/terasim/preview_control/mkz_bywire/include/mkz_bywire.hpp:22:10:[m[K [01;31m[Kfatal error: [m[Kmcity_msg/msg/vehicle_state.hpp: No such file or directory
   22 | #include [01;31m[K<mcity_msg/msg/vehicle_state.hpp>[m[K
      |          [01;31m[K^~~~~~~~~~~~~~~~~~~~~~~~~~~~~~~~~[m[K
compilation terminated.
gmake[2]: *** [CMakeFiles/mkz_bywire_component.dir/build.make:76: CMakeFiles/mkz_bywire_component.dir/src/mkz_bywire.cpp.o] Error 1
gmake[1]: *** [CMakeFiles/Makefile2:139: CMakeFiles/mkz_bywire_component.dir/all] Error 2
gmake: *** [Makefile:146: all] Error 2
