[ 12%] Built target sumo_autoware_real
[ 12%] Built target cav_context_replay
[ 18%] Built target dbw_ulc_converter
[ 25%] Built target cav_context_converter
[ 37%] Built target cav_info_converter
[ 37%] Built target traffic_signal_control_component
[ 43%] Built target traffic_signal_control
[ 50%] Built target sumo_autoware_cosim
[ 56%] Built target gnss_to_pose_twist
[ 62%] Built target cav_info_converter_component
[ 68%] Built target cav_context_converter_component
[ 75%] Built target cav_context_replay_component
[ 81%] Built target sumo_autoware_cosim_component
[ 87%] Built target sumo_autoware_real_component
[35m[1mConsolidate compiler generated dependencies of target gnss_to_pose_twist_component[0m
[ 90%] [32mBuilding CXX object CMakeFiles/gnss_to_pose_twist_component.dir/src/gnss_to_pose_twist.cpp.o[0m
[01m[K/home/zhijie/autoware/src/terasim/mcity_terasim/src/gnss_to_pose_twist.cpp:[m[K In member function â€˜[01m[Kvoid gnss_to_pose_twist::GnssToPoseTwist::calc_vehicle_quaternion(float&, float&, float&, float&)[m[Kâ€™:
[01m[K/home/zhijie/autoware/src/terasim/mcity_terasim/src/gnss_to_pose_twist.cpp:56:40:[m[K [01;31m[Kerror: [m[Kâ€˜[01m[Kw[m[Kâ€™ was not declared in this scope; did you mean â€˜[01m[Kqw[m[Kâ€™?
   56 |     glm::quat originalQuat = glm::quat([01;31m[Kw[m[K,x,y,z);
      |                                        [01;31m[K^[m[K
      |                                        [32m[Kqw[m[K
[01m[K/home/zhijie/autoware/src/terasim/mcity_terasim/src/gnss_to_pose_twist.cpp:56:42:[m[K [01;31m[Kerror: [m[Kâ€˜[01m[Kx[m[Kâ€™ was not declared in this scope; did you mean â€˜[01m[Kqx[m[Kâ€™?
   56 |     glm::quat originalQuat = glm::quat(w,[01;31m[Kx[m[K,y,z);
      |                                          [01;31m[K^[m[K
      |                                          [32m[Kqx[m[K
[01m[K/home/zhijie/autoware/src/terasim/mcity_terasim/src/gnss_to_pose_twist.cpp:56:44:[m[K [01;31m[Kerror: [m[Kâ€˜[01m[Ky[m[Kâ€™ was not declared in this scope; did you mean â€˜[01m[Kyn[m[Kâ€™?
   56 |     glm::quat originalQuat = glm::quat(w,x,[01;31m[Ky[m[K,z);
      |                                            [01;31m[K^[m[K
      |                                            [32m[Kyn[m[K
[01m[K/home/zhijie/autoware/src/terasim/mcity_terasim/src/gnss_to_pose_twist.cpp:56:46:[m[K [01;31m[Kerror: [m[Kâ€˜[01m[Kz[m[Kâ€™ was not declared in this scope; did you mean â€˜[01m[Kqz[m[Kâ€™?
   56 |     glm::quat originalQuat = glm::quat(w,x,y,[01;31m[Kz[m[K);
      |                                              [01;31m[K^[m[K
      |                                              [32m[Kqz[m[K
gmake[2]: *** [CMakeFiles/gnss_to_pose_twist_component.dir/build.make:76: CMakeFiles/gnss_to_pose_twist_component.dir/src/gnss_to_pose_twist.cpp.o] Error 1
gmake[1]: *** [CMakeFiles/Makefile2:494: CMakeFiles/gnss_to_pose_twist_component.dir/all] Error 2
gmake: *** [Makefile:146: all] Error 2
