[  7%] Built target cav_info_converter
[ 14%] Built target traffic_signal_control
[ 21%] Built target cav_context_replay
[ 28%] Built target cav_context_converter
[ 35%] Built target sumo_autoware_cosim
[ 42%] Built target gnss_to_dummy_pose_twist
[ 50%] Built target gnss_to_pose_twist
[ 57%] Built target traffic_signal_control_component
[ 64%] Built target cav_info_converter_component
[ 71%] Built target cav_context_converter_component
[ 78%] Built target cav_context_replay_component
[ 85%] Built target sumo_autoware_cosim_component
[ 92%] Built target gnss_to_pose_twist_component
[35m[1mConsolidate compiler generated dependencies of target gnss_to_dummy_pose_twist_component[0m
[ 96%] [32mBuilding CXX object CMakeFiles/gnss_to_dummy_pose_twist_component.dir/src/gnss_to_dummy_pose_twist.cpp.o[0m
In file included from [01m[K/home/zhijie/autoware/src/terasim/mcity_terasim/src/gnss_to_dummy_pose_twist.cpp:15[m[K:
[01m[K/home/zhijie/autoware/src/terasim/mcity_terasim/include/gnss_to_dummy_pose_twist.hpp:100:26:[m[K [01;31m[Kerror: [m[Kexpected â€˜[01m[K;[m[Kâ€™ at end of member declaration
  100 |   OccupancyGrid calc_map([01;31m[K)[m[K
      |                          [01;31m[K^[m[K
      |                           [32m[K;[m[K
gmake[2]: *** [CMakeFiles/gnss_to_dummy_pose_twist_component.dir/build.make:76: CMakeFiles/gnss_to_dummy_pose_twist_component.dir/src/gnss_to_dummy_pose_twist.cpp.o] Error 1
gmake[1]: *** [CMakeFiles/Makefile2:490: CMakeFiles/gnss_to_dummy_pose_twist_component.dir/all] Error 2
gmake: *** [Makefile:146: all] Error 2
