[  7%] Built target sumo_autoware_cosim
[ 14%] Built target cav_context_converter
[ 21%] Built target gnss_to_pose_twist
[ 28%] Built target traffic_signal_control_component
[ 35%] Built target cav_info_converter
[ 42%] Built target gnss_to_dummy_pose_twist
[ 50%] Built target traffic_signal_control
[ 57%] Built target cav_context_replay
[ 64%] Built target cav_info_converter_component
[ 71%] Built target cav_context_converter_component
[ 78%] Built target cav_context_replay_component
[ 85%] Built target sumo_autoware_cosim_component
[ 92%] Built target gnss_to_pose_twist_component
[35m[1mConsolidate compiler generated dependencies of target gnss_to_dummy_pose_twist_component[0m
[ 96%] [32mBuilding CXX object CMakeFiles/gnss_to_dummy_pose_twist_component.dir/src/gnss_to_dummy_pose_twist.cpp.o[0m
[01m[K/home/zhijie/autoware/src/terasim/mcity_terasim/src/gnss_to_dummy_pose_twist.cpp:[m[K In member function â€˜[01m[Kvoid gnss_to_dummy_pose_twist::GnssToDummyPoseTwist::pub_localization()[m[Kâ€™:
[01m[K/home/zhijie/autoware/src/terasim/mcity_terasim/src/gnss_to_dummy_pose_twist.cpp:67:5:[m[K [01;31m[Kerror: [m[Kâ€˜[01m[Ksaved_imu_msg[m[Kâ€™ was not declared in this scope
   67 |     [01;31m[Ksaved_imu_msg[m[K.header = header;
      |     [01;31m[K^~~~~~~~~~~~~[m[K
[01m[K/home/zhijie/autoware/src/terasim/mcity_terasim/src/gnss_to_dummy_pose_twist.cpp:69:5:[m[K [01;31m[Kerror: [m[Kâ€˜[01m[Kpredicted_objects_msg[m[Kâ€™ was not declared in this scope; did you mean â€˜[01m[KPredictedObjects[m[Kâ€™?
   69 |     [01;31m[Kpredicted_objects_msg[m[K.header = header;
      |     [01;31m[K^~~~~~~~~~~~~~~~~~~~~[m[K
      |     [32m[KPredictedObjects[m[K
gmake[2]: *** [CMakeFiles/gnss_to_dummy_pose_twist_component.dir/build.make:76: CMakeFiles/gnss_to_dummy_pose_twist_component.dir/src/gnss_to_dummy_pose_twist.cpp.o] Error 1
gmake[1]: *** [CMakeFiles/Makefile2:490: CMakeFiles/gnss_to_dummy_pose_twist_component.dir/all] Error 2
gmake: *** [Makefile:146: all] Error 2
