[35m[1mConsolidate compiler generated dependencies of target dbw_ulc_converter[0m
[ 12%] Built target cav_context_replay
[ 12%] Built target cav_info_converter
[ 18%] Built target cav_context_converter
[ 25%] Built target traffic_signal_control
[ 31%] Built target gnss_to_pose_twist
[ 37%] Built target sumo_autoware_cosim
[ 50%] Built target gnss_to_dummy_pose_twist
[ 50%] Built target dbw_ulc_converter
[ 56%] Built target traffic_signal_control_component
[ 62%] Built target cav_info_converter_component
[ 68%] Built target cav_context_converter_component
[ 75%] Built target cav_context_replay_component
[ 81%] Built target sumo_autoware_cosim_component
[ 87%] Built target gnss_to_pose_twist_component
[ 93%] Built target gnss_to_dummy_pose_twist_component
[35m[1mConsolidate compiler generated dependencies of target dbw_ulc_converter_component[0m
[ 96%] [32mBuilding CXX object CMakeFiles/dbw_ulc_converter_component.dir/src/dbw_ulc_converter.cpp.o[0m
In file included from [01m[K/home/zhijie/autoware/src/terasim/mcity_terasim/src/dbw_ulc_converter.cpp:15[m[K:
[01m[K/home/zhijie/autoware/src/terasim/mcity_terasim/include/dbw_ulc_converter.hpp:69:2:[m[K [01;31m[Kerror: [m[Kexpected â€˜[01m[K;[m[Kâ€™ after class definition
   69 | }
      |  [01;31m[K^[m[K
      |  [32m[K;[m[K
[01m[K/home/zhijie/autoware/src/terasim/mcity_terasim/include/dbw_ulc_converter.hpp:[m[K In member function â€˜[01m[Kdataspeed_ulc_msgs::msg::UlcCmd dbw_ulc_converter::DbwUlcConverter::get_ulc_cmd(float, float)[m[Kâ€™:
[01m[K/home/zhijie/autoware/src/terasim/mcity_terasim/include/dbw_ulc_converter.hpp:67:1:[m[K [01;31m[Kerror: [m[Kno return statement in function returning non-void [[01;31m[K]8;;https://gcc.gnu.org/onlinedocs/gcc/Warning-Options.html#index-Wreturn-type-Werror=return-type]8;;[m[K]
   67 | [01;31m[K}[m[K;
      | [01;31m[K^[m[K
[01m[K/home/zhijie/autoware/src/terasim/mcity_terasim/include/dbw_ulc_converter.hpp:63:28:[m[K [01;31m[Kerror: [m[Kunused parameter â€˜[01m[Kspeed[m[Kâ€™ [[01;31m[K]8;;https://gcc.gnu.org/onlinedocs/gcc/Warning-Options.html#index-Wunused-parameter-Werror=unused-parameter]8;;[m[K]
   63 |   UlcCmd get_ulc_cmd([01;31m[Kfloat speed[m[K, float steering_wheel_angle){
      |                      [01;31m[K~~~~~~^~~~~[m[K
[01m[K/home/zhijie/autoware/src/terasim/mcity_terasim/include/dbw_ulc_converter.hpp:63:41:[m[K [01;31m[Kerror: [m[Kunused parameter â€˜[01m[Ksteering_wheel_angle[m[Kâ€™ [[01;31m[K]8;;https://gcc.gnu.org/onlinedocs/gcc/Warning-Options.html#index-Wunused-parameter-Werror=unused-parameter]8;;[m[K]
   63 |   UlcCmd get_ulc_cmd(float speed, [01;31m[Kfloat steering_wheel_angle[m[K){
      |                                   [01;31m[K~~~~~~^~~~~~~~~~~~~~~~~~~~[m[K
[01m[K/home/zhijie/autoware/src/terasim/mcity_terasim/src/dbw_ulc_converter.cpp:[m[K At global scope:
[01m[K/home/zhijie/autoware/src/terasim/mcity_terasim/src/dbw_ulc_converter.cpp:19:71:[m[K [01;31m[Kerror: [m[Kdefinition of â€˜[01m[Kdbw_ulc_converter::DbwUlcConverter::DbwUlcConverter(const rclcpp::NodeOptions&)[m[Kâ€™ is not in namespace enclosing â€˜[01m[Kdbw_ulc_converter::DbwUlcConverter[m[Kâ€™ [[01;31m[K]8;;https://gcc.gnu.org/onlinedocs/gcc/Warning-Options.html#index-fpermissive-fpermissive]8;;[m[K]
   19 |   DbwUlcConverter::DbwUlcConverter(const rclcpp::NodeOptions & options[01;31m[K)[m[K
      |                                                                       [01;31m[K^[m[K
[01m[K/home/zhijie/autoware/src/terasim/mcity_terasim/src/dbw_ulc_converter.cpp:[m[K In constructor â€˜[01m[Kdbw_ulc_converter::DbwUlcConverter::DbwUlcConverter(const rclcpp::NodeOptions&)[m[Kâ€™:
[01m[K/home/zhijie/autoware/src/terasim/mcity_terasim/src/dbw_ulc_converter.cpp:26:67:[m[K [01;31m[Kerror: [m[Kâ€˜[01m[Ksteer_callback[m[Kâ€™ is not a member of â€˜[01m[Kdbw_ulc_converter::DbwUlcConverter[m[Kâ€™
   26 |    "/vehicle/steering_report", 10, std::bind(&DbwUlcConverter::[01;31m[Ksteer_callback[m[K, this, std::placeholders::_1));
      |                                                                [01;31m[K^~~~~~~~~~~~~~[m[K

[01m[K/home/zhijie/autoware/src/terasim/mcity_terasim/src/dbw_ulc_converter.cpp:28:72:[m[K [01;31m[Kerror: [m[Kâ€˜[01m[Kcontrol_cmd_callback[m[Kâ€™ is not a member of â€˜[01m[Kdbw_ulc_converter::DbwUlcConverter[m[Kâ€™
   28 | vehicle/status/ackermann_cmd", 10, std::bind(&DbwUlcConverter::[01;31m[Kcontrol_cmd_callback[m[K, this, std::placeholders::_1));
      |                                                                [01;31m[K^~~~~~~~~~~~~~~~~~~~[m[K

[01m[K/home/zhijie/autoware/src/terasim/mcity_terasim/src/dbw_ulc_converter.cpp:[m[K At global scope:
[01m[K/home/zhijie/autoware/src/terasim/mcity_terasim/src/dbw_ulc_converter.cpp:34:107:[m[K [01;31m[Kerror: [m[Kdefinition of â€˜[01m[Kautoware_auto_vehicle_msgs::msg::SteeringReport dbw_ulc_converter::DbwUlcConverter::get_steer_msg(float)[m[Kâ€™ is not in namespace enclosing â€˜[01m[Kdbw_ulc_converter::DbwUlcConverter[m[Kâ€™ [[01;31m[K]8;;https://gcc.gnu.org/onlinedocs/gcc/Warning-Options.html#index-fpermissive-fpermissive]8;;[m[K]
   34 | :SteeringReport DbwUlcConverter::get_steer_msg(float steering_tire_angle[01;31m[K)[m[K{
      |                                                                         [01;31m[K^[m[K

[01m[K/home/zhijie/autoware/src/terasim/mcity_terasim/src/dbw_ulc_converter.cpp:41:78:[m[K [01;31m[Kerror: [m[Kdefinition of â€˜[01m[Kdataspeed_ulc_msgs::msg::UlcCmd dbw_ulc_converter::DbwUlcConverter::get_ulc_cmd(float, float)[m[Kâ€™ is not in namespace enclosing â€˜[01m[Kdbw_ulc_converter::DbwUlcConverter[m[Kâ€™ [[01;31m[K]8;;https://gcc.gnu.org/onlinedocs/gcc/Warning-Options.html#index-fpermissive-fpermissive]8;;[m[K]
   41 | Cmd DbwUlcConverter::get_ulc_cmd(float speed, float steering_wheel_angle[01;31m[K)[m[K{
      |                                                                         [01;31m[K^[m[K

[01m[K/home/zhijie/autoware/src/terasim/mcity_terasim/src/dbw_ulc_converter.cpp:41:10:[m[K [01;31m[Kerror: [m[Kredefinition of â€˜[01m[Kdataspeed_ulc_msgs::msg::UlcCmd dbw_ulc_converter::DbwUlcConverter::get_ulc_cmd(float, float)[m[Kâ€™
   41 |   UlcCmd [01;31m[KDbwUlcConverter[m[K::get_ulc_cmd(float speed, float steering_wheel_angle){
      |          [01;31m[K^~~~~~~~~~~~~~~[m[K
In file included from [01m[K/home/zhijie/autoware/src/terasim/mcity_terasim/src/dbw_ulc_converter.cpp:15[m[K:
[01m[K/home/zhijie/autoware/src/terasim/mcity_terasim/include/dbw_ulc_converter.hpp:63:10:[m[K [01;36m[Knote: [m[Kâ€˜[01m[Kdataspeed_ulc_msgs::msg::UlcCmd dbw_ulc_converter::DbwUlcConverter::get_ulc_cmd(float, float)[m[Kâ€™ previously defined here
   63 |   UlcCmd [01;36m[Kget_ulc_cmd[m[K(float speed, float steering_wheel_angle){
      |          [01;36m[K^~~~~~~~~~~[m[K
[01m[K/home/zhijie/autoware/src/terasim/mcity_terasim/src/dbw_ulc_converter.cpp:[m[K In function â€˜[01m[Kvoid dbw_ulc_converter::dbw_ulc_converter::steer_callback(dbw_ford_msgs::msg::SteeringReport_<std::allocator<void> >::SharedPtr)[m[Kâ€™:
[01m[K/home/zhijie/autoware/src/terasim/mcity_terasim/src/dbw_ulc_converter.cpp:63:5:[m[K [01;31m[Kerror: [m[Kâ€˜[01m[Ksaved_steer_msg[m[Kâ€™ was not declared in this scope
   63 |     [01;31m[Ksaved_steer_msg[m[K = *msg;
      |     [01;31m[K^~~~~~~~~~~~~~~[m[K
[01m[K/home/zhijie/autoware/src/terasim/mcity_terasim/src/dbw_ulc_converter.cpp:64:5:[m[K [01;31m[Kerror: [m[Kâ€˜[01m[Ksteer_status[m[Kâ€™ was not declared in this scope; did you mean â€˜[01m[Ksi_status[m[Kâ€™?
   64 |     [01;31m[Ksteer_status[m[K = true;
      |     [01;31m[K^~~~~~~~~~~~[m[K
      |     [32m[Ksi_status[m[K
[01m[K/home/zhijie/autoware/src/terasim/mcity_terasim/src/dbw_ulc_converter.cpp:[m[K In function â€˜[01m[Kvoid dbw_ulc_converter::dbw_ulc_converter::control_cmd_callback(autoware_auto_control_msgs::msg::AckermannControlCommand_<std::allocator<void> >::SharedPtr)[m[Kâ€™:
[01m[K/home/zhijie/autoware/src/terasim/mcity_terasim/src/dbw_ulc_converter.cpp:68:5:[m[K [01;31m[Kerror: [m[Kâ€˜[01m[Ksaved_control_cmd_msg[m[Kâ€™ was not declared in this scope
   68 |     [01;31m[Ksaved_control_cmd_msg[m[K = *msg;
      |     [01;31m[K^~~~~~~~~~~~~~~~~~~~~[m[K
[01m[K/home/zhijie/autoware/src/terasim/mcity_terasim/src/dbw_ulc_converter.cpp:69:5:[m[K [01;31m[Kerror: [m[Kâ€˜[01m[Kcontrol_status[m[Kâ€™ was not declared in this scope
   69 |     [01;31m[Kcontrol_status[m[K = true;
      |     [01;31m[K^~~~~~~~~~~~~~[m[K
[01m[K/home/zhijie/autoware/src/terasim/mcity_terasim/src/dbw_ulc_converter.cpp:[m[K In function â€˜[01m[Kvoid dbw_ulc_converter::dbw_ulc_converter::on_timer()[m[Kâ€™:
[01m[K/home/zhijie/autoware/src/terasim/mcity_terasim/src/dbw_ulc_converter.cpp:73:10:[m[K [01;31m[Kerror: [m[Kâ€˜[01m[Ksteer_status[m[Kâ€™ was not declared in this scope; did you mean â€˜[01m[Ksi_status[m[Kâ€™?
   73 |     if (![01;31m[Ksteer_status[m[K || !control_status){
      |          [01;31m[K^~~~~~~~~~~~[m[K
      |          [32m[Ksi_status[m[K
[01m[K/home/zhijie/autoware/src/terasim/mcity_terasim/src/dbw_ulc_converter.cpp:73:27:[m[K [01;31m[Kerror: [m[Kâ€˜[01m[Kcontrol_status[m[Kâ€™ was not declared in this scope
   73 |     if (!steer_status || ![01;31m[Kcontrol_status[m[K){
      |                           [01;31m[K^~~~~~~~~~~~~~[m[K
[01m[K/home/zhijie/autoware/src/terasim/mcity_terasim/src/dbw_ulc_converter.cpp:77:5:[m[K [01;31m[Kerror: [m[Kâ€˜[01m[Ksteer_status[m[Kâ€™ was not declared in this scope; did you mean â€˜[01m[Ksi_status[m[Kâ€™?
   77 |     [01;31m[Ksteer_status[m[K = false;
      |     [01;31m[K^~~~~~~~~~~~[m[K
      |     [32m[Ksi_status[m[K
[01m[K/home/zhijie/autoware/src/terasim/mcity_terasim/src/dbw_ulc_converter.cpp:78:5:[m[K [01;31m[Kerror: [m[Kâ€˜[01m[Kcontrol_status[m[Kâ€™ was not declared in this scope
   78 |     [01;31m[Kcontrol_status[m[K = false;
      |     [01;31m[K^~~~~~~~~~~~~~[m[K
[01m[K/home/zhijie/autoware/src/terasim/mcity_terasim/src/dbw_ulc_converter.cpp:80:20:[m[K [01;31m[Kerror: [m[Kâ€˜[01m[Ksaved_control_cmd_msg[m[Kâ€™ was not declared in this scope
   80 |     double speed = [01;31m[Ksaved_control_cmd_msg[m[K.LongitudinalCommand.speed;
      |                    [01;31m[K^~~~~~~~~~~~~~~~~~~~~[m[K
[01m[K/home/zhijie/autoware/src/terasim/mcity_terasim/src/dbw_ulc_converter.cpp:81:34:[m[K [01;31m[Kerror: [m[Kâ€˜[01m[Ksaved_steer_msg[m[Kâ€™ was not declared in this scope
   81 |     double steering_tire_angle = [01;31m[Ksaved_steer_msg[m[K.steering_wheel_angle / 12.0;
      |                                  [01;31m[K^~~~~~~~~~~~~~~[m[K
[01m[K/home/zhijie/autoware/src/terasim/mcity_terasim/src/dbw_ulc_converter.cpp:83:22:[m[K [01;31m[Kerror: [m[Kâ€˜[01m[Kget_steer_msg[m[Kâ€™ was not declared in this scope; did you mean â€˜[01m[Ksteer_msg[m[Kâ€™?
   83 |     auto steer_msg = [01;31m[Kget_steer_msg[m[K(steering_tire_angle);
      |                      [01;31m[K^~~~~~~~~~~~~[m[K
      |                      [32m[Ksteer_msg[m[K
[01m[K/home/zhijie/autoware/src/terasim/mcity_terasim/src/dbw_ulc_converter.cpp:84:36:[m[K [01;31m[Kerror: [m[Kâ€˜[01m[Ksspeed[m[Kâ€™ was not declared in this scope; did you mean â€˜[01m[Kspeed[m[Kâ€™?
   84 |     auto ulc_cmd_msg = get_ulc_cmd([01;31m[Ksspeed[m[K, steering_tire_angle);
      |                                    [01;31m[K^~~~~~[m[K
      |                                    [32m[Kspeed[m[K
[01m[K/home/zhijie/autoware/src/terasim/mcity_terasim/src/dbw_ulc_converter.cpp:84:24:[m[K [01;31m[Kerror: [m[Kâ€˜[01m[Kget_ulc_cmd[m[Kâ€™ was not declared in this scope
   84 |     auto ulc_cmd_msg = [01;31m[Kget_ulc_cmd[m[K(sspeed, steering_tire_angle);
      |                        [01;31m[K^~~~~~~~~~~[m[K
[01m[K/home/zhijie/autoware/src/terasim/mcity_terasim/src/dbw_ulc_converter.cpp:86:5:[m[K [01;31m[Kerror: [m[Kâ€˜[01m[Kpub_steer[m[Kâ€™ was not declared in this scope
   86 |     [01;31m[Kpub_steer[m[K->publish(steer_msg);
      |     [01;31m[K^~~~~~~~~[m[K
[01m[K/home/zhijie/autoware/src/terasim/mcity_terasim/src/dbw_ulc_converter.cpp:87:5:[m[K [01;31m[Kerror: [m[Kâ€˜[01m[Kpub_ulc_cmd[m[Kâ€™ was not declared in this scope
   87 |     [01;31m[Kpub_ulc_cmd[m[K->publish(ulc_cmd_msg);
      |     [01;31m[K^~~~~~~~~~~[m[K
[01m[K/home/zhijie/autoware/src/terasim/mcity_terasim/src/dbw_ulc_converter.cpp:80:12:[m[K [01;31m[Kerror: [m[Kunused variable â€˜[01m[Kspeed[m[Kâ€™ [[01;31m[K]8;;https://gcc.gnu.org/onlinedocs/gcc/Warning-Options.html#index-Wunused-variable-Werror=unused-variable]8;;[m[K]
   80 |     double [01;31m[Kspeed[m[K = saved_control_cmd_msg.LongitudinalCommand.speed;
      |            [01;31m[K^~~~~[m[K
In file included from [01m[K/opt/ros/humble/include/class_loader/class_loader/class_loader.hpp:56[m[K,
                 from [01m[K/opt/ros/humble/include/rclcpp_components/rclcpp_components/register_node_macro.hpp:18[m[K,
                 from [01m[K/home/zhijie/autoware/src/terasim/mcity_terasim/include/dbw_ulc_converter.hpp:21[m[K,
                 from [01m[K/home/zhijie/autoware/src/terasim/mcity_terasim/src/dbw_ulc_converter.cpp:15[m[K:
[01m[K/home/zhijie/autoware/src/terasim/mcity_terasim/src/dbw_ulc_converter.cpp:[m[K At global scope:
[01m[K/home/zhijie/autoware/src/terasim/mcity_terasim/src/dbw_ulc_converter.cpp:91:52:[m[K [01;31m[Kerror: [m[Kâ€˜[01m[KDbwUlcConverter[m[Kâ€™ is not a member of â€˜[01m[Kdbw_ulc_converter::dbw_ulc_converter[m[Kâ€™; did you mean â€˜[01m[Kdbw_ulc_converter::DbwUlcConverter[m[Kâ€™?
   91 | RCLCPP_COMPONENTS_REGISTER_NODE(dbw_ulc_converter::[01;31m[KDbwUlcConverter[m[K)
      |                                                    [01;31m[K^~~~~~~~~~~~~~~[m[K
In file included from [01m[K/home/zhijie/autoware/src/terasim/mcity_terasim/src/dbw_ulc_converter.cpp:15[m[K:
[01m[K/home/zhijie/autoware/src/terasim/mcity_terasim/include/dbw_ulc_converter.hpp:37:7:[m[K [01;36m[Knote: [m[Kâ€˜[01m[Kdbw_ulc_converter::DbwUlcConverter[m[Kâ€™ declared here
   37 | class [01;36m[KDbwUlcConverter[m[K : public rclcpp::Node
      |       [01;36m[K^~~~~~~~~~~~~~~[m[K
In file included from [01m[K/opt/ros/humble/include/class_loader/class_loader/class_loader.hpp:56[m[K,
                 from [01m[K/opt/ros/humble/include/rclcpp_components/rclcpp_components/register_node_macro.hpp:18[m[K,
                 from [01m[K/home/zhijie/autoware/src/terasim/mcity_terasim/include/dbw_ulc_converter.hpp:21[m[K,
                 from [01m[K/home/zhijie/autoware/src/terasim/mcity_terasim/src/dbw_ulc_converter.cpp:15[m[K:
[01m[K/home/zhijie/autoware/src/terasim/mcity_terasim/src/dbw_ulc_converter.cpp:91:1:[m[K [01;31m[Kerror: [m[Ktemplate argument 1 is invalid
   91 | [01;31m[KRCLCPP_COMPONENTS_REGISTER_NODE[m[K(dbw_ulc_converter::DbwUlcConverter)
      | [01;31m[K^~~~~~~~~~~~~~~~~~~~~~~~~~~~~~~[m[K
[01m[K/home/zhijie/autoware/src/terasim/mcity_terasim/src/dbw_ulc_converter.cpp:91:1:[m[K [01;31m[Kerror: [m[Kexpected â€˜[01m[K}[m[Kâ€™ at end of input
   91 | [01;31m[KRCLCPP_COMPONENTS_REGISTER_NODE[m[K(dbw_ulc_converter::DbwUlcConverter)
      | [01;31m[K^~~~~~~~~~~~~~~~~~~~~~~~~~~~~~~[m[K
In file included from [01m[K/home/zhijie/autoware/src/terasim/mcity_terasim/src/dbw_ulc_converter.cpp:15[m[K:
[01m[K/home/zhijie/autoware/src/terasim/mcity_terasim/include/dbw_ulc_converter.hpp:29:1:[m[K [01;36m[Knote: [m[Kto match this â€˜[01m[K{[m[Kâ€™
   29 | [01;36m[K{[m[K
      | [01;36m[K^[m[K
In file included from [01m[K/opt/ros/humble/include/class_loader/class_loader/class_loader_core.hpp:57[m[K,
                 from [01m[K/opt/ros/humble/include/class_loader/class_loader/class_loader.hpp:55[m[K,
                 from [01m[K/opt/ros/humble/include/rclcpp_components/rclcpp_components/register_node_macro.hpp:18[m[K,
                 from [01m[K/home/zhijie/autoware/src/terasim/mcity_terasim/include/dbw_ulc_converter.hpp:21[m[K,
                 from [01m[K/home/zhijie/autoware/src/terasim/mcity_terasim/src/dbw_ulc_converter.cpp:15[m[K:
/opt/ros/humble/include/class_loader/class_loader/meta_object.hpp: In instantiation of â€˜[01m[KB* class_loader::impl::MetaObject<C, B>::create() const [with C = int; B = rclcpp_components::NodeFactory][m[Kâ€™:
[01m[K/opt/ros/humble/include/class_loader/class_loader/meta_object.hpp:216:7:[m[K   required from here
[01m[K/opt/ros/humble/include/class_loader/class_loader/meta_object.hpp:218:12:[m[K [01;31m[Kerror: [m[Kcannot convert â€˜[01m[Kint*[m[Kâ€™ to â€˜[01m[Krclcpp_components::NodeFactory*[m[Kâ€™ in return
  218 |     return [01;31m[Knew C[m[K;
      |            [01;31m[K^~~~~[m[K
      |            [01;31m[K|[m[K
      |            [01;31m[Kint*[m[K
cc1plus: all warnings being treated as errors
gmake[2]: *** [CMakeFiles/dbw_ulc_converter_component.dir/build.make:76: CMakeFiles/dbw_ulc_converter_component.dir/src/dbw_ulc_converter.cpp.o] Error 1
gmake[1]: *** [CMakeFiles/Makefile2:552: CMakeFiles/dbw_ulc_converter_component.dir/all] Error 2
gmake: *** [Makefile:146: all] Error 2
